<?xml version="1.0" encoding="UTF-8"?>
<testsuites name="TS_Web" time="134" tests="8" failures="2" errors="0">
   <testsuite name="TS_Web" tests="8" failures="2" errors="0" time="134" timestamp="2018-09-19 08:51:48" hostname="Agato - 192.168.1.4" id="Test Suites/TS_Web">
      <properties>
         <property name="deviceName" value=""/>
         <property name="devicePlatform" value=""/>
         <property name="logFolder" value="C:\\Users\\Agato\\git\\Abaxis\\Reports\\TS_Web\\20180919_085146"/>
         <property name="logFiles" value="C:\\Users\\Agato\\git\\Abaxis\\Reports\\TS_Web\\20180919_085146\\execution0.log"/>
         <property name="attachments" value="C:\\Users\\Agato\\git\\Abaxis\\Reports\\TS_Web\\20180919_085146\\1537339970116.png"/>
         <property name="hostName" value="Agato - 192.168.1.4"/>
         <property name="os" value="Windows 10 64bit"/>
         <property name="katalonVersion" value="5.7.1.1"/>
         <property name="browser" value="Chrome 68.0.3440.106"/>
         <property name="hostAddress" value="192.168.1.4"/>
         <property name="sessionId" value="9bfdd6e0a48b196faba40748eacd4302"/>
         <property name="seleniumVersion" value="3.7.1"/>
         <property name="proxyInformation" value="ProxyInformation{proxyOption=NO_PROXY, proxyServerType=HTTP, password=, proxyServerAddress=, proxyServerPort=0}"/>
         <property name="platform" value="Windows 10"/>
      </properties>
      <testcase name="Test Cases/Web/BO FUSE/TC/TC_Login" classname="Test Cases/Web/BO FUSE/TC/TC_Login" status="PASSED">
         <system-out><![CDATA[2018-09-19 08:51:48 - [TEST_CASE][PASSED] - Test Cases/Web/BO FUSE/TC/TC_Login: Test Cases/Web/BO FUSE/TC/TC_Login

2018-09-19 08:51:48 - [TEST_STEP][PASSED] - Start listener action : sampleBeforeTestCase: Invoke 'com.kms.katalon.core.annotation.BeforeTestCase' method: 'NewTestListener.sampleBeforeTestCase(...)' completed.

2018-09-19 08:51:48 - [TEST_STEP][PASSED] - Statement - println(testCaseContext.getTestCaseId()): null

2018-09-19 08:51:48 - [TEST_STEP][PASSED] - Statement - println(testCaseContext.getTestCaseVariables()): Invoke 'com.kms.katalon.core.annotation.BeforeTestCase' method: 'NewTestListener.sampleBeforeTestCase(...)' completed.

2018-09-19 08:51:49 - [TEST_STEP][PASSED] - callTestCase: Call Test Case 'Test Cases/Web/BO FUSE/Lib/OpenBrowser' successfully

2018-09-19 08:51:49 - [TEST_CASE][PASSED] - Test Cases/Web/BO FUSE/Lib/OpenBrowser: Test Cases/Web/BO FUSE/Lib/OpenBrowser

2018-09-19 08:51:49 - [TEST_STEP][PASSED] - openBrowser: Browser is opened with url: ''

2018-09-19 08:51:52 - [MESSAGE][PASSED] - Browser is opened with url: ''

2018-09-19 08:51:52 - [TEST_STEP][PASSED] - navigateToUrl: Navigate to 'https://fusedev-public.opentrends.net/vetscan-fuse/login.do;jsessionid=CD400AB63E662264D13AEC8ED7B72AE4' successfully

2018-09-19 08:51:53 - [MESSAGE][PASSED] - Navigate to 'https://fusedev-public.opentrends.net/vetscan-fuse/login.do;jsessionid=CD400AB63E662264D13AEC8ED7B72AE4' successfully

2018-09-19 08:51:53 - [TEST_STEP][PASSED] - callTestCase: Call Test Case 'Test Cases/Web/Delay' successfully

2018-09-19 08:51:53 - [TEST_CASE][PASSED] - Test Cases/Web/Delay: Test Cases/Web/Delay

2018-09-19 08:51:53 - [TEST_STEP][PASSED] - Statement - return null: null

2018-09-19 08:51:53 - [MESSAGE][PASSED] - Call Test Case 'Test Cases/Web/Delay' successfully

2018-09-19 08:51:53 - [TEST_STEP][PASSED] - maximizeWindow: Current window maximized

2018-09-19 08:51:54 - [MESSAGE][PASSED] - Current window maximized

2018-09-19 08:51:54 - [MESSAGE][PASSED] - Call Test Case 'Test Cases/Web/BO FUSE/Lib/OpenBrowser' successfully

2018-09-19 08:51:54 - [TEST_STEP][PASSED] - callTestCase: Call Test Case 'Test Cases/Web/BO FUSE/Lib/Login' successfully

2018-09-19 08:51:54 - [TEST_CASE][PASSED] - Test Cases/Web/BO FUSE/Lib/Login: Test Cases/Web/BO FUSE/Lib/Login

2018-09-19 08:51:55 - [TEST_STEP][PASSED] - setText: Text 'admin' is set on object 'Object Repository/WEB/BO FUSE/Page_VetScan FUSE - Backoffice/input_j_username'

2018-09-19 08:51:55 - [MESSAGE][PASSED] - Text 'admin' is set on object 'Object Repository/WEB/BO FUSE/Page_VetScan FUSE - Backoffice/input_j_username'

2018-09-19 08:51:55 - [TEST_STEP][PASSED] - setEncryptedText: Text ****** has been set on object 'Object Repository/WEB/BO FUSE/Page_VetScan FUSE - Backoffice/input_j_password'

2018-09-19 08:51:55 - [MESSAGE][PASSED] - Text ****** has been set on object 'Object Repository/WEB/BO FUSE/Page_VetScan FUSE - Backoffice/input_j_password'

2018-09-19 08:51:55 - [TEST_STEP][PASSED] - click: Object: 'Object Repository/WEB/BO FUSE/Page_VetScan FUSE - Backoffice/div_LOG IN' is clicked on

2018-09-19 08:51:56 - [MESSAGE][PASSED] - Object: 'Object Repository/WEB/BO FUSE/Page_VetScan FUSE - Backoffice/div_LOG IN' is clicked on

2018-09-19 08:51:56 - [MESSAGE][PASSED] - Call Test Case 'Test Cases/Web/BO FUSE/Lib/Login' successfully

2018-09-19 08:51:56 - [TEST_STEP][PASSED] - callTestCase: Call Test Case 'Test Cases/Web/BO FUSE/Lib/CloseBrowser' successfully

2018-09-19 08:51:56 - [TEST_CASE][PASSED] - Test Cases/Web/BO FUSE/Lib/CloseBrowser: Test Cases/Web/BO FUSE/Lib/CloseBrowser

2018-09-19 08:51:56 - [TEST_STEP][PASSED] - closeBrowser: Browser is closed

2018-09-19 08:51:57 - [MESSAGE][PASSED] - Browser is closed

2018-09-19 08:51:57 - [MESSAGE][PASSED] - Call Test Case 'Test Cases/Web/BO FUSE/Lib/CloseBrowser' successfully

2018-09-19 08:51:57 - [TEST_STEP][PASSED] - Start listener action : sampleAfterTestCase: Invoke 'com.kms.katalon.core.annotation.AfterTestCase' method: 'NewTestListener.sampleAfterTestCase(...)' completed.

2018-09-19 08:51:57 - [TEST_STEP][PASSED] - Statement - println(testCaseContext.getTestCaseId()): null

2018-09-19 08:51:57 - [TEST_STEP][PASSED] - Statement - println(testCaseContext.getTestCaseStatus()): Invoke 'com.kms.katalon.core.annotation.AfterTestCase' method: 'NewTestListener.sampleAfterTestCase(...)' completed.]]></system-out>
         <system-err><![CDATA[]]></system-err>
      </testcase>
      <testcase name="Test Cases/Web/FUSE/TC/TC_LoginFUSE" classname="Test Cases/Web/FUSE/TC/TC_LoginFUSE" status="PASSED">
         <system-out><![CDATA[2018-09-19 08:51:59 - [TEST_CASE][PASSED] - Test Cases/Web/FUSE/TC/TC_LoginFUSE: Test Cases/Web/FUSE/TC/TC_LoginFUSE

2018-09-19 08:51:59 - [TEST_STEP][PASSED] - Start listener action : sampleBeforeTestCase: Invoke 'com.kms.katalon.core.annotation.BeforeTestCase' method: 'NewTestListener.sampleBeforeTestCase(...)' completed.

2018-09-19 08:51:59 - [TEST_STEP][PASSED] - Statement - println(testCaseContext.getTestCaseId()): null

2018-09-19 08:51:59 - [TEST_STEP][PASSED] - Statement - println(testCaseContext.getTestCaseVariables()): Invoke 'com.kms.katalon.core.annotation.BeforeTestCase' method: 'NewTestListener.sampleBeforeTestCase(...)' completed.

2018-09-19 08:51:59 - [TEST_STEP][PASSED] - callTestCase: Call Test Case 'Test Cases/Web/FUSE/Lib/OpenBrowser' successfully

2018-09-19 08:51:59 - [TEST_CASE][PASSED] - Test Cases/Web/FUSE/Lib/OpenBrowser: Test Cases/Web/FUSE/Lib/OpenBrowser

2018-09-19 08:52:00 - [TEST_STEP][PASSED] - openBrowser: Browser is opened with url: ''

2018-09-19 08:52:01 - [MESSAGE][PASSED] - Browser is opened with url: ''

2018-09-19 08:52:01 - [TEST_STEP][PASSED] - navigateToUrl: Navigate to 'http://192.168.1.150:8080/' successfully

2018-09-19 08:52:05 - [MESSAGE][PASSED] - Navigate to 'http://192.168.1.150:8080/' successfully

2018-09-19 08:52:05 - [TEST_STEP][PASSED] - callTestCase: Call Test Case 'Test Cases/Web/Delay' successfully

2018-09-19 08:52:05 - [TEST_CASE][PASSED] - Test Cases/Web/Delay: Test Cases/Web/Delay

2018-09-19 08:52:05 - [TEST_STEP][PASSED] - Statement - return null: null

2018-09-19 08:52:05 - [MESSAGE][PASSED] - Call Test Case 'Test Cases/Web/Delay' successfully

2018-09-19 08:52:05 - [TEST_STEP][PASSED] - maximizeWindow: Current window maximized

2018-09-19 08:52:06 - [MESSAGE][PASSED] - Current window maximized

2018-09-19 08:52:06 - [MESSAGE][PASSED] - Call Test Case 'Test Cases/Web/FUSE/Lib/OpenBrowser' successfully

2018-09-19 08:52:06 - [TEST_STEP][PASSED] - callTestCase: Call Test Case 'Test Cases/Web/FUSE/Lib/LoginFUSE' successfully

2018-09-19 08:52:06 - [TEST_CASE][PASSED] - Test Cases/Web/FUSE/Lib/LoginFUSE: Test Cases/Web/FUSE/Lib/LoginFUSE

2018-09-19 08:52:06 - [TEST_STEP][PASSED] - click: Object: 'Object Repository/WEB/FUSE/WF1/Page_Abaxis VetScan Fuse/form_Login' is clicked on

2018-09-19 08:52:06 - [MESSAGE][PASSED] - Object: 'Object Repository/WEB/FUSE/WF1/Page_Abaxis VetScan Fuse/form_Login' is clicked on

2018-09-19 08:52:06 - [TEST_STEP][PASSED] - setText: Text 'admin' is set on object 'Object Repository/WEB/FUSE/WF1/Page_Abaxis VetScan Fuse/input_username'

2018-09-19 08:52:07 - [MESSAGE][PASSED] - Text 'admin' is set on object 'Object Repository/WEB/FUSE/WF1/Page_Abaxis VetScan Fuse/input_username'

2018-09-19 08:52:07 - [TEST_STEP][PASSED] - setEncryptedText: Text ****** has been set on object 'Object Repository/WEB/FUSE/WF1/Page_Abaxis VetScan Fuse/input_password'

2018-09-19 08:52:07 - [MESSAGE][PASSED] - Text ****** has been set on object 'Object Repository/WEB/FUSE/WF1/Page_Abaxis VetScan Fuse/input_password'

2018-09-19 08:52:07 - [TEST_STEP][PASSED] - click: Object: 'Object Repository/WEB/FUSE/WF1/Page_Abaxis VetScan Fuse/button_Login' is clicked on

2018-09-19 08:52:07 - [MESSAGE][PASSED] - Object: 'Object Repository/WEB/FUSE/WF1/Page_Abaxis VetScan Fuse/button_Login' is clicked on

2018-09-19 08:52:07 - [MESSAGE][PASSED] - Call Test Case 'Test Cases/Web/FUSE/Lib/LoginFUSE' successfully

2018-09-19 08:52:07 - [TEST_STEP][PASSED] - callTestCase: Call Test Case 'Test Cases/Web/FUSE/Lib/CloseBrowser' successfully

2018-09-19 08:52:07 - [TEST_CASE][PASSED] - Test Cases/Web/FUSE/Lib/CloseBrowser: Test Cases/Web/FUSE/Lib/CloseBrowser

2018-09-19 08:52:07 - [TEST_STEP][PASSED] - closeBrowser: Browser is closed

2018-09-19 08:52:08 - [MESSAGE][PASSED] - Browser is closed

2018-09-19 08:52:08 - [MESSAGE][PASSED] - Call Test Case 'Test Cases/Web/FUSE/Lib/CloseBrowser' successfully

2018-09-19 08:52:08 - [TEST_STEP][PASSED] - Start listener action : sampleAfterTestCase: Invoke 'com.kms.katalon.core.annotation.AfterTestCase' method: 'NewTestListener.sampleAfterTestCase(...)' completed.

2018-09-19 08:52:08 - [TEST_STEP][PASSED] - Statement - println(testCaseContext.getTestCaseId()): null

2018-09-19 08:52:08 - [TEST_STEP][PASSED] - Statement - println(testCaseContext.getTestCaseStatus()): Invoke 'com.kms.katalon.core.annotation.AfterTestCase' method: 'NewTestListener.sampleAfterTestCase(...)' completed.]]></system-out>
         <system-err><![CDATA[]]></system-err>
      </testcase>
      <testcase name="Test Cases/Web/BO FUSE/TC/TC_Users" classname="Test Cases/Web/BO FUSE/TC/TC_Users" status="PASSED">
         <system-out><![CDATA[2018-09-19 08:52:10 - [TEST_CASE][PASSED] - Test Cases/Web/BO FUSE/TC/TC_Users: Test Cases/Web/BO FUSE/TC/TC_Users

2018-09-19 08:52:10 - [TEST_STEP][PASSED] - Start listener action : sampleBeforeTestCase: Invoke 'com.kms.katalon.core.annotation.BeforeTestCase' method: 'NewTestListener.sampleBeforeTestCase(...)' completed.

2018-09-19 08:52:10 - [TEST_STEP][PASSED] - Statement - println(testCaseContext.getTestCaseId()): null

2018-09-19 08:52:10 - [TEST_STEP][PASSED] - Statement - println(testCaseContext.getTestCaseVariables()): Invoke 'com.kms.katalon.core.annotation.BeforeTestCase' method: 'NewTestListener.sampleBeforeTestCase(...)' completed.

2018-09-19 08:52:10 - [TEST_STEP][PASSED] - callTestCase: Call Test Case 'Test Cases/Web/BO FUSE/Lib/OpenBrowser' successfully

2018-09-19 08:52:10 - [TEST_CASE][PASSED] - Test Cases/Web/BO FUSE/Lib/OpenBrowser: Test Cases/Web/BO FUSE/Lib/OpenBrowser

2018-09-19 08:52:10 - [TEST_STEP][PASSED] - openBrowser: Browser is opened with url: ''

2018-09-19 08:52:12 - [MESSAGE][PASSED] - Browser is opened with url: ''

2018-09-19 08:52:12 - [TEST_STEP][PASSED] - navigateToUrl: Navigate to 'https://fusedev-public.opentrends.net/vetscan-fuse/login.do;jsessionid=CD400AB63E662264D13AEC8ED7B72AE4' successfully

2018-09-19 08:52:13 - [MESSAGE][PASSED] - Navigate to 'https://fusedev-public.opentrends.net/vetscan-fuse/login.do;jsessionid=CD400AB63E662264D13AEC8ED7B72AE4' successfully

2018-09-19 08:52:13 - [TEST_STEP][PASSED] - callTestCase: Call Test Case 'Test Cases/Web/Delay' successfully

2018-09-19 08:52:13 - [TEST_CASE][PASSED] - Test Cases/Web/Delay: Test Cases/Web/Delay

2018-09-19 08:52:13 - [TEST_STEP][PASSED] - Statement - return null: null

2018-09-19 08:52:13 - [MESSAGE][PASSED] - Call Test Case 'Test Cases/Web/Delay' successfully

2018-09-19 08:52:13 - [TEST_STEP][PASSED] - maximizeWindow: Current window maximized

2018-09-19 08:52:14 - [MESSAGE][PASSED] - Current window maximized

2018-09-19 08:52:14 - [MESSAGE][PASSED] - Call Test Case 'Test Cases/Web/BO FUSE/Lib/OpenBrowser' successfully

2018-09-19 08:52:14 - [TEST_STEP][PASSED] - callTestCase: Call Test Case 'Test Cases/Web/BO FUSE/Lib/Login' successfully

2018-09-19 08:52:14 - [TEST_CASE][PASSED] - Test Cases/Web/BO FUSE/Lib/Login: Test Cases/Web/BO FUSE/Lib/Login

2018-09-19 08:52:14 - [TEST_STEP][PASSED] - setText: Text 'admin' is set on object 'Object Repository/WEB/BO FUSE/Page_VetScan FUSE - Backoffice/input_j_username'

2018-09-19 08:52:14 - [MESSAGE][PASSED] - Text 'admin' is set on object 'Object Repository/WEB/BO FUSE/Page_VetScan FUSE - Backoffice/input_j_username'

2018-09-19 08:52:14 - [TEST_STEP][PASSED] - setEncryptedText: Text ****** has been set on object 'Object Repository/WEB/BO FUSE/Page_VetScan FUSE - Backoffice/input_j_password'

2018-09-19 08:52:14 - [MESSAGE][PASSED] - Text ****** has been set on object 'Object Repository/WEB/BO FUSE/Page_VetScan FUSE - Backoffice/input_j_password'

2018-09-19 08:52:14 - [TEST_STEP][PASSED] - click: Object: 'Object Repository/WEB/BO FUSE/Page_VetScan FUSE - Backoffice/div_LOG IN' is clicked on

2018-09-19 08:52:15 - [MESSAGE][PASSED] - Object: 'Object Repository/WEB/BO FUSE/Page_VetScan FUSE - Backoffice/div_LOG IN' is clicked on

2018-09-19 08:52:15 - [MESSAGE][PASSED] - Call Test Case 'Test Cases/Web/BO FUSE/Lib/Login' successfully

2018-09-19 08:52:15 - [TEST_STEP][PASSED] - callTestCase: Call Test Case 'Test Cases/Web/BO FUSE/Lib/BO_Users' successfully

2018-09-19 08:52:15 - [TEST_CASE][PASSED] - Test Cases/Web/BO FUSE/Lib/BO_Users: Test Cases/Web/BO FUSE/Lib/BO_Users

2018-09-19 08:52:15 - [TEST_STEP][PASSED] - click: Object: 'Object Repository/WEB/BO FUSE/Page_VetScan FUSE - Backoffice/i_icon-assets_ng_ic_users_18' is clicked on

2018-09-19 08:52:16 - [MESSAGE][PASSED] - Object: 'Object Repository/WEB/BO FUSE/Page_VetScan FUSE - Backoffice/i_icon-assets_ng_ic_users_18' is clicked on

2018-09-19 08:52:16 - [MESSAGE][PASSED] - Call Test Case 'Test Cases/Web/BO FUSE/Lib/BO_Users' successfully

2018-09-19 08:52:16 - [TEST_STEP][PASSED] - callTestCase: Call Test Case 'Test Cases/Web/BO FUSE/Lib/CrearVeterinaria' successfully

2018-09-19 08:52:16 - [TEST_CASE][PASSED] - Test Cases/Web/BO FUSE/Lib/CrearVeterinaria: Test Cases/Web/BO FUSE/Lib/CrearVeterinaria

2018-09-19 08:52:16 - [TEST_STEP][PASSED] - click: Object: 'Object Repository/WEB/BO FUSE/Page_VetScan FUSE - Backoffice/a_NewUser' is clicked on

2018-09-19 08:52:16 - [MESSAGE][PASSED] - Object: 'Object Repository/WEB/BO FUSE/Page_VetScan FUSE - Backoffice/a_NewUser' is clicked on

2018-09-19 08:52:16 - [TEST_STEP][PASSED] - setText: Text 'agatox' is set on object 'Object Repository/WEB/BO FUSE/Page_VetScan FUSE - Backoffice/input_userName'

2018-09-19 08:52:17 - [MESSAGE][PASSED] - Text 'agatox' is set on object 'Object Repository/WEB/BO FUSE/Page_VetScan FUSE - Backoffice/input_userName'

2018-09-19 08:52:17 - [TEST_STEP][PASSED] - setEncryptedText: Text ****** has been set on object 'Object Repository/WEB/BO FUSE/Page_VetScan FUSE - Backoffice/input_password'

2018-09-19 08:52:17 - [MESSAGE][PASSED] - Text ****** has been set on object 'Object Repository/WEB/BO FUSE/Page_VetScan FUSE - Backoffice/input_password'

2018-09-19 08:52:17 - [TEST_STEP][PASSED] - setText: Text 'agato@opentrends.net' is set on object 'Object Repository/WEB/BO FUSE/Page_VetScan FUSE - Backoffice/input_email'

2018-09-19 08:52:17 - [MESSAGE][PASSED] - Text 'agato@opentrends.net' is set on object 'Object Repository/WEB/BO FUSE/Page_VetScan FUSE - Backoffice/input_email'

2018-09-19 08:52:17 - [TEST_STEP][PASSED] - selectOptionByValue: All options with value '1' are selected in object 'Object Repository/WEB/BO FUSE/Page_VetScan FUSE - Backoffice/select_Abaxis AdminAbaxis EngA'  using regular expression

2018-09-19 08:52:17 - [MESSAGE][PASSED] - All options with value '1' are selected in object 'Object Repository/WEB/BO FUSE/Page_VetScan FUSE - Backoffice/select_Abaxis AdminAbaxis EngA'  using regular expression

2018-09-19 08:52:17 - [TEST_STEP][PASSED] - click: Object: 'Object Repository/WEB/BO FUSE/Page_VetScan FUSE - Backoffice/button_Save' is clicked on

2018-09-19 08:52:17 - [MESSAGE][PASSED] - Object: 'Object Repository/WEB/BO FUSE/Page_VetScan FUSE - Backoffice/button_Save' is clicked on

2018-09-19 08:52:17 - [TEST_STEP][NOT_RUN] - click: NOT_RUN: click

2018-09-19 08:52:17 - [MESSAGE][NOT_RUN] - NOT_RUN: click

2018-09-19 08:52:17 - [MESSAGE][PASSED] - Call Test Case 'Test Cases/Web/BO FUSE/Lib/CrearVeterinaria' successfully

2018-09-19 08:52:17 - [TEST_STEP][PASSED] - callTestCase: Call Test Case 'Test Cases/Web/BO FUSE/Lib/RemoveUser' successfully

2018-09-19 08:52:17 - [TEST_CASE][PASSED] - Test Cases/Web/BO FUSE/Lib/RemoveUser: Test Cases/Web/BO FUSE/Lib/RemoveUser

2018-09-19 08:52:18 - [TEST_STEP][NOT_RUN] - verifyElementText: NOT_RUN: verifyElementText

2018-09-19 08:52:18 - [MESSAGE][NOT_RUN] - NOT_RUN: verifyElementText

2018-09-19 08:52:18 - [TEST_STEP][NOT_RUN] - click: NOT_RUN: click

2018-09-19 08:52:18 - [MESSAGE][NOT_RUN] - NOT_RUN: click

2018-09-19 08:52:18 - [TEST_STEP][NOT_RUN] - click: NOT_RUN: click

2018-09-19 08:52:18 - [MESSAGE][NOT_RUN] - NOT_RUN: click

2018-09-19 08:52:18 - [TEST_STEP][NOT_RUN] - click: NOT_RUN: click

2018-09-19 08:52:18 - [MESSAGE][NOT_RUN] - NOT_RUN: click

2018-09-19 08:52:18 - [TEST_STEP][PASSED] - comment: Hay que mirar de hacer el remove user automatizado a

2018-09-19 08:52:18 - [MESSAGE][PASSED] - Call Test Case 'Test Cases/Web/BO FUSE/Lib/RemoveUser' successfully

2018-09-19 08:52:18 - [TEST_STEP][PASSED] - callTestCase: Call Test Case 'Test Cases/Web/BO FUSE/Lib/CloseBrowser' successfully

2018-09-19 08:52:18 - [TEST_CASE][PASSED] - Test Cases/Web/BO FUSE/Lib/CloseBrowser: Test Cases/Web/BO FUSE/Lib/CloseBrowser

2018-09-19 08:52:18 - [TEST_STEP][PASSED] - closeBrowser: Browser is closed

2018-09-19 08:52:18 - [MESSAGE][PASSED] - Browser is closed

2018-09-19 08:52:18 - [MESSAGE][PASSED] - Call Test Case 'Test Cases/Web/BO FUSE/Lib/CloseBrowser' successfully

2018-09-19 08:52:18 - [TEST_STEP][PASSED] - Start listener action : sampleAfterTestCase: Invoke 'com.kms.katalon.core.annotation.AfterTestCase' method: 'NewTestListener.sampleAfterTestCase(...)' completed.

2018-09-19 08:52:18 - [TEST_STEP][PASSED] - Statement - println(testCaseContext.getTestCaseId()): null

2018-09-19 08:52:18 - [TEST_STEP][PASSED] - Statement - println(testCaseContext.getTestCaseStatus()): Invoke 'com.kms.katalon.core.annotation.AfterTestCase' method: 'NewTestListener.sampleAfterTestCase(...)' completed.]]></system-out>
         <system-err><![CDATA[]]></system-err>
      </testcase>
      <testcase name="Test Cases/Web/FUSE/TC/TC_Navigation" classname="Test Cases/Web/FUSE/TC/TC_Navigation" status="FAILED">
         <failure type="FAILED" message="(Stack trace: com.kms.katalon.core.exception.StepFailedException: Unable to click on object 'Object Repository/WEB/FUSE/WF1/Page_Abaxis VetScan Fuse/Page_Abaxis VetScan Fuse/button_New Test' (Root cause: org.openqa.selenium.NoSuchWindowException: no such window: target window already closed
from unknown error: web view not found
  (Session info: chrome=68.0.3440.106)
  (Driver info: chromedriver=2.35.528161 (5b82f2d2aae0ca24b877009200ced9065a772e73),platform=Windows NT 10.0.17134 x86_64) (WARNING: The server did not provide any stacktrace information)
Command duration or timeout: 0 milliseconds
Build info: version: '3.7.1', revision: '8a0099a', time: '2017-11-06T21:07:36.161Z'
System info: host: 'PC251', ip: '192.168.1.4', os.name: 'Windows 10', os.arch: 'amd64', os.version: '10.0', java.version: '1.8.0_102'
Driver info: com.kms.katalon.selenium.driver.CChromeDriver
Capabilities {acceptInsecureCerts: false, acceptSslCerts: false, applicationCacheEnabled: false, browserConnectionEnabled: false, browserName: chrome, chrome: {chromedriverVersion: 2.35.528161 (5b82f2d2aae0ca..., userDataDir: C:\Users\Agato\AppData\Loca...}, cssSelectorsEnabled: true, databaseEnabled: false, handlesAlerts: true, hasTouchScreen: false, javascriptEnabled: true, locationContextEnabled: true, mobileEmulationEnabled: false, nativeEvents: true, networkConnectionEnabled: false, pageLoadStrategy: normal, platform: XP, platformName: XP, rotatable: false, setWindowRect: true, takesHeapSnapshot: true, takesScreenshot: true, unexpectedAlertBehaviour: , unhandledPromptBehavior: , version: 68.0.3440.106, webStorageEnabled: true}
Session ID: fe233ed804fe3faeec5d86cba7accbea
*** Element info: {Using=xpath, value=//button[@href = '#/newtest' and (text() = 'New Test' or . = 'New Test')]})
	at com.kms.katalon.core.keyword.internal.KeywordMain.stepFailed(KeywordMain.groovy:36)
	at com.kms.katalon.core.webui.keyword.internal.WebUIKeywordMain.stepFailed(WebUIKeywordMain.groovy:65)
	at com.kms.katalon.core.webui.keyword.internal.WebUIKeywordMain.runKeyword(WebUIKeywordMain.groovy:27)
	at com.kms.katalon.core.webui.keyword.builtin.ClickKeyword.click(ClickKeyword.groovy:86)
	at com.kms.katalon.core.webui.keyword.builtin.ClickKeyword.execute(ClickKeyword.groovy:67)
	at com.kms.katalon.core.keyword.internal.KeywordExecutor.executeKeywordForPlatform(KeywordExecutor.groovy:53)
	at com.kms.katalon.core.webui.keyword.WebUiBuiltInKeywords.click(WebUiBuiltInKeywords.groovy:616)
	at com.kms.katalon.core.webui.keyword.WebUiBuiltInKeywords$click$4.call(Unknown Source)
	at org.codehaus.groovy.runtime.callsite.CallSiteArray.defaultCall(CallSiteArray.java:48)
	at org.codehaus.groovy.runtime.callsite.AbstractCallSite.call(AbstractCallSite.java:113)
	at org.codehaus.groovy.runtime.callsite.AbstractCallSite.call(AbstractCallSite.java:125)
	at Script1536242183017.run(Script1536242183017.groovy:22)
	at com.kms.katalon.core.main.ScriptEngine.run(ScriptEngine.java:183)
	at com.kms.katalon.core.main.ScriptEngine.runScriptAsRawText(ScriptEngine.java:108)
	at com.kms.katalon.core.main.TestCaseExecutor.runScript(TestCaseExecutor.java:294)
	at com.kms.katalon.core.main.TestCaseExecutor.doExecute(TestCaseExecutor.java:285)
	at com.kms.katalon.core.main.TestCaseExecutor.processExecutionPhase(TestCaseExecutor.java:264)
	at com.kms.katalon.core.main.TestCaseExecutor.accessMainPhase(TestCaseExecutor.java:256)
	at com.kms.katalon.core.main.TestCaseExecutor.execute(TestCaseExecutor.java:200)
	at com.kms.katalon.core.main.TestCaseMain.runTestCase(TestCaseMain.java:99)
	at com.kms.katalon.core.keyword.builtin.CallTestCaseKeyword$_callTestCase_closure1.doCall(CallTestCaseKeyword.groovy:60)
	at com.kms.katalon.core.keyword.builtin.CallTestCaseKeyword$_callTestCase_closure1.call(CallTestCaseKeyword.groovy)
	at com.kms.katalon.core.keyword.internal.KeywordMain.runKeyword(KeywordMain.groovy:54)
	at com.kms.katalon.core.keyword.builtin.CallTestCaseKeyword.callTestCase(CallTestCaseKeyword.groovy:81)
	at com.kms.katalon.core.keyword.builtin.CallTestCaseKeyword.execute(CallTestCaseKeyword.groovy:45)
	at com.kms.katalon.core.keyword.internal.KeywordExecutor.executeKeywordForPlatform(KeywordExecutor.groovy:53)
	at com.kms.katalon.core.keyword.BuiltinKeywords.callTestCase(BuiltinKeywords.groovy:334)
	at sun.reflect.GeneratedMethodAccessor12.invoke(Unknown Source)
	at sun.reflect.DelegatingMethodAccessorImpl.invoke(DelegatingMethodAccessorImpl.java:43)
	at java.lang.reflect.Method.invoke(Method.java:498)
	at org.codehaus.groovy.reflection.CachedMethod.invoke(CachedMethod.java:93)
	at groovy.lang.MetaMethod.doMethodInvoke(MetaMethod.java:325)
	at groovy.lang.MetaClassImpl.invokeStaticMethod(MetaClassImpl.java:1469)
	at org.codehaus.groovy.runtime.callsite.StaticMetaClassSite.call(StaticMetaClassSite.java:53)
	at org.codehaus.groovy.runtime.callsite.CallSiteArray.defaultCall(CallSiteArray.java:48)
	at org.codehaus.groovy.runtime.callsite.AbstractCallSite.call(AbstractCallSite.java:113)
	at org.codehaus.groovy.runtime.callsite.AbstractCallSite.call(AbstractCallSite.java:141)
	at Script1536242320548.run(Script1536242320548.groovy:28)
	at com.kms.katalon.core.main.ScriptEngine.run(ScriptEngine.java:183)
	at com.kms.katalon.core.main.ScriptEngine.runScriptAsRawText(ScriptEngine.java:108)
	at com.kms.katalon.core.main.TestCaseExecutor.runScript(TestCaseExecutor.java:294)
	at com.kms.katalon.core.main.TestCaseExecutor.doExecute(TestCaseExecutor.java:285)
	at com.kms.katalon.core.main.TestCaseExecutor.processExecutionPhase(TestCaseExecutor.java:264)
	at com.kms.katalon.core.main.TestCaseExecutor.accessMainPhase(TestCaseExecutor.java:256)
	at com.kms.katalon.core.main.TestCaseExecutor.execute(TestCaseExecutor.java:200)
	at com.kms.katalon.core.main.TestSuiteExecutor.accessTestCaseMainPhase(TestSuiteExecutor.java:129)
	at com.kms.katalon.core.main.TestSuiteExecutor.accessTestSuiteMainPhase(TestSuiteExecutor.java:112)
	at com.kms.katalon.core.main.TestSuiteExecutor.execute(TestSuiteExecutor.java:81)
	at com.kms.katalon.core.main.TestCaseMain.startTestSuite(TestCaseMain.java:142)
	at com.kms.katalon.core.main.TestCaseMain$startTestSuite$0.call(Unknown Source)
	at org.codehaus.groovy.runtime.callsite.CallSiteArray.defaultCall(CallSiteArray.java:48)
	at org.codehaus.groovy.runtime.callsite.AbstractCallSite.call(AbstractCallSite.java:113)
	at org.codehaus.groovy.runtime.callsite.AbstractCallSite.call(AbstractCallSite.java:141)
	at TempTestSuite1537339906151.run(TempTestSuite1537339906151.groovy:36)
	at groovy.lang.GroovyShell.runScriptOrMainOrTestOrRunnable(GroovyShell.java:263)
	at groovy.lang.GroovyShell.run(GroovyShell.java:518)
	at groovy.lang.GroovyShell.run(GroovyShell.java:507)
	at groovy.ui.GroovyMain.processOnce(GroovyMain.java:653)
	at groovy.ui.GroovyMain.run(GroovyMain.java:384)
	at groovy.ui.GroovyMain.process(GroovyMain.java:370)
	at groovy.ui.GroovyMain.processArgs(GroovyMain.java:129)
	at groovy.ui.GroovyMain.main(GroovyMain.java:109)
	at sun.reflect.NativeMethodAccessorImpl.invoke0(Native Method)
	at sun.reflect.NativeMethodAccessorImpl.invoke(NativeMethodAccessorImpl.java:62)
	at sun.reflect.DelegatingMethodAccessorImpl.invoke(DelegatingMethodAccessorImpl.java:43)
	at java.lang.reflect.Method.invoke(Method.java:498)
	at org.codehaus.groovy.tools.GroovyStarter.rootLoader(GroovyStarter.java:109)
	at org.codehaus.groovy.tools.GroovyStarter.main(GroovyStarter.java:131)
)"/>
         <system-out><![CDATA[2018-09-19 08:52:21 - [TEST_CASE][FAILED] - Test Cases/Web/FUSE/TC/TC_Navigation: Test Cases/Web/FUSE/TC/TC_Navigation FAILED because (of) (Stack trace: com.kms.katalon.core.exception.StepFailedException: Unable to click on object 'Object Repository/WEB/FUSE/WF1/Page_Abaxis VetScan Fuse/Page_Abaxis VetScan Fuse/button_New Test' (Root cause: org.openqa.selenium.NoSuchWindowException: no such window: target window already closed
from unknown error: web view not found
  (Session info: chrome=68.0.3440.106)
  (Driver info: chromedriver=2.35.528161 (5b82f2d2aae0ca24b877009200ced9065a772e73),platform=Windows NT 10.0.17134 x86_64) (WARNING: The server did not provide any stacktrace information)
Command duration or timeout: 0 milliseconds
Build info: version: '3.7.1', revision: '8a0099a', time: '2017-11-06T21:07:36.161Z'
System info: host: 'PC251', ip: '192.168.1.4', os.name: 'Windows 10', os.arch: 'amd64', os.version: '10.0', java.version: '1.8.0_102'
Driver info: com.kms.katalon.selenium.driver.CChromeDriver
Capabilities {acceptInsecureCerts: false, acceptSslCerts: false, applicationCacheEnabled: false, browserConnectionEnabled: false, browserName: chrome, chrome: {chromedriverVersion: 2.35.528161 (5b82f2d2aae0ca..., userDataDir: C:\Users\Agato\AppData\Loca...}, cssSelectorsEnabled: true, databaseEnabled: false, handlesAlerts: true, hasTouchScreen: false, javascriptEnabled: true, locationContextEnabled: true, mobileEmulationEnabled: false, nativeEvents: true, networkConnectionEnabled: false, pageLoadStrategy: normal, platform: XP, platformName: XP, rotatable: false, setWindowRect: true, takesHeapSnapshot: true, takesScreenshot: true, unexpectedAlertBehaviour: , unhandledPromptBehavior: , version: 68.0.3440.106, webStorageEnabled: true}
Session ID: fe233ed804fe3faeec5d86cba7accbea
*** Element info: {Using=xpath, value=//button[@href = '#/newtest' and (text() = 'New Test' or . = 'New Test')]})
	at com.kms.katalon.core.keyword.internal.KeywordMain.stepFailed(KeywordMain.groovy:36)
	at com.kms.katalon.core.webui.keyword.internal.WebUIKeywordMain.stepFailed(WebUIKeywordMain.groovy:65)
	at com.kms.katalon.core.webui.keyword.internal.WebUIKeywordMain.runKeyword(WebUIKeywordMain.groovy:27)
	at com.kms.katalon.core.webui.keyword.builtin.ClickKeyword.click(ClickKeyword.groovy:86)
	at com.kms.katalon.core.webui.keyword.builtin.ClickKeyword.execute(ClickKeyword.groovy:67)
	at com.kms.katalon.core.keyword.internal.KeywordExecutor.executeKeywordForPlatform(KeywordExecutor.groovy:53)
	at com.kms.katalon.core.webui.keyword.WebUiBuiltInKeywords.click(WebUiBuiltInKeywords.groovy:616)
	at com.kms.katalon.core.webui.keyword.WebUiBuiltInKeywords$click$4.call(Unknown Source)
	at org.codehaus.groovy.runtime.callsite.CallSiteArray.defaultCall(CallSiteArray.java:48)
	at org.codehaus.groovy.runtime.callsite.AbstractCallSite.call(AbstractCallSite.java:113)
	at org.codehaus.groovy.runtime.callsite.AbstractCallSite.call(AbstractCallSite.java:125)
	at Script1536242183017.run(Script1536242183017.groovy:22)
	at com.kms.katalon.core.main.ScriptEngine.run(ScriptEngine.java:183)
	at com.kms.katalon.core.main.ScriptEngine.runScriptAsRawText(ScriptEngine.java:108)
	at com.kms.katalon.core.main.TestCaseExecutor.runScript(TestCaseExecutor.java:294)
	at com.kms.katalon.core.main.TestCaseExecutor.doExecute(TestCaseExecutor.java:285)
	at com.kms.katalon.core.main.TestCaseExecutor.processExecutionPhase(TestCaseExecutor.java:264)
	at com.kms.katalon.core.main.TestCaseExecutor.accessMainPhase(TestCaseExecutor.java:256)
	at com.kms.katalon.core.main.TestCaseExecutor.execute(TestCaseExecutor.java:200)
	at com.kms.katalon.core.main.TestCaseMain.runTestCase(TestCaseMain.java:99)
	at com.kms.katalon.core.keyword.builtin.CallTestCaseKeyword$_callTestCase_closure1.doCall(CallTestCaseKeyword.groovy:60)
	at com.kms.katalon.core.keyword.builtin.CallTestCaseKeyword$_callTestCase_closure1.call(CallTestCaseKeyword.groovy)
	at com.kms.katalon.core.keyword.internal.KeywordMain.runKeyword(KeywordMain.groovy:54)
	at com.kms.katalon.core.keyword.builtin.CallTestCaseKeyword.callTestCase(CallTestCaseKeyword.groovy:81)
	at com.kms.katalon.core.keyword.builtin.CallTestCaseKeyword.execute(CallTestCaseKeyword.groovy:45)
	at com.kms.katalon.core.keyword.internal.KeywordExecutor.executeKeywordForPlatform(KeywordExecutor.groovy:53)
	at com.kms.katalon.core.keyword.BuiltinKeywords.callTestCase(BuiltinKeywords.groovy:334)
	at sun.reflect.GeneratedMethodAccessor12.invoke(Unknown Source)
	at sun.reflect.DelegatingMethodAccessorImpl.invoke(DelegatingMethodAccessorImpl.java:43)
	at java.lang.reflect.Method.invoke(Method.java:498)
	at org.codehaus.groovy.reflection.CachedMethod.invoke(CachedMethod.java:93)
	at groovy.lang.MetaMethod.doMethodInvoke(MetaMethod.java:325)
	at groovy.lang.MetaClassImpl.invokeStaticMethod(MetaClassImpl.java:1469)
	at org.codehaus.groovy.runtime.callsite.StaticMetaClassSite.call(StaticMetaClassSite.java:53)
	at org.codehaus.groovy.runtime.callsite.CallSiteArray.defaultCall(CallSiteArray.java:48)
	at org.codehaus.groovy.runtime.callsite.AbstractCallSite.call(AbstractCallSite.java:113)
	at org.codehaus.groovy.runtime.callsite.AbstractCallSite.call(AbstractCallSite.java:141)
	at Script1536242320548.run(Script1536242320548.groovy:28)
	at com.kms.katalon.core.main.ScriptEngine.run(ScriptEngine.java:183)
	at com.kms.katalon.core.main.ScriptEngine.runScriptAsRawText(ScriptEngine.java:108)
	at com.kms.katalon.core.main.TestCaseExecutor.runScript(TestCaseExecutor.java:294)
	at com.kms.katalon.core.main.TestCaseExecutor.doExecute(TestCaseExecutor.java:285)
	at com.kms.katalon.core.main.TestCaseExecutor.processExecutionPhase(TestCaseExecutor.java:264)
	at com.kms.katalon.core.main.TestCaseExecutor.accessMainPhase(TestCaseExecutor.java:256)
	at com.kms.katalon.core.main.TestCaseExecutor.execute(TestCaseExecutor.java:200)
	at com.kms.katalon.core.main.TestSuiteExecutor.accessTestCaseMainPhase(TestSuiteExecutor.java:129)
	at com.kms.katalon.core.main.TestSuiteExecutor.accessTestSuiteMainPhase(TestSuiteExecutor.java:112)
	at com.kms.katalon.core.main.TestSuiteExecutor.execute(TestSuiteExecutor.java:81)
	at com.kms.katalon.core.main.TestCaseMain.startTestSuite(TestCaseMain.java:142)
	at com.kms.katalon.core.main.TestCaseMain$startTestSuite$0.call(Unknown Source)
	at org.codehaus.groovy.runtime.callsite.CallSiteArray.defaultCall(CallSiteArray.java:48)
	at org.codehaus.groovy.runtime.callsite.AbstractCallSite.call(AbstractCallSite.java:113)
	at org.codehaus.groovy.runtime.callsite.AbstractCallSite.call(AbstractCallSite.java:141)
	at TempTestSuite1537339906151.run(TempTestSuite1537339906151.groovy:36)
	at groovy.lang.GroovyShell.runScriptOrMainOrTestOrRunnable(GroovyShell.java:263)
	at groovy.lang.GroovyShell.run(GroovyShell.java:518)
	at groovy.lang.GroovyShell.run(GroovyShell.java:507)
	at groovy.ui.GroovyMain.processOnce(GroovyMain.java:653)
	at groovy.ui.GroovyMain.run(GroovyMain.java:384)
	at groovy.ui.GroovyMain.process(GroovyMain.java:370)
	at groovy.ui.GroovyMain.processArgs(GroovyMain.java:129)
	at groovy.ui.GroovyMain.main(GroovyMain.java:109)
	at sun.reflect.NativeMethodAccessorImpl.invoke0(Native Method)
	at sun.reflect.NativeMethodAccessorImpl.invoke(NativeMethodAccessorImpl.java:62)
	at sun.reflect.DelegatingMethodAccessorImpl.invoke(DelegatingMethodAccessorImpl.java:43)
	at java.lang.reflect.Method.invoke(Method.java:498)
	at org.codehaus.groovy.tools.GroovyStarter.rootLoader(GroovyStarter.java:109)
	at org.codehaus.groovy.tools.GroovyStarter.main(GroovyStarter.java:131)
)

2018-09-19 08:52:21 - [TEST_STEP][PASSED] - Start listener action : sampleBeforeTestCase: Invoke 'com.kms.katalon.core.annotation.BeforeTestCase' method: 'NewTestListener.sampleBeforeTestCase(...)' completed.

2018-09-19 08:52:21 - [TEST_STEP][PASSED] - Statement - println(testCaseContext.getTestCaseId()): null

2018-09-19 08:52:21 - [TEST_STEP][PASSED] - Statement - println(testCaseContext.getTestCaseVariables()): Invoke 'com.kms.katalon.core.annotation.BeforeTestCase' method: 'NewTestListener.sampleBeforeTestCase(...)' completed.

2018-09-19 08:52:21 - [TEST_STEP][PASSED] - callTestCase: Call Test Case 'Test Cases/Web/FUSE/Lib/OpenBrowser' successfully

2018-09-19 08:52:21 - [TEST_CASE][PASSED] - Test Cases/Web/FUSE/Lib/OpenBrowser: Test Cases/Web/FUSE/Lib/OpenBrowser

2018-09-19 08:52:21 - [TEST_STEP][PASSED] - openBrowser: Browser is opened with url: ''

2018-09-19 08:52:23 - [MESSAGE][PASSED] - Browser is opened with url: ''

2018-09-19 08:52:23 - [TEST_STEP][PASSED] - navigateToUrl: Navigate to 'http://192.168.1.150:8080/' successfully

2018-09-19 08:52:27 - [MESSAGE][PASSED] - Navigate to 'http://192.168.1.150:8080/' successfully

2018-09-19 08:52:27 - [TEST_STEP][PASSED] - callTestCase: Call Test Case 'Test Cases/Web/Delay' successfully

2018-09-19 08:52:27 - [TEST_CASE][PASSED] - Test Cases/Web/Delay: Test Cases/Web/Delay

2018-09-19 08:52:27 - [TEST_STEP][PASSED] - Statement - return null: null

2018-09-19 08:52:27 - [MESSAGE][PASSED] - Call Test Case 'Test Cases/Web/Delay' successfully

2018-09-19 08:52:27 - [TEST_STEP][PASSED] - maximizeWindow: Current window maximized

2018-09-19 08:52:28 - [MESSAGE][PASSED] - Current window maximized

2018-09-19 08:52:28 - [MESSAGE][PASSED] - Call Test Case 'Test Cases/Web/FUSE/Lib/OpenBrowser' successfully

2018-09-19 08:52:28 - [TEST_STEP][PASSED] - callTestCase: Call Test Case 'Test Cases/Web/FUSE/Lib/LoginFUSE' successfully

2018-09-19 08:52:28 - [TEST_CASE][PASSED] - Test Cases/Web/FUSE/Lib/LoginFUSE: Test Cases/Web/FUSE/Lib/LoginFUSE

2018-09-19 08:52:28 - [TEST_STEP][PASSED] - click: Object: 'Object Repository/WEB/FUSE/WF1/Page_Abaxis VetScan Fuse/form_Login' is clicked on

2018-09-19 08:52:29 - [MESSAGE][PASSED] - Object: 'Object Repository/WEB/FUSE/WF1/Page_Abaxis VetScan Fuse/form_Login' is clicked on

2018-09-19 08:52:29 - [TEST_STEP][PASSED] - setText: Text 'admin' is set on object 'Object Repository/WEB/FUSE/WF1/Page_Abaxis VetScan Fuse/input_username'

2018-09-19 08:52:29 - [MESSAGE][PASSED] - Text 'admin' is set on object 'Object Repository/WEB/FUSE/WF1/Page_Abaxis VetScan Fuse/input_username'

2018-09-19 08:52:29 - [TEST_STEP][PASSED] - setEncryptedText: Text ****** has been set on object 'Object Repository/WEB/FUSE/WF1/Page_Abaxis VetScan Fuse/input_password'

2018-09-19 08:52:29 - [MESSAGE][PASSED] - Text ****** has been set on object 'Object Repository/WEB/FUSE/WF1/Page_Abaxis VetScan Fuse/input_password'

2018-09-19 08:52:29 - [TEST_STEP][PASSED] - click: Object: 'Object Repository/WEB/FUSE/WF1/Page_Abaxis VetScan Fuse/button_Login' is clicked on

2018-09-19 08:52:34 - [MESSAGE][PASSED] - Object: 'Object Repository/WEB/FUSE/WF1/Page_Abaxis VetScan Fuse/button_Login' is clicked on

2018-09-19 08:52:34 - [MESSAGE][PASSED] - Call Test Case 'Test Cases/Web/FUSE/Lib/LoginFUSE' successfully

2018-09-19 08:52:34 - [TEST_STEP][PASSED] - callTestCase: Call Test Case 'Test Cases/Web/FUSE/Lib/Menus/Devices_WF/Devices' successfully

2018-09-19 08:52:34 - [TEST_CASE][PASSED] - Test Cases/Web/FUSE/Lib/Menus/Devices_WF/Devices: Test Cases/Web/FUSE/Lib/Menus/Devices_WF/Devices

2018-09-19 08:52:34 - [TEST_STEP][PASSED] - click: Object: 'Object Repository/WEB/FUSE/WF1/Page_Abaxis VetScan Fuse/Page_Abaxis VetScan Fuse/a_Devices' is clicked on

2018-09-19 08:52:38 - [MESSAGE][PASSED] - Object: 'Object Repository/WEB/FUSE/WF1/Page_Abaxis VetScan Fuse/Page_Abaxis VetScan Fuse/a_Devices' is clicked on

2018-09-19 08:52:38 - [MESSAGE][PASSED] - Call Test Case 'Test Cases/Web/FUSE/Lib/Menus/Devices_WF/Devices' successfully

2018-09-19 08:52:38 - [TEST_STEP][FAILED] - callTestCase: Unable to call Test Case with id 'Test Cases/Web/FUSE/Lib/Menus/NewTest_WF/NewTest' (Root cause: Call Test Case 'Test Cases/Web/FUSE/Lib/Menus/NewTest_WF/NewTest' failed)

2018-09-19 08:52:38 - [TEST_CASE][FAILED] - Test Cases/Web/FUSE/Lib/Menus/NewTest_WF/NewTest: Test Cases/Web/FUSE/Lib/Menus/NewTest_WF/NewTest FAILED because (of) (Stack trace: com.kms.katalon.core.exception.StepFailedException: Unable to click on object 'Object Repository/WEB/FUSE/WF1/Page_Abaxis VetScan Fuse/Page_Abaxis VetScan Fuse/button_New Test' (Root cause: org.openqa.selenium.NoSuchWindowException: no such window: target window already closed
from unknown error: web view not found
  (Session info: chrome=68.0.3440.106)
  (Driver info: chromedriver=2.35.528161 (5b82f2d2aae0ca24b877009200ced9065a772e73),platform=Windows NT 10.0.17134 x86_64) (WARNING: The server did not provide any stacktrace information)
Command duration or timeout: 0 milliseconds
Build info: version: '3.7.1', revision: '8a0099a', time: '2017-11-06T21:07:36.161Z'
System info: host: 'PC251', ip: '192.168.1.4', os.name: 'Windows 10', os.arch: 'amd64', os.version: '10.0', java.version: '1.8.0_102'
Driver info: com.kms.katalon.selenium.driver.CChromeDriver
Capabilities {acceptInsecureCerts: false, acceptSslCerts: false, applicationCacheEnabled: false, browserConnectionEnabled: false, browserName: chrome, chrome: {chromedriverVersion: 2.35.528161 (5b82f2d2aae0ca..., userDataDir: C:\Users\Agato\AppData\Loca...}, cssSelectorsEnabled: true, databaseEnabled: false, handlesAlerts: true, hasTouchScreen: false, javascriptEnabled: true, locationContextEnabled: true, mobileEmulationEnabled: false, nativeEvents: true, networkConnectionEnabled: false, pageLoadStrategy: normal, platform: XP, platformName: XP, rotatable: false, setWindowRect: true, takesHeapSnapshot: true, takesScreenshot: true, unexpectedAlertBehaviour: , unhandledPromptBehavior: , version: 68.0.3440.106, webStorageEnabled: true}
Session ID: fe233ed804fe3faeec5d86cba7accbea
*** Element info: {Using=xpath, value=//button[@href = '#/newtest' and (text() = 'New Test' or . = 'New Test')]})
	at com.kms.katalon.core.keyword.internal.KeywordMain.stepFailed(KeywordMain.groovy:36)
	at com.kms.katalon.core.webui.keyword.internal.WebUIKeywordMain.stepFailed(WebUIKeywordMain.groovy:65)
	at com.kms.katalon.core.webui.keyword.internal.WebUIKeywordMain.runKeyword(WebUIKeywordMain.groovy:27)
	at com.kms.katalon.core.webui.keyword.builtin.ClickKeyword.click(ClickKeyword.groovy:86)
	at com.kms.katalon.core.webui.keyword.builtin.ClickKeyword.execute(ClickKeyword.groovy:67)
	at com.kms.katalon.core.keyword.internal.KeywordExecutor.executeKeywordForPlatform(KeywordExecutor.groovy:53)
	at com.kms.katalon.core.webui.keyword.WebUiBuiltInKeywords.click(WebUiBuiltInKeywords.groovy:616)
	at com.kms.katalon.core.webui.keyword.WebUiBuiltInKeywords$click$4.call(Unknown Source)
	at org.codehaus.groovy.runtime.callsite.CallSiteArray.defaultCall(CallSiteArray.java:48)
	at org.codehaus.groovy.runtime.callsite.AbstractCallSite.call(AbstractCallSite.java:113)
	at org.codehaus.groovy.runtime.callsite.AbstractCallSite.call(AbstractCallSite.java:125)
	at Script1536242183017.run(Script1536242183017.groovy:22)
	at com.kms.katalon.core.main.ScriptEngine.run(ScriptEngine.java:183)
	at com.kms.katalon.core.main.ScriptEngine.runScriptAsRawText(ScriptEngine.java:108)
	at com.kms.katalon.core.main.TestCaseExecutor.runScript(TestCaseExecutor.java:294)
	at com.kms.katalon.core.main.TestCaseExecutor.doExecute(TestCaseExecutor.java:285)
	at com.kms.katalon.core.main.TestCaseExecutor.processExecutionPhase(TestCaseExecutor.java:264)
	at com.kms.katalon.core.main.TestCaseExecutor.accessMainPhase(TestCaseExecutor.java:256)
	at com.kms.katalon.core.main.TestCaseExecutor.execute(TestCaseExecutor.java:200)
	at com.kms.katalon.core.main.TestCaseMain.runTestCase(TestCaseMain.java:99)
	at com.kms.katalon.core.keyword.builtin.CallTestCaseKeyword$_callTestCase_closure1.doCall(CallTestCaseKeyword.groovy:60)
	at com.kms.katalon.core.keyword.builtin.CallTestCaseKeyword$_callTestCase_closure1.call(CallTestCaseKeyword.groovy)
	at com.kms.katalon.core.keyword.internal.KeywordMain.runKeyword(KeywordMain.groovy:54)
	at com.kms.katalon.core.keyword.builtin.CallTestCaseKeyword.callTestCase(CallTestCaseKeyword.groovy:81)
	at com.kms.katalon.core.keyword.builtin.CallTestCaseKeyword.execute(CallTestCaseKeyword.groovy:45)
	at com.kms.katalon.core.keyword.internal.KeywordExecutor.executeKeywordForPlatform(KeywordExecutor.groovy:53)
	at com.kms.katalon.core.keyword.BuiltinKeywords.callTestCase(BuiltinKeywords.groovy:334)
	at sun.reflect.GeneratedMethodAccessor12.invoke(Unknown Source)
	at sun.reflect.DelegatingMethodAccessorImpl.invoke(DelegatingMethodAccessorImpl.java:43)
	at java.lang.reflect.Method.invoke(Method.java:498)
	at org.codehaus.groovy.reflection.CachedMethod.invoke(CachedMethod.java:93)
	at groovy.lang.MetaMethod.doMethodInvoke(MetaMethod.java:325)
	at groovy.lang.MetaClassImpl.invokeStaticMethod(MetaClassImpl.java:1469)
	at org.codehaus.groovy.runtime.callsite.StaticMetaClassSite.call(StaticMetaClassSite.java:53)
	at org.codehaus.groovy.runtime.callsite.CallSiteArray.defaultCall(CallSiteArray.java:48)
	at org.codehaus.groovy.runtime.callsite.AbstractCallSite.call(AbstractCallSite.java:113)
	at org.codehaus.groovy.runtime.callsite.AbstractCallSite.call(AbstractCallSite.java:141)
	at Script1536242320548.run(Script1536242320548.groovy:28)
	at com.kms.katalon.core.main.ScriptEngine.run(ScriptEngine.java:183)
	at com.kms.katalon.core.main.ScriptEngine.runScriptAsRawText(ScriptEngine.java:108)
	at com.kms.katalon.core.main.TestCaseExecutor.runScript(TestCaseExecutor.java:294)
	at com.kms.katalon.core.main.TestCaseExecutor.doExecute(TestCaseExecutor.java:285)
	at com.kms.katalon.core.main.TestCaseExecutor.processExecutionPhase(TestCaseExecutor.java:264)
	at com.kms.katalon.core.main.TestCaseExecutor.accessMainPhase(TestCaseExecutor.java:256)
	at com.kms.katalon.core.main.TestCaseExecutor.execute(TestCaseExecutor.java:200)
	at com.kms.katalon.core.main.TestSuiteExecutor.accessTestCaseMainPhase(TestSuiteExecutor.java:129)
	at com.kms.katalon.core.main.TestSuiteExecutor.accessTestSuiteMainPhase(TestSuiteExecutor.java:112)
	at com.kms.katalon.core.main.TestSuiteExecutor.execute(TestSuiteExecutor.java:81)
	at com.kms.katalon.core.main.TestCaseMain.startTestSuite(TestCaseMain.java:142)
	at com.kms.katalon.core.main.TestCaseMain$startTestSuite$0.call(Unknown Source)
	at org.codehaus.groovy.runtime.callsite.CallSiteArray.defaultCall(CallSiteArray.java:48)
	at org.codehaus.groovy.runtime.callsite.AbstractCallSite.call(AbstractCallSite.java:113)
	at org.codehaus.groovy.runtime.callsite.AbstractCallSite.call(AbstractCallSite.java:141)
	at TempTestSuite1537339906151.run(TempTestSuite1537339906151.groovy:36)
	at groovy.lang.GroovyShell.runScriptOrMainOrTestOrRunnable(GroovyShell.java:263)
	at groovy.lang.GroovyShell.run(GroovyShell.java:518)
	at groovy.lang.GroovyShell.run(GroovyShell.java:507)
	at groovy.ui.GroovyMain.processOnce(GroovyMain.java:653)
	at groovy.ui.GroovyMain.run(GroovyMain.java:384)
	at groovy.ui.GroovyMain.process(GroovyMain.java:370)
	at groovy.ui.GroovyMain.processArgs(GroovyMain.java:129)
	at groovy.ui.GroovyMain.main(GroovyMain.java:109)
	at sun.reflect.NativeMethodAccessorImpl.invoke0(Native Method)
	at sun.reflect.NativeMethodAccessorImpl.invoke(NativeMethodAccessorImpl.java:62)
	at sun.reflect.DelegatingMethodAccessorImpl.invoke(DelegatingMethodAccessorImpl.java:43)
	at java.lang.reflect.Method.invoke(Method.java:498)
	at org.codehaus.groovy.tools.GroovyStarter.rootLoader(GroovyStarter.java:109)
	at org.codehaus.groovy.tools.GroovyStarter.main(GroovyStarter.java:131)
)

2018-09-19 08:52:38 - [TEST_STEP][FAILED] - click: Unable to click on object 'Object Repository/WEB/FUSE/WF1/Page_Abaxis VetScan Fuse/Page_Abaxis VetScan Fuse/button_New Test' (Root cause: org.openqa.selenium.NoSuchWindowException: no such window: target window already closed
from unknown error: web view not found
  (Session info: chrome=68.0.3440.106)
  (Driver info: chromedriver=2.35.528161 (5b82f2d2aae0ca24b877009200ced9065a772e73),platform=Windows NT 10.0.17134 x86_64) (WARNING: The server did not provide any stacktrace information)
Command duration or timeout: 0 milliseconds
Build info: version: '3.7.1', revision: '8a0099a', time: '2017-11-06T21:07:36.161Z'
System info: host: 'PC251', ip: '192.168.1.4', os.name: 'Windows 10', os.arch: 'amd64', os.version: '10.0', java.version: '1.8.0_102'
Driver info: com.kms.katalon.selenium.driver.CChromeDriver
Capabilities {acceptInsecureCerts: false, acceptSslCerts: false, applicationCacheEnabled: false, browserConnectionEnabled: false, browserName: chrome, chrome: {chromedriverVersion: 2.35.528161 (5b82f2d2aae0ca..., userDataDir: C:\Users\Agato\AppData\Loca...}, cssSelectorsEnabled: true, databaseEnabled: false, handlesAlerts: true, hasTouchScreen: false, javascriptEnabled: true, locationContextEnabled: true, mobileEmulationEnabled: false, nativeEvents: true, networkConnectionEnabled: false, pageLoadStrategy: normal, platform: XP, platformName: XP, rotatable: false, setWindowRect: true, takesHeapSnapshot: true, takesScreenshot: true, unexpectedAlertBehaviour: , unhandledPromptBehavior: , version: 68.0.3440.106, webStorageEnabled: true}
Session ID: fe233ed804fe3faeec5d86cba7accbea
*** Element info: {Using=xpath, value=//button[@href = '#/newtest' and (text() = 'New Test' or . = 'New Test')]})

2018-09-19 08:52:38 - [MESSAGE][WARNING] - Cannot take screenshot

2018-09-19 08:52:38 - [MESSAGE][FAILED] - Unable to click on object 'Object Repository/WEB/FUSE/WF1/Page_Abaxis VetScan Fuse/Page_Abaxis VetScan Fuse/button_New Test' (Root cause: org.openqa.selenium.NoSuchWindowException: no such window: target window already closed
from unknown error: web view not found
  (Session info: chrome=68.0.3440.106)
  (Driver info: chromedriver=2.35.528161 (5b82f2d2aae0ca24b877009200ced9065a772e73),platform=Windows NT 10.0.17134 x86_64) (WARNING: The server did not provide any stacktrace information)
Command duration or timeout: 0 milliseconds
Build info: version: '3.7.1', revision: '8a0099a', time: '2017-11-06T21:07:36.161Z'
System info: host: 'PC251', ip: '192.168.1.4', os.name: 'Windows 10', os.arch: 'amd64', os.version: '10.0', java.version: '1.8.0_102'
Driver info: com.kms.katalon.selenium.driver.CChromeDriver
Capabilities {acceptInsecureCerts: false, acceptSslCerts: false, applicationCacheEnabled: false, browserConnectionEnabled: false, browserName: chrome, chrome: {chromedriverVersion: 2.35.528161 (5b82f2d2aae0ca..., userDataDir: C:\Users\Agato\AppData\Loca...}, cssSelectorsEnabled: true, databaseEnabled: false, handlesAlerts: true, hasTouchScreen: false, javascriptEnabled: true, locationContextEnabled: true, mobileEmulationEnabled: false, nativeEvents: true, networkConnectionEnabled: false, pageLoadStrategy: normal, platform: XP, platformName: XP, rotatable: false, setWindowRect: true, takesHeapSnapshot: true, takesScreenshot: true, unexpectedAlertBehaviour: , unhandledPromptBehavior: , version: 68.0.3440.106, webStorageEnabled: true}
Session ID: fe233ed804fe3faeec5d86cba7accbea
*** Element info: {Using=xpath, value=//button[@href = '#/newtest' and (text() = 'New Test' or . = 'New Test')]})

2018-09-19 08:52:38 - [MESSAGE][FAILED] - Unable to call Test Case with id 'Test Cases/Web/FUSE/Lib/Menus/NewTest_WF/NewTest' (Root cause: Call Test Case 'Test Cases/Web/FUSE/Lib/Menus/NewTest_WF/NewTest' failed)

2018-09-19 08:52:38 - [TEST_STEP][PASSED] - Start listener action : sampleAfterTestCase: Invoke 'com.kms.katalon.core.annotation.AfterTestCase' method: 'NewTestListener.sampleAfterTestCase(...)' completed.

2018-09-19 08:52:38 - [TEST_STEP][PASSED] - Statement - println(testCaseContext.getTestCaseId()): null

2018-09-19 08:52:38 - [TEST_STEP][PASSED] - Statement - println(testCaseContext.getTestCaseStatus()): Invoke 'com.kms.katalon.core.annotation.AfterTestCase' method: 'NewTestListener.sampleAfterTestCase(...)' completed.]]></system-out>
         <system-err><![CDATA[2018-09-19 08:52:21 - [TEST_CASE][FAILED] - Test Cases/Web/FUSE/TC/TC_Navigation: Test Cases/Web/FUSE/TC/TC_Navigation FAILED because (of) (Stack trace: com.kms.katalon.core.exception.StepFailedException: Unable to click on object 'Object Repository/WEB/FUSE/WF1/Page_Abaxis VetScan Fuse/Page_Abaxis VetScan Fuse/button_New Test' (Root cause: org.openqa.selenium.NoSuchWindowException: no such window: target window already closed
from unknown error: web view not found
  (Session info: chrome=68.0.3440.106)
  (Driver info: chromedriver=2.35.528161 (5b82f2d2aae0ca24b877009200ced9065a772e73),platform=Windows NT 10.0.17134 x86_64) (WARNING: The server did not provide any stacktrace information)
Command duration or timeout: 0 milliseconds
Build info: version: '3.7.1', revision: '8a0099a', time: '2017-11-06T21:07:36.161Z'
System info: host: 'PC251', ip: '192.168.1.4', os.name: 'Windows 10', os.arch: 'amd64', os.version: '10.0', java.version: '1.8.0_102'
Driver info: com.kms.katalon.selenium.driver.CChromeDriver
Capabilities {acceptInsecureCerts: false, acceptSslCerts: false, applicationCacheEnabled: false, browserConnectionEnabled: false, browserName: chrome, chrome: {chromedriverVersion: 2.35.528161 (5b82f2d2aae0ca..., userDataDir: C:\Users\Agato\AppData\Loca...}, cssSelectorsEnabled: true, databaseEnabled: false, handlesAlerts: true, hasTouchScreen: false, javascriptEnabled: true, locationContextEnabled: true, mobileEmulationEnabled: false, nativeEvents: true, networkConnectionEnabled: false, pageLoadStrategy: normal, platform: XP, platformName: XP, rotatable: false, setWindowRect: true, takesHeapSnapshot: true, takesScreenshot: true, unexpectedAlertBehaviour: , unhandledPromptBehavior: , version: 68.0.3440.106, webStorageEnabled: true}
Session ID: fe233ed804fe3faeec5d86cba7accbea
*** Element info: {Using=xpath, value=//button[@href = '#/newtest' and (text() = 'New Test' or . = 'New Test')]})
	at com.kms.katalon.core.keyword.internal.KeywordMain.stepFailed(KeywordMain.groovy:36)
	at com.kms.katalon.core.webui.keyword.internal.WebUIKeywordMain.stepFailed(WebUIKeywordMain.groovy:65)
	at com.kms.katalon.core.webui.keyword.internal.WebUIKeywordMain.runKeyword(WebUIKeywordMain.groovy:27)
	at com.kms.katalon.core.webui.keyword.builtin.ClickKeyword.click(ClickKeyword.groovy:86)
	at com.kms.katalon.core.webui.keyword.builtin.ClickKeyword.execute(ClickKeyword.groovy:67)
	at com.kms.katalon.core.keyword.internal.KeywordExecutor.executeKeywordForPlatform(KeywordExecutor.groovy:53)
	at com.kms.katalon.core.webui.keyword.WebUiBuiltInKeywords.click(WebUiBuiltInKeywords.groovy:616)
	at com.kms.katalon.core.webui.keyword.WebUiBuiltInKeywords$click$4.call(Unknown Source)
	at org.codehaus.groovy.runtime.callsite.CallSiteArray.defaultCall(CallSiteArray.java:48)
	at org.codehaus.groovy.runtime.callsite.AbstractCallSite.call(AbstractCallSite.java:113)
	at org.codehaus.groovy.runtime.callsite.AbstractCallSite.call(AbstractCallSite.java:125)
	at Script1536242183017.run(Script1536242183017.groovy:22)
	at com.kms.katalon.core.main.ScriptEngine.run(ScriptEngine.java:183)
	at com.kms.katalon.core.main.ScriptEngine.runScriptAsRawText(ScriptEngine.java:108)
	at com.kms.katalon.core.main.TestCaseExecutor.runScript(TestCaseExecutor.java:294)
	at com.kms.katalon.core.main.TestCaseExecutor.doExecute(TestCaseExecutor.java:285)
	at com.kms.katalon.core.main.TestCaseExecutor.processExecutionPhase(TestCaseExecutor.java:264)
	at com.kms.katalon.core.main.TestCaseExecutor.accessMainPhase(TestCaseExecutor.java:256)
	at com.kms.katalon.core.main.TestCaseExecutor.execute(TestCaseExecutor.java:200)
	at com.kms.katalon.core.main.TestCaseMain.runTestCase(TestCaseMain.java:99)
	at com.kms.katalon.core.keyword.builtin.CallTestCaseKeyword$_callTestCase_closure1.doCall(CallTestCaseKeyword.groovy:60)
	at com.kms.katalon.core.keyword.builtin.CallTestCaseKeyword$_callTestCase_closure1.call(CallTestCaseKeyword.groovy)
	at com.kms.katalon.core.keyword.internal.KeywordMain.runKeyword(KeywordMain.groovy:54)
	at com.kms.katalon.core.keyword.builtin.CallTestCaseKeyword.callTestCase(CallTestCaseKeyword.groovy:81)
	at com.kms.katalon.core.keyword.builtin.CallTestCaseKeyword.execute(CallTestCaseKeyword.groovy:45)
	at com.kms.katalon.core.keyword.internal.KeywordExecutor.executeKeywordForPlatform(KeywordExecutor.groovy:53)
	at com.kms.katalon.core.keyword.BuiltinKeywords.callTestCase(BuiltinKeywords.groovy:334)
	at sun.reflect.GeneratedMethodAccessor12.invoke(Unknown Source)
	at sun.reflect.DelegatingMethodAccessorImpl.invoke(DelegatingMethodAccessorImpl.java:43)
	at java.lang.reflect.Method.invoke(Method.java:498)
	at org.codehaus.groovy.reflection.CachedMethod.invoke(CachedMethod.java:93)
	at groovy.lang.MetaMethod.doMethodInvoke(MetaMethod.java:325)
	at groovy.lang.MetaClassImpl.invokeStaticMethod(MetaClassImpl.java:1469)
	at org.codehaus.groovy.runtime.callsite.StaticMetaClassSite.call(StaticMetaClassSite.java:53)
	at org.codehaus.groovy.runtime.callsite.CallSiteArray.defaultCall(CallSiteArray.java:48)
	at org.codehaus.groovy.runtime.callsite.AbstractCallSite.call(AbstractCallSite.java:113)
	at org.codehaus.groovy.runtime.callsite.AbstractCallSite.call(AbstractCallSite.java:141)
	at Script1536242320548.run(Script1536242320548.groovy:28)
	at com.kms.katalon.core.main.ScriptEngine.run(ScriptEngine.java:183)
	at com.kms.katalon.core.main.ScriptEngine.runScriptAsRawText(ScriptEngine.java:108)
	at com.kms.katalon.core.main.TestCaseExecutor.runScript(TestCaseExecutor.java:294)
	at com.kms.katalon.core.main.TestCaseExecutor.doExecute(TestCaseExecutor.java:285)
	at com.kms.katalon.core.main.TestCaseExecutor.processExecutionPhase(TestCaseExecutor.java:264)
	at com.kms.katalon.core.main.TestCaseExecutor.accessMainPhase(TestCaseExecutor.java:256)
	at com.kms.katalon.core.main.TestCaseExecutor.execute(TestCaseExecutor.java:200)
	at com.kms.katalon.core.main.TestSuiteExecutor.accessTestCaseMainPhase(TestSuiteExecutor.java:129)
	at com.kms.katalon.core.main.TestSuiteExecutor.accessTestSuiteMainPhase(TestSuiteExecutor.java:112)
	at com.kms.katalon.core.main.TestSuiteExecutor.execute(TestSuiteExecutor.java:81)
	at com.kms.katalon.core.main.TestCaseMain.startTestSuite(TestCaseMain.java:142)
	at com.kms.katalon.core.main.TestCaseMain$startTestSuite$0.call(Unknown Source)
	at org.codehaus.groovy.runtime.callsite.CallSiteArray.defaultCall(CallSiteArray.java:48)
	at org.codehaus.groovy.runtime.callsite.AbstractCallSite.call(AbstractCallSite.java:113)
	at org.codehaus.groovy.runtime.callsite.AbstractCallSite.call(AbstractCallSite.java:141)
	at TempTestSuite1537339906151.run(TempTestSuite1537339906151.groovy:36)
	at groovy.lang.GroovyShell.runScriptOrMainOrTestOrRunnable(GroovyShell.java:263)
	at groovy.lang.GroovyShell.run(GroovyShell.java:518)
	at groovy.lang.GroovyShell.run(GroovyShell.java:507)
	at groovy.ui.GroovyMain.processOnce(GroovyMain.java:653)
	at groovy.ui.GroovyMain.run(GroovyMain.java:384)
	at groovy.ui.GroovyMain.process(GroovyMain.java:370)
	at groovy.ui.GroovyMain.processArgs(GroovyMain.java:129)
	at groovy.ui.GroovyMain.main(GroovyMain.java:109)
	at sun.reflect.NativeMethodAccessorImpl.invoke0(Native Method)
	at sun.reflect.NativeMethodAccessorImpl.invoke(NativeMethodAccessorImpl.java:62)
	at sun.reflect.DelegatingMethodAccessorImpl.invoke(DelegatingMethodAccessorImpl.java:43)
	at java.lang.reflect.Method.invoke(Method.java:498)
	at org.codehaus.groovy.tools.GroovyStarter.rootLoader(GroovyStarter.java:109)
	at org.codehaus.groovy.tools.GroovyStarter.main(GroovyStarter.java:131)
)]]></system-err>
      </testcase>
      <testcase name="Test Cases/Web/FUSE/TC/TC_NewOwner" classname="Test Cases/Web/FUSE/TC/TC_NewOwner" status="FAILED">
         <failure type="FAILED" message="(Stack trace: com.kms.katalon.core.exception.StepFailedException: Unable to click on object 'Object Repository/WEB/FUSE/WF1/PatientsWF/Page_Abaxis VetScan Fuse/a_sidebar__slider__arrowlink' (Root cause: org.openqa.selenium.StaleElementReferenceException: stale element reference: element is not attached to the page document
  (Session info: chrome=68.0.3440.106)
  (Driver info: chromedriver=2.35.528161 (5b82f2d2aae0ca24b877009200ced9065a772e73),platform=Windows NT 10.0.17134 x86_64) (WARNING: The server did not provide any stacktrace information)
Command duration or timeout: 0 milliseconds
For documentation on this error, please visit: http://seleniumhq.org/exceptions/stale_element_reference.html
Build info: version: '3.7.1', revision: '8a0099a', time: '2017-11-06T21:07:36.161Z'
System info: host: 'PC251', ip: '192.168.1.4', os.name: 'Windows 10', os.arch: 'amd64', os.version: '10.0', java.version: '1.8.0_102'
Driver info: com.kms.katalon.selenium.driver.CChromeDriver
Capabilities {acceptInsecureCerts: false, acceptSslCerts: false, applicationCacheEnabled: false, browserConnectionEnabled: false, browserName: chrome, chrome: {chromedriverVersion: 2.35.528161 (5b82f2d2aae0ca..., userDataDir: C:\Users\Agato\AppData\Loca...}, cssSelectorsEnabled: true, databaseEnabled: false, handlesAlerts: true, hasTouchScreen: false, javascriptEnabled: true, locationContextEnabled: true, mobileEmulationEnabled: false, nativeEvents: true, networkConnectionEnabled: false, pageLoadStrategy: normal, platform: XP, platformName: XP, rotatable: false, setWindowRect: true, takesHeapSnapshot: true, takesScreenshot: true, unexpectedAlertBehaviour: , unhandledPromptBehavior: , version: 68.0.3440.106, webStorageEnabled: true}
Session ID: 6203af32fbf045c077e59408e5009ed2)
	at com.kms.katalon.core.keyword.internal.KeywordMain.stepFailed(KeywordMain.groovy:36)
	at com.kms.katalon.core.webui.keyword.internal.WebUIKeywordMain.stepFailed(WebUIKeywordMain.groovy:65)
	at com.kms.katalon.core.webui.keyword.internal.WebUIKeywordMain.runKeyword(WebUIKeywordMain.groovy:27)
	at com.kms.katalon.core.webui.keyword.builtin.ClickKeyword.click(ClickKeyword.groovy:86)
	at com.kms.katalon.core.webui.keyword.builtin.ClickKeyword.execute(ClickKeyword.groovy:67)
	at com.kms.katalon.core.keyword.internal.KeywordExecutor.executeKeywordForPlatform(KeywordExecutor.groovy:53)
	at com.kms.katalon.core.webui.keyword.WebUiBuiltInKeywords.click(WebUiBuiltInKeywords.groovy:616)
	at com.kms.katalon.core.webui.keyword.WebUiBuiltInKeywords$click$4.call(Unknown Source)
	at org.codehaus.groovy.runtime.callsite.CallSiteArray.defaultCall(CallSiteArray.java:48)
	at org.codehaus.groovy.runtime.callsite.AbstractCallSite.call(AbstractCallSite.java:113)
	at org.codehaus.groovy.runtime.callsite.AbstractCallSite.call(AbstractCallSite.java:125)
	at Script1536244008575.run(Script1536244008575.groovy:24)
	at com.kms.katalon.core.main.ScriptEngine.run(ScriptEngine.java:183)
	at com.kms.katalon.core.main.ScriptEngine.runScriptAsRawText(ScriptEngine.java:108)
	at com.kms.katalon.core.main.TestCaseExecutor.runScript(TestCaseExecutor.java:294)
	at com.kms.katalon.core.main.TestCaseExecutor.doExecute(TestCaseExecutor.java:285)
	at com.kms.katalon.core.main.TestCaseExecutor.processExecutionPhase(TestCaseExecutor.java:264)
	at com.kms.katalon.core.main.TestCaseExecutor.accessMainPhase(TestCaseExecutor.java:256)
	at com.kms.katalon.core.main.TestCaseExecutor.execute(TestCaseExecutor.java:200)
	at com.kms.katalon.core.main.TestCaseMain.runTestCase(TestCaseMain.java:99)
	at com.kms.katalon.core.keyword.builtin.CallTestCaseKeyword$_callTestCase_closure1.doCall(CallTestCaseKeyword.groovy:60)
	at com.kms.katalon.core.keyword.builtin.CallTestCaseKeyword$_callTestCase_closure1.call(CallTestCaseKeyword.groovy)
	at com.kms.katalon.core.keyword.internal.KeywordMain.runKeyword(KeywordMain.groovy:54)
	at com.kms.katalon.core.keyword.builtin.CallTestCaseKeyword.callTestCase(CallTestCaseKeyword.groovy:81)
	at com.kms.katalon.core.keyword.builtin.CallTestCaseKeyword.execute(CallTestCaseKeyword.groovy:45)
	at com.kms.katalon.core.keyword.internal.KeywordExecutor.executeKeywordForPlatform(KeywordExecutor.groovy:53)
	at com.kms.katalon.core.keyword.BuiltinKeywords.callTestCase(BuiltinKeywords.groovy:334)
	at sun.reflect.GeneratedMethodAccessor12.invoke(Unknown Source)
	at sun.reflect.DelegatingMethodAccessorImpl.invoke(DelegatingMethodAccessorImpl.java:43)
	at java.lang.reflect.Method.invoke(Method.java:498)
	at org.codehaus.groovy.reflection.CachedMethod.invoke(CachedMethod.java:93)
	at groovy.lang.MetaMethod.doMethodInvoke(MetaMethod.java:325)
	at groovy.lang.MetaClassImpl.invokeStaticMethod(MetaClassImpl.java:1469)
	at org.codehaus.groovy.runtime.callsite.StaticMetaClassSite.call(StaticMetaClassSite.java:53)
	at org.codehaus.groovy.runtime.callsite.CallSiteArray.defaultCall(CallSiteArray.java:48)
	at org.codehaus.groovy.runtime.callsite.AbstractCallSite.call(AbstractCallSite.java:113)
	at org.codehaus.groovy.runtime.callsite.AbstractCallSite.call(AbstractCallSite.java:141)
	at Script1536244067790.run(Script1536244067790.groovy:26)
	at com.kms.katalon.core.main.ScriptEngine.run(ScriptEngine.java:183)
	at com.kms.katalon.core.main.ScriptEngine.runScriptAsRawText(ScriptEngine.java:108)
	at com.kms.katalon.core.main.TestCaseExecutor.runScript(TestCaseExecutor.java:294)
	at com.kms.katalon.core.main.TestCaseExecutor.doExecute(TestCaseExecutor.java:285)
	at com.kms.katalon.core.main.TestCaseExecutor.processExecutionPhase(TestCaseExecutor.java:264)
	at com.kms.katalon.core.main.TestCaseExecutor.accessMainPhase(TestCaseExecutor.java:256)
	at com.kms.katalon.core.main.TestCaseExecutor.execute(TestCaseExecutor.java:200)
	at com.kms.katalon.core.main.TestSuiteExecutor.accessTestCaseMainPhase(TestSuiteExecutor.java:129)
	at com.kms.katalon.core.main.TestSuiteExecutor.accessTestSuiteMainPhase(TestSuiteExecutor.java:112)
	at com.kms.katalon.core.main.TestSuiteExecutor.execute(TestSuiteExecutor.java:81)
	at com.kms.katalon.core.main.TestCaseMain.startTestSuite(TestCaseMain.java:142)
	at com.kms.katalon.core.main.TestCaseMain$startTestSuite$0.call(Unknown Source)
	at org.codehaus.groovy.runtime.callsite.CallSiteArray.defaultCall(CallSiteArray.java:48)
	at org.codehaus.groovy.runtime.callsite.AbstractCallSite.call(AbstractCallSite.java:113)
	at org.codehaus.groovy.runtime.callsite.AbstractCallSite.call(AbstractCallSite.java:141)
	at TempTestSuite1537339906151.run(TempTestSuite1537339906151.groovy:36)
	at groovy.lang.GroovyShell.runScriptOrMainOrTestOrRunnable(GroovyShell.java:263)
	at groovy.lang.GroovyShell.run(GroovyShell.java:518)
	at groovy.lang.GroovyShell.run(GroovyShell.java:507)
	at groovy.ui.GroovyMain.processOnce(GroovyMain.java:653)
	at groovy.ui.GroovyMain.run(GroovyMain.java:384)
	at groovy.ui.GroovyMain.process(GroovyMain.java:370)
	at groovy.ui.GroovyMain.processArgs(GroovyMain.java:129)
	at groovy.ui.GroovyMain.main(GroovyMain.java:109)
	at sun.reflect.NativeMethodAccessorImpl.invoke0(Native Method)
	at sun.reflect.NativeMethodAccessorImpl.invoke(NativeMethodAccessorImpl.java:62)
	at sun.reflect.DelegatingMethodAccessorImpl.invoke(DelegatingMethodAccessorImpl.java:43)
	at java.lang.reflect.Method.invoke(Method.java:498)
	at org.codehaus.groovy.tools.GroovyStarter.rootLoader(GroovyStarter.java:109)
	at org.codehaus.groovy.tools.GroovyStarter.main(GroovyStarter.java:131)
)"/>
         <system-out><![CDATA[2018-09-19 08:52:40 - [TEST_CASE][FAILED] - Test Cases/Web/FUSE/TC/TC_NewOwner: Test Cases/Web/FUSE/TC/TC_NewOwner FAILED because (of) (Stack trace: com.kms.katalon.core.exception.StepFailedException: Unable to click on object 'Object Repository/WEB/FUSE/WF1/PatientsWF/Page_Abaxis VetScan Fuse/a_sidebar__slider__arrowlink' (Root cause: org.openqa.selenium.StaleElementReferenceException: stale element reference: element is not attached to the page document
  (Session info: chrome=68.0.3440.106)
  (Driver info: chromedriver=2.35.528161 (5b82f2d2aae0ca24b877009200ced9065a772e73),platform=Windows NT 10.0.17134 x86_64) (WARNING: The server did not provide any stacktrace information)
Command duration or timeout: 0 milliseconds
For documentation on this error, please visit: http://seleniumhq.org/exceptions/stale_element_reference.html
Build info: version: '3.7.1', revision: '8a0099a', time: '2017-11-06T21:07:36.161Z'
System info: host: 'PC251', ip: '192.168.1.4', os.name: 'Windows 10', os.arch: 'amd64', os.version: '10.0', java.version: '1.8.0_102'
Driver info: com.kms.katalon.selenium.driver.CChromeDriver
Capabilities {acceptInsecureCerts: false, acceptSslCerts: false, applicationCacheEnabled: false, browserConnectionEnabled: false, browserName: chrome, chrome: {chromedriverVersion: 2.35.528161 (5b82f2d2aae0ca..., userDataDir: C:\Users\Agato\AppData\Loca...}, cssSelectorsEnabled: true, databaseEnabled: false, handlesAlerts: true, hasTouchScreen: false, javascriptEnabled: true, locationContextEnabled: true, mobileEmulationEnabled: false, nativeEvents: true, networkConnectionEnabled: false, pageLoadStrategy: normal, platform: XP, platformName: XP, rotatable: false, setWindowRect: true, takesHeapSnapshot: true, takesScreenshot: true, unexpectedAlertBehaviour: , unhandledPromptBehavior: , version: 68.0.3440.106, webStorageEnabled: true}
Session ID: 6203af32fbf045c077e59408e5009ed2)
	at com.kms.katalon.core.keyword.internal.KeywordMain.stepFailed(KeywordMain.groovy:36)
	at com.kms.katalon.core.webui.keyword.internal.WebUIKeywordMain.stepFailed(WebUIKeywordMain.groovy:65)
	at com.kms.katalon.core.webui.keyword.internal.WebUIKeywordMain.runKeyword(WebUIKeywordMain.groovy:27)
	at com.kms.katalon.core.webui.keyword.builtin.ClickKeyword.click(ClickKeyword.groovy:86)
	at com.kms.katalon.core.webui.keyword.builtin.ClickKeyword.execute(ClickKeyword.groovy:67)
	at com.kms.katalon.core.keyword.internal.KeywordExecutor.executeKeywordForPlatform(KeywordExecutor.groovy:53)
	at com.kms.katalon.core.webui.keyword.WebUiBuiltInKeywords.click(WebUiBuiltInKeywords.groovy:616)
	at com.kms.katalon.core.webui.keyword.WebUiBuiltInKeywords$click$4.call(Unknown Source)
	at org.codehaus.groovy.runtime.callsite.CallSiteArray.defaultCall(CallSiteArray.java:48)
	at org.codehaus.groovy.runtime.callsite.AbstractCallSite.call(AbstractCallSite.java:113)
	at org.codehaus.groovy.runtime.callsite.AbstractCallSite.call(AbstractCallSite.java:125)
	at Script1536244008575.run(Script1536244008575.groovy:24)
	at com.kms.katalon.core.main.ScriptEngine.run(ScriptEngine.java:183)
	at com.kms.katalon.core.main.ScriptEngine.runScriptAsRawText(ScriptEngine.java:108)
	at com.kms.katalon.core.main.TestCaseExecutor.runScript(TestCaseExecutor.java:294)
	at com.kms.katalon.core.main.TestCaseExecutor.doExecute(TestCaseExecutor.java:285)
	at com.kms.katalon.core.main.TestCaseExecutor.processExecutionPhase(TestCaseExecutor.java:264)
	at com.kms.katalon.core.main.TestCaseExecutor.accessMainPhase(TestCaseExecutor.java:256)
	at com.kms.katalon.core.main.TestCaseExecutor.execute(TestCaseExecutor.java:200)
	at com.kms.katalon.core.main.TestCaseMain.runTestCase(TestCaseMain.java:99)
	at com.kms.katalon.core.keyword.builtin.CallTestCaseKeyword$_callTestCase_closure1.doCall(CallTestCaseKeyword.groovy:60)
	at com.kms.katalon.core.keyword.builtin.CallTestCaseKeyword$_callTestCase_closure1.call(CallTestCaseKeyword.groovy)
	at com.kms.katalon.core.keyword.internal.KeywordMain.runKeyword(KeywordMain.groovy:54)
	at com.kms.katalon.core.keyword.builtin.CallTestCaseKeyword.callTestCase(CallTestCaseKeyword.groovy:81)
	at com.kms.katalon.core.keyword.builtin.CallTestCaseKeyword.execute(CallTestCaseKeyword.groovy:45)
	at com.kms.katalon.core.keyword.internal.KeywordExecutor.executeKeywordForPlatform(KeywordExecutor.groovy:53)
	at com.kms.katalon.core.keyword.BuiltinKeywords.callTestCase(BuiltinKeywords.groovy:334)
	at sun.reflect.GeneratedMethodAccessor12.invoke(Unknown Source)
	at sun.reflect.DelegatingMethodAccessorImpl.invoke(DelegatingMethodAccessorImpl.java:43)
	at java.lang.reflect.Method.invoke(Method.java:498)
	at org.codehaus.groovy.reflection.CachedMethod.invoke(CachedMethod.java:93)
	at groovy.lang.MetaMethod.doMethodInvoke(MetaMethod.java:325)
	at groovy.lang.MetaClassImpl.invokeStaticMethod(MetaClassImpl.java:1469)
	at org.codehaus.groovy.runtime.callsite.StaticMetaClassSite.call(StaticMetaClassSite.java:53)
	at org.codehaus.groovy.runtime.callsite.CallSiteArray.defaultCall(CallSiteArray.java:48)
	at org.codehaus.groovy.runtime.callsite.AbstractCallSite.call(AbstractCallSite.java:113)
	at org.codehaus.groovy.runtime.callsite.AbstractCallSite.call(AbstractCallSite.java:141)
	at Script1536244067790.run(Script1536244067790.groovy:26)
	at com.kms.katalon.core.main.ScriptEngine.run(ScriptEngine.java:183)
	at com.kms.katalon.core.main.ScriptEngine.runScriptAsRawText(ScriptEngine.java:108)
	at com.kms.katalon.core.main.TestCaseExecutor.runScript(TestCaseExecutor.java:294)
	at com.kms.katalon.core.main.TestCaseExecutor.doExecute(TestCaseExecutor.java:285)
	at com.kms.katalon.core.main.TestCaseExecutor.processExecutionPhase(TestCaseExecutor.java:264)
	at com.kms.katalon.core.main.TestCaseExecutor.accessMainPhase(TestCaseExecutor.java:256)
	at com.kms.katalon.core.main.TestCaseExecutor.execute(TestCaseExecutor.java:200)
	at com.kms.katalon.core.main.TestSuiteExecutor.accessTestCaseMainPhase(TestSuiteExecutor.java:129)
	at com.kms.katalon.core.main.TestSuiteExecutor.accessTestSuiteMainPhase(TestSuiteExecutor.java:112)
	at com.kms.katalon.core.main.TestSuiteExecutor.execute(TestSuiteExecutor.java:81)
	at com.kms.katalon.core.main.TestCaseMain.startTestSuite(TestCaseMain.java:142)
	at com.kms.katalon.core.main.TestCaseMain$startTestSuite$0.call(Unknown Source)
	at org.codehaus.groovy.runtime.callsite.CallSiteArray.defaultCall(CallSiteArray.java:48)
	at org.codehaus.groovy.runtime.callsite.AbstractCallSite.call(AbstractCallSite.java:113)
	at org.codehaus.groovy.runtime.callsite.AbstractCallSite.call(AbstractCallSite.java:141)
	at TempTestSuite1537339906151.run(TempTestSuite1537339906151.groovy:36)
	at groovy.lang.GroovyShell.runScriptOrMainOrTestOrRunnable(GroovyShell.java:263)
	at groovy.lang.GroovyShell.run(GroovyShell.java:518)
	at groovy.lang.GroovyShell.run(GroovyShell.java:507)
	at groovy.ui.GroovyMain.processOnce(GroovyMain.java:653)
	at groovy.ui.GroovyMain.run(GroovyMain.java:384)
	at groovy.ui.GroovyMain.process(GroovyMain.java:370)
	at groovy.ui.GroovyMain.processArgs(GroovyMain.java:129)
	at groovy.ui.GroovyMain.main(GroovyMain.java:109)
	at sun.reflect.NativeMethodAccessorImpl.invoke0(Native Method)
	at sun.reflect.NativeMethodAccessorImpl.invoke(NativeMethodAccessorImpl.java:62)
	at sun.reflect.DelegatingMethodAccessorImpl.invoke(DelegatingMethodAccessorImpl.java:43)
	at java.lang.reflect.Method.invoke(Method.java:498)
	at org.codehaus.groovy.tools.GroovyStarter.rootLoader(GroovyStarter.java:109)
	at org.codehaus.groovy.tools.GroovyStarter.main(GroovyStarter.java:131)
)

2018-09-19 08:52:40 - [TEST_STEP][PASSED] - Start listener action : sampleBeforeTestCase: Invoke 'com.kms.katalon.core.annotation.BeforeTestCase' method: 'NewTestListener.sampleBeforeTestCase(...)' completed.

2018-09-19 08:52:40 - [TEST_STEP][PASSED] - Statement - println(testCaseContext.getTestCaseId()): null

2018-09-19 08:52:40 - [TEST_STEP][PASSED] - Statement - println(testCaseContext.getTestCaseVariables()): Invoke 'com.kms.katalon.core.annotation.BeforeTestCase' method: 'NewTestListener.sampleBeforeTestCase(...)' completed.

2018-09-19 08:52:40 - [TEST_STEP][PASSED] - callTestCase: Call Test Case 'Test Cases/Web/FUSE/Lib/OpenBrowser' successfully

2018-09-19 08:52:40 - [TEST_CASE][PASSED] - Test Cases/Web/FUSE/Lib/OpenBrowser: Test Cases/Web/FUSE/Lib/OpenBrowser

2018-09-19 08:52:40 - [TEST_STEP][PASSED] - openBrowser: Browser is opened with url: ''

2018-09-19 08:52:40 - [MESSAGE][WARNING] - A browser is already opened. Closing browser and opening a new one

2018-09-19 08:52:43 - [MESSAGE][PASSED] - Browser is opened with url: ''

2018-09-19 08:52:43 - [TEST_STEP][PASSED] - navigateToUrl: Navigate to 'http://192.168.1.150:8080/' successfully

2018-09-19 08:52:46 - [MESSAGE][PASSED] - Navigate to 'http://192.168.1.150:8080/' successfully

2018-09-19 08:52:46 - [TEST_STEP][PASSED] - callTestCase: Call Test Case 'Test Cases/Web/Delay' successfully

2018-09-19 08:52:46 - [TEST_CASE][PASSED] - Test Cases/Web/Delay: Test Cases/Web/Delay

2018-09-19 08:52:46 - [TEST_STEP][PASSED] - Statement - return null: null

2018-09-19 08:52:46 - [MESSAGE][PASSED] - Call Test Case 'Test Cases/Web/Delay' successfully

2018-09-19 08:52:46 - [TEST_STEP][PASSED] - maximizeWindow: Current window maximized

2018-09-19 08:52:47 - [MESSAGE][PASSED] - Current window maximized

2018-09-19 08:52:47 - [MESSAGE][PASSED] - Call Test Case 'Test Cases/Web/FUSE/Lib/OpenBrowser' successfully

2018-09-19 08:52:47 - [TEST_STEP][PASSED] - callTestCase: Call Test Case 'Test Cases/Web/FUSE/Lib/LoginFUSE' successfully

2018-09-19 08:52:47 - [TEST_CASE][PASSED] - Test Cases/Web/FUSE/Lib/LoginFUSE: Test Cases/Web/FUSE/Lib/LoginFUSE

2018-09-19 08:52:47 - [TEST_STEP][PASSED] - click: Object: 'Object Repository/WEB/FUSE/WF1/Page_Abaxis VetScan Fuse/form_Login' is clicked on

2018-09-19 08:52:48 - [MESSAGE][PASSED] - Object: 'Object Repository/WEB/FUSE/WF1/Page_Abaxis VetScan Fuse/form_Login' is clicked on

2018-09-19 08:52:48 - [TEST_STEP][PASSED] - setText: Text 'admin' is set on object 'Object Repository/WEB/FUSE/WF1/Page_Abaxis VetScan Fuse/input_username'

2018-09-19 08:52:48 - [MESSAGE][PASSED] - Text 'admin' is set on object 'Object Repository/WEB/FUSE/WF1/Page_Abaxis VetScan Fuse/input_username'

2018-09-19 08:52:48 - [TEST_STEP][PASSED] - setEncryptedText: Text ****** has been set on object 'Object Repository/WEB/FUSE/WF1/Page_Abaxis VetScan Fuse/input_password'

2018-09-19 08:52:48 - [MESSAGE][PASSED] - Text ****** has been set on object 'Object Repository/WEB/FUSE/WF1/Page_Abaxis VetScan Fuse/input_password'

2018-09-19 08:52:48 - [TEST_STEP][PASSED] - click: Object: 'Object Repository/WEB/FUSE/WF1/Page_Abaxis VetScan Fuse/button_Login' is clicked on

2018-09-19 08:52:48 - [MESSAGE][PASSED] - Object: 'Object Repository/WEB/FUSE/WF1/Page_Abaxis VetScan Fuse/button_Login' is clicked on

2018-09-19 08:52:48 - [MESSAGE][PASSED] - Call Test Case 'Test Cases/Web/FUSE/Lib/LoginFUSE' successfully

2018-09-19 08:52:48 - [TEST_STEP][FAILED] - callTestCase: Unable to call Test Case with id 'Test Cases/Web/FUSE/Lib/Menus/Patients_WF/NewOwner' (Root cause: Call Test Case 'Test Cases/Web/FUSE/Lib/Menus/Patients_WF/NewOwner' failed)

2018-09-19 08:52:48 - [TEST_CASE][FAILED] - Test Cases/Web/FUSE/Lib/Menus/Patients_WF/NewOwner: Test Cases/Web/FUSE/Lib/Menus/Patients_WF/NewOwner FAILED because (of) (Stack trace: com.kms.katalon.core.exception.StepFailedException: Unable to click on object 'Object Repository/WEB/FUSE/WF1/PatientsWF/Page_Abaxis VetScan Fuse/a_sidebar__slider__arrowlink' (Root cause: org.openqa.selenium.StaleElementReferenceException: stale element reference: element is not attached to the page document
  (Session info: chrome=68.0.3440.106)
  (Driver info: chromedriver=2.35.528161 (5b82f2d2aae0ca24b877009200ced9065a772e73),platform=Windows NT 10.0.17134 x86_64) (WARNING: The server did not provide any stacktrace information)
Command duration or timeout: 0 milliseconds
For documentation on this error, please visit: http://seleniumhq.org/exceptions/stale_element_reference.html
Build info: version: '3.7.1', revision: '8a0099a', time: '2017-11-06T21:07:36.161Z'
System info: host: 'PC251', ip: '192.168.1.4', os.name: 'Windows 10', os.arch: 'amd64', os.version: '10.0', java.version: '1.8.0_102'
Driver info: com.kms.katalon.selenium.driver.CChromeDriver
Capabilities {acceptInsecureCerts: false, acceptSslCerts: false, applicationCacheEnabled: false, browserConnectionEnabled: false, browserName: chrome, chrome: {chromedriverVersion: 2.35.528161 (5b82f2d2aae0ca..., userDataDir: C:\Users\Agato\AppData\Loca...}, cssSelectorsEnabled: true, databaseEnabled: false, handlesAlerts: true, hasTouchScreen: false, javascriptEnabled: true, locationContextEnabled: true, mobileEmulationEnabled: false, nativeEvents: true, networkConnectionEnabled: false, pageLoadStrategy: normal, platform: XP, platformName: XP, rotatable: false, setWindowRect: true, takesHeapSnapshot: true, takesScreenshot: true, unexpectedAlertBehaviour: , unhandledPromptBehavior: , version: 68.0.3440.106, webStorageEnabled: true}
Session ID: 6203af32fbf045c077e59408e5009ed2)
	at com.kms.katalon.core.keyword.internal.KeywordMain.stepFailed(KeywordMain.groovy:36)
	at com.kms.katalon.core.webui.keyword.internal.WebUIKeywordMain.stepFailed(WebUIKeywordMain.groovy:65)
	at com.kms.katalon.core.webui.keyword.internal.WebUIKeywordMain.runKeyword(WebUIKeywordMain.groovy:27)
	at com.kms.katalon.core.webui.keyword.builtin.ClickKeyword.click(ClickKeyword.groovy:86)
	at com.kms.katalon.core.webui.keyword.builtin.ClickKeyword.execute(ClickKeyword.groovy:67)
	at com.kms.katalon.core.keyword.internal.KeywordExecutor.executeKeywordForPlatform(KeywordExecutor.groovy:53)
	at com.kms.katalon.core.webui.keyword.WebUiBuiltInKeywords.click(WebUiBuiltInKeywords.groovy:616)
	at com.kms.katalon.core.webui.keyword.WebUiBuiltInKeywords$click$4.call(Unknown Source)
	at org.codehaus.groovy.runtime.callsite.CallSiteArray.defaultCall(CallSiteArray.java:48)
	at org.codehaus.groovy.runtime.callsite.AbstractCallSite.call(AbstractCallSite.java:113)
	at org.codehaus.groovy.runtime.callsite.AbstractCallSite.call(AbstractCallSite.java:125)
	at Script1536244008575.run(Script1536244008575.groovy:24)
	at com.kms.katalon.core.main.ScriptEngine.run(ScriptEngine.java:183)
	at com.kms.katalon.core.main.ScriptEngine.runScriptAsRawText(ScriptEngine.java:108)
	at com.kms.katalon.core.main.TestCaseExecutor.runScript(TestCaseExecutor.java:294)
	at com.kms.katalon.core.main.TestCaseExecutor.doExecute(TestCaseExecutor.java:285)
	at com.kms.katalon.core.main.TestCaseExecutor.processExecutionPhase(TestCaseExecutor.java:264)
	at com.kms.katalon.core.main.TestCaseExecutor.accessMainPhase(TestCaseExecutor.java:256)
	at com.kms.katalon.core.main.TestCaseExecutor.execute(TestCaseExecutor.java:200)
	at com.kms.katalon.core.main.TestCaseMain.runTestCase(TestCaseMain.java:99)
	at com.kms.katalon.core.keyword.builtin.CallTestCaseKeyword$_callTestCase_closure1.doCall(CallTestCaseKeyword.groovy:60)
	at com.kms.katalon.core.keyword.builtin.CallTestCaseKeyword$_callTestCase_closure1.call(CallTestCaseKeyword.groovy)
	at com.kms.katalon.core.keyword.internal.KeywordMain.runKeyword(KeywordMain.groovy:54)
	at com.kms.katalon.core.keyword.builtin.CallTestCaseKeyword.callTestCase(CallTestCaseKeyword.groovy:81)
	at com.kms.katalon.core.keyword.builtin.CallTestCaseKeyword.execute(CallTestCaseKeyword.groovy:45)
	at com.kms.katalon.core.keyword.internal.KeywordExecutor.executeKeywordForPlatform(KeywordExecutor.groovy:53)
	at com.kms.katalon.core.keyword.BuiltinKeywords.callTestCase(BuiltinKeywords.groovy:334)
	at sun.reflect.GeneratedMethodAccessor12.invoke(Unknown Source)
	at sun.reflect.DelegatingMethodAccessorImpl.invoke(DelegatingMethodAccessorImpl.java:43)
	at java.lang.reflect.Method.invoke(Method.java:498)
	at org.codehaus.groovy.reflection.CachedMethod.invoke(CachedMethod.java:93)
	at groovy.lang.MetaMethod.doMethodInvoke(MetaMethod.java:325)
	at groovy.lang.MetaClassImpl.invokeStaticMethod(MetaClassImpl.java:1469)
	at org.codehaus.groovy.runtime.callsite.StaticMetaClassSite.call(StaticMetaClassSite.java:53)
	at org.codehaus.groovy.runtime.callsite.CallSiteArray.defaultCall(CallSiteArray.java:48)
	at org.codehaus.groovy.runtime.callsite.AbstractCallSite.call(AbstractCallSite.java:113)
	at org.codehaus.groovy.runtime.callsite.AbstractCallSite.call(AbstractCallSite.java:141)
	at Script1536244067790.run(Script1536244067790.groovy:26)
	at com.kms.katalon.core.main.ScriptEngine.run(ScriptEngine.java:183)
	at com.kms.katalon.core.main.ScriptEngine.runScriptAsRawText(ScriptEngine.java:108)
	at com.kms.katalon.core.main.TestCaseExecutor.runScript(TestCaseExecutor.java:294)
	at com.kms.katalon.core.main.TestCaseExecutor.doExecute(TestCaseExecutor.java:285)
	at com.kms.katalon.core.main.TestCaseExecutor.processExecutionPhase(TestCaseExecutor.java:264)
	at com.kms.katalon.core.main.TestCaseExecutor.accessMainPhase(TestCaseExecutor.java:256)
	at com.kms.katalon.core.main.TestCaseExecutor.execute(TestCaseExecutor.java:200)
	at com.kms.katalon.core.main.TestSuiteExecutor.accessTestCaseMainPhase(TestSuiteExecutor.java:129)
	at com.kms.katalon.core.main.TestSuiteExecutor.accessTestSuiteMainPhase(TestSuiteExecutor.java:112)
	at com.kms.katalon.core.main.TestSuiteExecutor.execute(TestSuiteExecutor.java:81)
	at com.kms.katalon.core.main.TestCaseMain.startTestSuite(TestCaseMain.java:142)
	at com.kms.katalon.core.main.TestCaseMain$startTestSuite$0.call(Unknown Source)
	at org.codehaus.groovy.runtime.callsite.CallSiteArray.defaultCall(CallSiteArray.java:48)
	at org.codehaus.groovy.runtime.callsite.AbstractCallSite.call(AbstractCallSite.java:113)
	at org.codehaus.groovy.runtime.callsite.AbstractCallSite.call(AbstractCallSite.java:141)
	at TempTestSuite1537339906151.run(TempTestSuite1537339906151.groovy:36)
	at groovy.lang.GroovyShell.runScriptOrMainOrTestOrRunnable(GroovyShell.java:263)
	at groovy.lang.GroovyShell.run(GroovyShell.java:518)
	at groovy.lang.GroovyShell.run(GroovyShell.java:507)
	at groovy.ui.GroovyMain.processOnce(GroovyMain.java:653)
	at groovy.ui.GroovyMain.run(GroovyMain.java:384)
	at groovy.ui.GroovyMain.process(GroovyMain.java:370)
	at groovy.ui.GroovyMain.processArgs(GroovyMain.java:129)
	at groovy.ui.GroovyMain.main(GroovyMain.java:109)
	at sun.reflect.NativeMethodAccessorImpl.invoke0(Native Method)
	at sun.reflect.NativeMethodAccessorImpl.invoke(NativeMethodAccessorImpl.java:62)
	at sun.reflect.DelegatingMethodAccessorImpl.invoke(DelegatingMethodAccessorImpl.java:43)
	at java.lang.reflect.Method.invoke(Method.java:498)
	at org.codehaus.groovy.tools.GroovyStarter.rootLoader(GroovyStarter.java:109)
	at org.codehaus.groovy.tools.GroovyStarter.main(GroovyStarter.java:131)
)

2018-09-19 08:52:48 - [TEST_STEP][PASSED] - callTestCase: Call Test Case 'Test Cases/Web/FUSE/Lib/Menus/Patients_WF/Patients' successfully

2018-09-19 08:52:48 - [TEST_CASE][PASSED] - Test Cases/Web/FUSE/Lib/Menus/Patients_WF/Patients: Test Cases/Web/FUSE/Lib/Menus/Patients_WF/Patients

2018-09-19 08:52:48 - [TEST_STEP][PASSED] - click: Object: 'Object Repository/WEB/FUSE/WF1/Page_Abaxis VetScan Fuse/Page_Abaxis VetScan Fuse/a_Patients' is clicked on

2018-09-19 08:52:49 - [MESSAGE][PASSED] - Object: 'Object Repository/WEB/FUSE/WF1/Page_Abaxis VetScan Fuse/Page_Abaxis VetScan Fuse/a_Patients' is clicked on

2018-09-19 08:52:49 - [MESSAGE][PASSED] - Call Test Case 'Test Cases/Web/FUSE/Lib/Menus/Patients_WF/Patients' successfully

2018-09-19 08:52:49 - [TEST_STEP][FAILED] - click: Unable to click on object 'Object Repository/WEB/FUSE/WF1/PatientsWF/Page_Abaxis VetScan Fuse/a_sidebar__slider__arrowlink' (Root cause: org.openqa.selenium.StaleElementReferenceException: stale element reference: element is not attached to the page document
  (Session info: chrome=68.0.3440.106)
  (Driver info: chromedriver=2.35.528161 (5b82f2d2aae0ca24b877009200ced9065a772e73),platform=Windows NT 10.0.17134 x86_64) (WARNING: The server did not provide any stacktrace information)
Command duration or timeout: 0 milliseconds
For documentation on this error, please visit: http://seleniumhq.org/exceptions/stale_element_reference.html
Build info: version: '3.7.1', revision: '8a0099a', time: '2017-11-06T21:07:36.161Z'
System info: host: 'PC251', ip: '192.168.1.4', os.name: 'Windows 10', os.arch: 'amd64', os.version: '10.0', java.version: '1.8.0_102'
Driver info: com.kms.katalon.selenium.driver.CChromeDriver
Capabilities {acceptInsecureCerts: false, acceptSslCerts: false, applicationCacheEnabled: false, browserConnectionEnabled: false, browserName: chrome, chrome: {chromedriverVersion: 2.35.528161 (5b82f2d2aae0ca..., userDataDir: C:\Users\Agato\AppData\Loca...}, cssSelectorsEnabled: true, databaseEnabled: false, handlesAlerts: true, hasTouchScreen: false, javascriptEnabled: true, locationContextEnabled: true, mobileEmulationEnabled: false, nativeEvents: true, networkConnectionEnabled: false, pageLoadStrategy: normal, platform: XP, platformName: XP, rotatable: false, setWindowRect: true, takesHeapSnapshot: true, takesScreenshot: true, unexpectedAlertBehaviour: , unhandledPromptBehavior: , version: 68.0.3440.106, webStorageEnabled: true}
Session ID: 6203af32fbf045c077e59408e5009ed2)

2018-09-19 08:52:50 - [MESSAGE][FAILED] - Unable to click on object 'Object Repository/WEB/FUSE/WF1/PatientsWF/Page_Abaxis VetScan Fuse/a_sidebar__slider__arrowlink' (Root cause: org.openqa.selenium.StaleElementReferenceException: stale element reference: element is not attached to the page document
  (Session info: chrome=68.0.3440.106)
  (Driver info: chromedriver=2.35.528161 (5b82f2d2aae0ca24b877009200ced9065a772e73),platform=Windows NT 10.0.17134 x86_64) (WARNING: The server did not provide any stacktrace information)
Command duration or timeout: 0 milliseconds
For documentation on this error, please visit: http://seleniumhq.org/exceptions/stale_element_reference.html
Build info: version: '3.7.1', revision: '8a0099a', time: '2017-11-06T21:07:36.161Z'
System info: host: 'PC251', ip: '192.168.1.4', os.name: 'Windows 10', os.arch: 'amd64', os.version: '10.0', java.version: '1.8.0_102'
Driver info: com.kms.katalon.selenium.driver.CChromeDriver
Capabilities {acceptInsecureCerts: false, acceptSslCerts: false, applicationCacheEnabled: false, browserConnectionEnabled: false, browserName: chrome, chrome: {chromedriverVersion: 2.35.528161 (5b82f2d2aae0ca..., userDataDir: C:\Users\Agato\AppData\Loca...}, cssSelectorsEnabled: true, databaseEnabled: false, handlesAlerts: true, hasTouchScreen: false, javascriptEnabled: true, locationContextEnabled: true, mobileEmulationEnabled: false, nativeEvents: true, networkConnectionEnabled: false, pageLoadStrategy: normal, platform: XP, platformName: XP, rotatable: false, setWindowRect: true, takesHeapSnapshot: true, takesScreenshot: true, unexpectedAlertBehaviour: , unhandledPromptBehavior: , version: 68.0.3440.106, webStorageEnabled: true}
Session ID: 6203af32fbf045c077e59408e5009ed2)
[[ATTACHMENT|C:\\Users\\Agato\\git\\Abaxis\\Reports\\TS_Web\\20180919_085146\\1537339970116.png]]

2018-09-19 08:52:50 - [MESSAGE][FAILED] - Unable to call Test Case with id 'Test Cases/Web/FUSE/Lib/Menus/Patients_WF/NewOwner' (Root cause: Call Test Case 'Test Cases/Web/FUSE/Lib/Menus/Patients_WF/NewOwner' failed)

2018-09-19 08:52:50 - [TEST_STEP][PASSED] - Start listener action : sampleAfterTestCase: Invoke 'com.kms.katalon.core.annotation.AfterTestCase' method: 'NewTestListener.sampleAfterTestCase(...)' completed.

2018-09-19 08:52:50 - [TEST_STEP][PASSED] - Statement - println(testCaseContext.getTestCaseId()): null

2018-09-19 08:52:50 - [TEST_STEP][PASSED] - Statement - println(testCaseContext.getTestCaseStatus()): Invoke 'com.kms.katalon.core.annotation.AfterTestCase' method: 'NewTestListener.sampleAfterTestCase(...)' completed.]]></system-out>
         <system-err><![CDATA[2018-09-19 08:52:40 - [TEST_CASE][FAILED] - Test Cases/Web/FUSE/TC/TC_NewOwner: Test Cases/Web/FUSE/TC/TC_NewOwner FAILED because (of) (Stack trace: com.kms.katalon.core.exception.StepFailedException: Unable to click on object 'Object Repository/WEB/FUSE/WF1/PatientsWF/Page_Abaxis VetScan Fuse/a_sidebar__slider__arrowlink' (Root cause: org.openqa.selenium.StaleElementReferenceException: stale element reference: element is not attached to the page document
  (Session info: chrome=68.0.3440.106)
  (Driver info: chromedriver=2.35.528161 (5b82f2d2aae0ca24b877009200ced9065a772e73),platform=Windows NT 10.0.17134 x86_64) (WARNING: The server did not provide any stacktrace information)
Command duration or timeout: 0 milliseconds
For documentation on this error, please visit: http://seleniumhq.org/exceptions/stale_element_reference.html
Build info: version: '3.7.1', revision: '8a0099a', time: '2017-11-06T21:07:36.161Z'
System info: host: 'PC251', ip: '192.168.1.4', os.name: 'Windows 10', os.arch: 'amd64', os.version: '10.0', java.version: '1.8.0_102'
Driver info: com.kms.katalon.selenium.driver.CChromeDriver
Capabilities {acceptInsecureCerts: false, acceptSslCerts: false, applicationCacheEnabled: false, browserConnectionEnabled: false, browserName: chrome, chrome: {chromedriverVersion: 2.35.528161 (5b82f2d2aae0ca..., userDataDir: C:\Users\Agato\AppData\Loca...}, cssSelectorsEnabled: true, databaseEnabled: false, handlesAlerts: true, hasTouchScreen: false, javascriptEnabled: true, locationContextEnabled: true, mobileEmulationEnabled: false, nativeEvents: true, networkConnectionEnabled: false, pageLoadStrategy: normal, platform: XP, platformName: XP, rotatable: false, setWindowRect: true, takesHeapSnapshot: true, takesScreenshot: true, unexpectedAlertBehaviour: , unhandledPromptBehavior: , version: 68.0.3440.106, webStorageEnabled: true}
Session ID: 6203af32fbf045c077e59408e5009ed2)
	at com.kms.katalon.core.keyword.internal.KeywordMain.stepFailed(KeywordMain.groovy:36)
	at com.kms.katalon.core.webui.keyword.internal.WebUIKeywordMain.stepFailed(WebUIKeywordMain.groovy:65)
	at com.kms.katalon.core.webui.keyword.internal.WebUIKeywordMain.runKeyword(WebUIKeywordMain.groovy:27)
	at com.kms.katalon.core.webui.keyword.builtin.ClickKeyword.click(ClickKeyword.groovy:86)
	at com.kms.katalon.core.webui.keyword.builtin.ClickKeyword.execute(ClickKeyword.groovy:67)
	at com.kms.katalon.core.keyword.internal.KeywordExecutor.executeKeywordForPlatform(KeywordExecutor.groovy:53)
	at com.kms.katalon.core.webui.keyword.WebUiBuiltInKeywords.click(WebUiBuiltInKeywords.groovy:616)
	at com.kms.katalon.core.webui.keyword.WebUiBuiltInKeywords$click$4.call(Unknown Source)
	at org.codehaus.groovy.runtime.callsite.CallSiteArray.defaultCall(CallSiteArray.java:48)
	at org.codehaus.groovy.runtime.callsite.AbstractCallSite.call(AbstractCallSite.java:113)
	at org.codehaus.groovy.runtime.callsite.AbstractCallSite.call(AbstractCallSite.java:125)
	at Script1536244008575.run(Script1536244008575.groovy:24)
	at com.kms.katalon.core.main.ScriptEngine.run(ScriptEngine.java:183)
	at com.kms.katalon.core.main.ScriptEngine.runScriptAsRawText(ScriptEngine.java:108)
	at com.kms.katalon.core.main.TestCaseExecutor.runScript(TestCaseExecutor.java:294)
	at com.kms.katalon.core.main.TestCaseExecutor.doExecute(TestCaseExecutor.java:285)
	at com.kms.katalon.core.main.TestCaseExecutor.processExecutionPhase(TestCaseExecutor.java:264)
	at com.kms.katalon.core.main.TestCaseExecutor.accessMainPhase(TestCaseExecutor.java:256)
	at com.kms.katalon.core.main.TestCaseExecutor.execute(TestCaseExecutor.java:200)
	at com.kms.katalon.core.main.TestCaseMain.runTestCase(TestCaseMain.java:99)
	at com.kms.katalon.core.keyword.builtin.CallTestCaseKeyword$_callTestCase_closure1.doCall(CallTestCaseKeyword.groovy:60)
	at com.kms.katalon.core.keyword.builtin.CallTestCaseKeyword$_callTestCase_closure1.call(CallTestCaseKeyword.groovy)
	at com.kms.katalon.core.keyword.internal.KeywordMain.runKeyword(KeywordMain.groovy:54)
	at com.kms.katalon.core.keyword.builtin.CallTestCaseKeyword.callTestCase(CallTestCaseKeyword.groovy:81)
	at com.kms.katalon.core.keyword.builtin.CallTestCaseKeyword.execute(CallTestCaseKeyword.groovy:45)
	at com.kms.katalon.core.keyword.internal.KeywordExecutor.executeKeywordForPlatform(KeywordExecutor.groovy:53)
	at com.kms.katalon.core.keyword.BuiltinKeywords.callTestCase(BuiltinKeywords.groovy:334)
	at sun.reflect.GeneratedMethodAccessor12.invoke(Unknown Source)
	at sun.reflect.DelegatingMethodAccessorImpl.invoke(DelegatingMethodAccessorImpl.java:43)
	at java.lang.reflect.Method.invoke(Method.java:498)
	at org.codehaus.groovy.reflection.CachedMethod.invoke(CachedMethod.java:93)
	at groovy.lang.MetaMethod.doMethodInvoke(MetaMethod.java:325)
	at groovy.lang.MetaClassImpl.invokeStaticMethod(MetaClassImpl.java:1469)
	at org.codehaus.groovy.runtime.callsite.StaticMetaClassSite.call(StaticMetaClassSite.java:53)
	at org.codehaus.groovy.runtime.callsite.CallSiteArray.defaultCall(CallSiteArray.java:48)
	at org.codehaus.groovy.runtime.callsite.AbstractCallSite.call(AbstractCallSite.java:113)
	at org.codehaus.groovy.runtime.callsite.AbstractCallSite.call(AbstractCallSite.java:141)
	at Script1536244067790.run(Script1536244067790.groovy:26)
	at com.kms.katalon.core.main.ScriptEngine.run(ScriptEngine.java:183)
	at com.kms.katalon.core.main.ScriptEngine.runScriptAsRawText(ScriptEngine.java:108)
	at com.kms.katalon.core.main.TestCaseExecutor.runScript(TestCaseExecutor.java:294)
	at com.kms.katalon.core.main.TestCaseExecutor.doExecute(TestCaseExecutor.java:285)
	at com.kms.katalon.core.main.TestCaseExecutor.processExecutionPhase(TestCaseExecutor.java:264)
	at com.kms.katalon.core.main.TestCaseExecutor.accessMainPhase(TestCaseExecutor.java:256)
	at com.kms.katalon.core.main.TestCaseExecutor.execute(TestCaseExecutor.java:200)
	at com.kms.katalon.core.main.TestSuiteExecutor.accessTestCaseMainPhase(TestSuiteExecutor.java:129)
	at com.kms.katalon.core.main.TestSuiteExecutor.accessTestSuiteMainPhase(TestSuiteExecutor.java:112)
	at com.kms.katalon.core.main.TestSuiteExecutor.execute(TestSuiteExecutor.java:81)
	at com.kms.katalon.core.main.TestCaseMain.startTestSuite(TestCaseMain.java:142)
	at com.kms.katalon.core.main.TestCaseMain$startTestSuite$0.call(Unknown Source)
	at org.codehaus.groovy.runtime.callsite.CallSiteArray.defaultCall(CallSiteArray.java:48)
	at org.codehaus.groovy.runtime.callsite.AbstractCallSite.call(AbstractCallSite.java:113)
	at org.codehaus.groovy.runtime.callsite.AbstractCallSite.call(AbstractCallSite.java:141)
	at TempTestSuite1537339906151.run(TempTestSuite1537339906151.groovy:36)
	at groovy.lang.GroovyShell.runScriptOrMainOrTestOrRunnable(GroovyShell.java:263)
	at groovy.lang.GroovyShell.run(GroovyShell.java:518)
	at groovy.lang.GroovyShell.run(GroovyShell.java:507)
	at groovy.ui.GroovyMain.processOnce(GroovyMain.java:653)
	at groovy.ui.GroovyMain.run(GroovyMain.java:384)
	at groovy.ui.GroovyMain.process(GroovyMain.java:370)
	at groovy.ui.GroovyMain.processArgs(GroovyMain.java:129)
	at groovy.ui.GroovyMain.main(GroovyMain.java:109)
	at sun.reflect.NativeMethodAccessorImpl.invoke0(Native Method)
	at sun.reflect.NativeMethodAccessorImpl.invoke(NativeMethodAccessorImpl.java:62)
	at sun.reflect.DelegatingMethodAccessorImpl.invoke(DelegatingMethodAccessorImpl.java:43)
	at java.lang.reflect.Method.invoke(Method.java:498)
	at org.codehaus.groovy.tools.GroovyStarter.rootLoader(GroovyStarter.java:109)
	at org.codehaus.groovy.tools.GroovyStarter.main(GroovyStarter.java:131)
)]]></system-err>
      </testcase>
      <testcase name="Test Cases/Web/BO VUE/TC/VUE BO Main Screen" classname="Test Cases/Web/BO VUE/TC/VUE BO Main Screen" status="PASSED">
         <system-out><![CDATA[2018-09-19 08:52:52 - [TEST_CASE][PASSED] - Test Cases/Web/BO VUE/TC/VUE BO Main Screen: Test Cases/Web/BO VUE/TC/VUE BO Main Screen

2018-09-19 08:52:52 - [TEST_STEP][PASSED] - Start listener action : sampleBeforeTestCase: Invoke 'com.kms.katalon.core.annotation.BeforeTestCase' method: 'NewTestListener.sampleBeforeTestCase(...)' completed.

2018-09-19 08:52:52 - [TEST_STEP][PASSED] - Statement - println(testCaseContext.getTestCaseId()): null

2018-09-19 08:52:52 - [TEST_STEP][PASSED] - Statement - println(testCaseContext.getTestCaseVariables()): Invoke 'com.kms.katalon.core.annotation.BeforeTestCase' method: 'NewTestListener.sampleBeforeTestCase(...)' completed.

2018-09-19 08:52:52 - [TEST_STEP][PASSED] - callTestCase: Call Test Case 'Test Cases/Web/BO VUE/LIB/OpenBrowser' successfully

2018-09-19 08:52:52 - [TEST_CASE][PASSED] - Test Cases/Web/BO VUE/LIB/OpenBrowser: Test Cases/Web/BO VUE/LIB/OpenBrowser

2018-09-19 08:52:53 - [TEST_STEP][PASSED] - openBrowser: Browser is opened with url: ''

2018-09-19 08:52:53 - [MESSAGE][WARNING] - A browser is already opened. Closing browser and opening a new one

2018-09-19 08:52:55 - [MESSAGE][PASSED] - Browser is opened with url: ''

2018-09-19 08:52:55 - [TEST_STEP][PASSED] - navigateToUrl: Navigate to 'https://vueint-public.opentrends.net/vetscan-vue' successfully

2018-09-19 08:52:56 - [MESSAGE][PASSED] - Navigate to 'https://vueint-public.opentrends.net/vetscan-vue' successfully

2018-09-19 08:52:56 - [TEST_STEP][PASSED] - callTestCase: Call Test Case 'Test Cases/Web/Delay' successfully

2018-09-19 08:52:56 - [TEST_CASE][PASSED] - Test Cases/Web/Delay: Test Cases/Web/Delay

2018-09-19 08:52:56 - [TEST_STEP][PASSED] - Statement - return null: null

2018-09-19 08:52:56 - [MESSAGE][PASSED] - Call Test Case 'Test Cases/Web/Delay' successfully

2018-09-19 08:52:56 - [TEST_STEP][PASSED] - maximizeWindow: Current window maximized

2018-09-19 08:52:57 - [MESSAGE][PASSED] - Current window maximized

2018-09-19 08:52:57 - [MESSAGE][PASSED] - Call Test Case 'Test Cases/Web/BO VUE/LIB/OpenBrowser' successfully

2018-09-19 08:52:57 - [TEST_STEP][PASSED] - callTestCase: Call Test Case 'Test Cases/Web/BO VUE/LIB/Login' successfully

2018-09-19 08:52:57 - [TEST_CASE][PASSED] - Test Cases/Web/BO VUE/LIB/Login: Test Cases/Web/BO VUE/LIB/Login

2018-09-19 08:52:58 - [TEST_STEP][PASSED] - setText: Text 'admin' is set on object 'Object Repository/WEB/BO VUE/WF1/Page_VetScan VUE - Backoffice/input_LOG IN_j_username'

2018-09-19 08:52:58 - [MESSAGE][PASSED] - Text 'admin' is set on object 'Object Repository/WEB/BO VUE/WF1/Page_VetScan VUE - Backoffice/input_LOG IN_j_username'

2018-09-19 08:52:58 - [TEST_STEP][PASSED] - setEncryptedText: Text ****** has been set on object 'Object Repository/WEB/BO VUE/WF1/Page_VetScan VUE - Backoffice/input_LOG IN_j_password'

2018-09-19 08:52:58 - [MESSAGE][PASSED] - Text ****** has been set on object 'Object Repository/WEB/BO VUE/WF1/Page_VetScan VUE - Backoffice/input_LOG IN_j_password'

2018-09-19 08:52:58 - [TEST_STEP][PASSED] - click: Object: 'Object Repository/WEB/BO VUE/WF1/Page_VetScan VUE - Backoffice/div_LOG IN' is clicked on

2018-09-19 08:52:59 - [MESSAGE][PASSED] - Object: 'Object Repository/WEB/BO VUE/WF1/Page_VetScan VUE - Backoffice/div_LOG IN' is clicked on

2018-09-19 08:52:59 - [MESSAGE][PASSED] - Call Test Case 'Test Cases/Web/BO VUE/LIB/Login' successfully

2018-09-19 08:52:59 - [TEST_STEP][PASSED] - callTestCase: Call Test Case 'Test Cases/Web/BO VUE/LIB/MenuBara/MenuBar' successfully

2018-09-19 08:52:59 - [TEST_CASE][PASSED] - Test Cases/Web/BO VUE/LIB/MenuBara/MenuBar: Test Cases/Web/BO VUE/LIB/MenuBara/MenuBar

2018-09-19 08:52:59 - [TEST_STEP][PASSED] - callTestCase: Call Test Case 'Test Cases/Web/BO VUE/LIB/Menus/Clinics' successfully

2018-09-19 08:52:59 - [TEST_CASE][PASSED] - Test Cases/Web/BO VUE/LIB/Menus/Clinics: Test Cases/Web/BO VUE/LIB/Menus/Clinics

2018-09-19 08:52:59 - [TEST_STEP][PASSED] - click: Object: 'Object Repository/WEB/BO VUE/WF1/Page_VetScan VUE - Backoffice/a_Clinics' is clicked on

2018-09-19 08:52:59 - [MESSAGE][PASSED] - Object: 'Object Repository/WEB/BO VUE/WF1/Page_VetScan VUE - Backoffice/a_Clinics' is clicked on

2018-09-19 08:52:59 - [MESSAGE][PASSED] - Call Test Case 'Test Cases/Web/BO VUE/LIB/Menus/Clinics' successfully

2018-09-19 08:52:59 - [TEST_STEP][PASSED] - callTestCase: Call Test Case 'Test Cases/Web/BO VUE/LIB/Home' successfully

2018-09-19 08:53:00 - [TEST_CASE][PASSED] - Test Cases/Web/BO VUE/LIB/Home: Test Cases/Web/BO VUE/LIB/Home

2018-09-19 08:53:00 - [TEST_STEP][PASSED] - click: Object: 'Object Repository/WEB/BO VUE/WF1/Page_VetScan VUE - Backoffice/Page_VetScan VUE - Backoffice/img' is clicked on

2018-09-19 08:53:00 - [MESSAGE][PASSED] - Object: 'Object Repository/WEB/BO VUE/WF1/Page_VetScan VUE - Backoffice/Page_VetScan VUE - Backoffice/img' is clicked on

2018-09-19 08:53:00 - [MESSAGE][PASSED] - Call Test Case 'Test Cases/Web/BO VUE/LIB/Home' successfully

2018-09-19 08:53:00 - [TEST_STEP][PASSED] - callTestCase: Call Test Case 'Test Cases/Web/BO VUE/LIB/Menus/Lots' successfully

2018-09-19 08:53:00 - [TEST_CASE][PASSED] - Test Cases/Web/BO VUE/LIB/Menus/Lots: Test Cases/Web/BO VUE/LIB/Menus/Lots

2018-09-19 08:53:00 - [TEST_STEP][PASSED] - click: Object: 'Object Repository/WEB/BO VUE/WF1/Page_VetScan VUE - Backoffice/a_Lot' is clicked on

2018-09-19 08:53:01 - [MESSAGE][PASSED] - Object: 'Object Repository/WEB/BO VUE/WF1/Page_VetScan VUE - Backoffice/a_Lot' is clicked on

2018-09-19 08:53:01 - [MESSAGE][PASSED] - Call Test Case 'Test Cases/Web/BO VUE/LIB/Menus/Lots' successfully

2018-09-19 08:53:01 - [TEST_STEP][PASSED] - callTestCase: Call Test Case 'Test Cases/Web/BO VUE/LIB/Home' successfully

2018-09-19 08:53:01 - [TEST_CASE][PASSED] - Test Cases/Web/BO VUE/LIB/Home: Test Cases/Web/BO VUE/LIB/Home

2018-09-19 08:53:01 - [TEST_STEP][PASSED] - click: Object: 'Object Repository/WEB/BO VUE/WF1/Page_VetScan VUE - Backoffice/Page_VetScan VUE - Backoffice/img' is clicked on

2018-09-19 08:53:01 - [MESSAGE][PASSED] - Object: 'Object Repository/WEB/BO VUE/WF1/Page_VetScan VUE - Backoffice/Page_VetScan VUE - Backoffice/img' is clicked on

2018-09-19 08:53:01 - [MESSAGE][PASSED] - Call Test Case 'Test Cases/Web/BO VUE/LIB/Home' successfully

2018-09-19 08:53:01 - [TEST_STEP][PASSED] - callTestCase: Call Test Case 'Test Cases/Web/BO VUE/LIB/Menus/Stadistics' successfully

2018-09-19 08:53:01 - [TEST_CASE][PASSED] - Test Cases/Web/BO VUE/LIB/Menus/Stadistics: Test Cases/Web/BO VUE/LIB/Menus/Stadistics

2018-09-19 08:53:01 - [TEST_STEP][PASSED] - click: Object: 'Object Repository/WEB/BO VUE/WF1/Page_VetScan VUE - Backoffice/a_Statistics' is clicked on

2018-09-19 08:53:02 - [MESSAGE][PASSED] - Object: 'Object Repository/WEB/BO VUE/WF1/Page_VetScan VUE - Backoffice/a_Statistics' is clicked on

2018-09-19 08:53:02 - [MESSAGE][PASSED] - Call Test Case 'Test Cases/Web/BO VUE/LIB/Menus/Stadistics' successfully

2018-09-19 08:53:02 - [TEST_STEP][PASSED] - callTestCase: Call Test Case 'Test Cases/Web/BO VUE/LIB/Home' successfully

2018-09-19 08:53:02 - [TEST_CASE][PASSED] - Test Cases/Web/BO VUE/LIB/Home: Test Cases/Web/BO VUE/LIB/Home

2018-09-19 08:53:02 - [TEST_STEP][PASSED] - click: Object: 'Object Repository/WEB/BO VUE/WF1/Page_VetScan VUE - Backoffice/Page_VetScan VUE - Backoffice/img' is clicked on

2018-09-19 08:53:02 - [MESSAGE][PASSED] - Object: 'Object Repository/WEB/BO VUE/WF1/Page_VetScan VUE - Backoffice/Page_VetScan VUE - Backoffice/img' is clicked on

2018-09-19 08:53:02 - [MESSAGE][PASSED] - Call Test Case 'Test Cases/Web/BO VUE/LIB/Home' successfully

2018-09-19 08:53:02 - [TEST_STEP][PASSED] - callTestCase: Call Test Case 'Test Cases/Web/BO VUE/LIB/Menus/Test' successfully

2018-09-19 08:53:02 - [TEST_CASE][PASSED] - Test Cases/Web/BO VUE/LIB/Menus/Test: Test Cases/Web/BO VUE/LIB/Menus/Test

2018-09-19 08:53:02 - [TEST_STEP][PASSED] - click: Object: 'Object Repository/WEB/BO VUE/WF1/Page_VetScan VUE - Backoffice/a_Tests' is clicked on

2018-09-19 08:53:03 - [MESSAGE][PASSED] - Object: 'Object Repository/WEB/BO VUE/WF1/Page_VetScan VUE - Backoffice/a_Tests' is clicked on

2018-09-19 08:53:03 - [MESSAGE][PASSED] - Call Test Case 'Test Cases/Web/BO VUE/LIB/Menus/Test' successfully

2018-09-19 08:53:03 - [TEST_STEP][PASSED] - callTestCase: Call Test Case 'Test Cases/Web/BO VUE/LIB/Home' successfully

2018-09-19 08:53:03 - [TEST_CASE][PASSED] - Test Cases/Web/BO VUE/LIB/Home: Test Cases/Web/BO VUE/LIB/Home

2018-09-19 08:53:03 - [TEST_STEP][PASSED] - click: Object: 'Object Repository/WEB/BO VUE/WF1/Page_VetScan VUE - Backoffice/Page_VetScan VUE - Backoffice/img' is clicked on

2018-09-19 08:53:03 - [MESSAGE][PASSED] - Object: 'Object Repository/WEB/BO VUE/WF1/Page_VetScan VUE - Backoffice/Page_VetScan VUE - Backoffice/img' is clicked on

2018-09-19 08:53:03 - [MESSAGE][PASSED] - Call Test Case 'Test Cases/Web/BO VUE/LIB/Home' successfully

2018-09-19 08:53:03 - [TEST_STEP][PASSED] - callTestCase: Call Test Case 'Test Cases/Web/BO VUE/LIB/Menus/Users' successfully

2018-09-19 08:53:03 - [TEST_CASE][PASSED] - Test Cases/Web/BO VUE/LIB/Menus/Users: Test Cases/Web/BO VUE/LIB/Menus/Users

2018-09-19 08:53:03 - [TEST_STEP][PASSED] - click: Object: 'Object Repository/WEB/BO VUE/WF1/Page_VetScan VUE - Backoffice/a_Users' is clicked on

2018-09-19 08:53:04 - [MESSAGE][PASSED] - Object: 'Object Repository/WEB/BO VUE/WF1/Page_VetScan VUE - Backoffice/a_Users' is clicked on

2018-09-19 08:53:04 - [MESSAGE][PASSED] - Call Test Case 'Test Cases/Web/BO VUE/LIB/Menus/Users' successfully

2018-09-19 08:53:04 - [TEST_STEP][PASSED] - callTestCase: Call Test Case 'Test Cases/Web/BO VUE/LIB/Home' successfully

2018-09-19 08:53:04 - [TEST_CASE][PASSED] - Test Cases/Web/BO VUE/LIB/Home: Test Cases/Web/BO VUE/LIB/Home

2018-09-19 08:53:04 - [TEST_STEP][PASSED] - click: Object: 'Object Repository/WEB/BO VUE/WF1/Page_VetScan VUE - Backoffice/Page_VetScan VUE - Backoffice/img' is clicked on

2018-09-19 08:53:04 - [MESSAGE][PASSED] - Object: 'Object Repository/WEB/BO VUE/WF1/Page_VetScan VUE - Backoffice/Page_VetScan VUE - Backoffice/img' is clicked on

2018-09-19 08:53:04 - [MESSAGE][PASSED] - Call Test Case 'Test Cases/Web/BO VUE/LIB/Home' successfully

2018-09-19 08:53:04 - [TEST_STEP][PASSED] - callTestCase: Call Test Case 'Test Cases/Web/BO VUE/LIB/Menus/Versions' successfully

2018-09-19 08:53:05 - [TEST_CASE][PASSED] - Test Cases/Web/BO VUE/LIB/Menus/Versions: Test Cases/Web/BO VUE/LIB/Menus/Versions

2018-09-19 08:53:05 - [TEST_STEP][PASSED] - click: Object: 'Object Repository/WEB/BO VUE/WF1/Page_VetScan VUE - Backoffice/a_Versions' is clicked on

2018-09-19 08:53:05 - [MESSAGE][PASSED] - Object: 'Object Repository/WEB/BO VUE/WF1/Page_VetScan VUE - Backoffice/a_Versions' is clicked on

2018-09-19 08:53:05 - [MESSAGE][PASSED] - Call Test Case 'Test Cases/Web/BO VUE/LIB/Menus/Versions' successfully

2018-09-19 08:53:05 - [TEST_STEP][PASSED] - callTestCase: Call Test Case 'Test Cases/Web/BO VUE/LIB/Home' successfully

2018-09-19 08:53:05 - [TEST_CASE][PASSED] - Test Cases/Web/BO VUE/LIB/Home: Test Cases/Web/BO VUE/LIB/Home

2018-09-19 08:53:05 - [TEST_STEP][PASSED] - click: Object: 'Object Repository/WEB/BO VUE/WF1/Page_VetScan VUE - Backoffice/Page_VetScan VUE - Backoffice/img' is clicked on

2018-09-19 08:53:05 - [MESSAGE][PASSED] - Object: 'Object Repository/WEB/BO VUE/WF1/Page_VetScan VUE - Backoffice/Page_VetScan VUE - Backoffice/img' is clicked on

2018-09-19 08:53:05 - [MESSAGE][PASSED] - Call Test Case 'Test Cases/Web/BO VUE/LIB/Home' successfully

2018-09-19 08:53:05 - [MESSAGE][PASSED] - Call Test Case 'Test Cases/Web/BO VUE/LIB/MenuBara/MenuBar' successfully

2018-09-19 08:53:05 - [TEST_STEP][PASSED] - callTestCase: Call Test Case 'Test Cases/Web/BO VUE/LIB/CloseBrowser' successfully

2018-09-19 08:53:05 - [TEST_CASE][PASSED] - Test Cases/Web/BO VUE/LIB/CloseBrowser: Test Cases/Web/BO VUE/LIB/CloseBrowser

2018-09-19 08:53:06 - [TEST_STEP][PASSED] - closeBrowser: Browser is closed

2018-09-19 08:53:06 - [MESSAGE][PASSED] - Browser is closed

2018-09-19 08:53:06 - [MESSAGE][PASSED] - Call Test Case 'Test Cases/Web/BO VUE/LIB/CloseBrowser' successfully

2018-09-19 08:53:06 - [TEST_STEP][PASSED] - Start listener action : sampleAfterTestCase: Invoke 'com.kms.katalon.core.annotation.AfterTestCase' method: 'NewTestListener.sampleAfterTestCase(...)' completed.

2018-09-19 08:53:06 - [TEST_STEP][PASSED] - Statement - println(testCaseContext.getTestCaseId()): null

2018-09-19 08:53:06 - [TEST_STEP][PASSED] - Statement - println(testCaseContext.getTestCaseStatus()): Invoke 'com.kms.katalon.core.annotation.AfterTestCase' method: 'NewTestListener.sampleAfterTestCase(...)' completed.]]></system-out>
         <system-err><![CDATA[]]></system-err>
      </testcase>
      <testcase name="Test Cases/Web/BO VUE/TC/VUE BO Menus Compleate" classname="Test Cases/Web/BO VUE/TC/VUE BO Menus Compleate" status="PASSED">
         <system-out><![CDATA[2018-09-19 08:53:08 - [TEST_CASE][PASSED] - Test Cases/Web/BO VUE/TC/VUE BO Menus Compleate: Test Cases/Web/BO VUE/TC/VUE BO Menus Compleate

2018-09-19 08:53:08 - [TEST_STEP][PASSED] - Start listener action : sampleBeforeTestCase: Invoke 'com.kms.katalon.core.annotation.BeforeTestCase' method: 'NewTestListener.sampleBeforeTestCase(...)' completed.

2018-09-19 08:53:08 - [TEST_STEP][PASSED] - Statement - println(testCaseContext.getTestCaseId()): null

2018-09-19 08:53:08 - [TEST_STEP][PASSED] - Statement - println(testCaseContext.getTestCaseVariables()): Invoke 'com.kms.katalon.core.annotation.BeforeTestCase' method: 'NewTestListener.sampleBeforeTestCase(...)' completed.

2018-09-19 08:53:09 - [TEST_STEP][PASSED] - callTestCase: Call Test Case 'Test Cases/Web/BO VUE/LIB/OpenBrowser' successfully

2018-09-19 08:53:09 - [TEST_CASE][PASSED] - Test Cases/Web/BO VUE/LIB/OpenBrowser: Test Cases/Web/BO VUE/LIB/OpenBrowser

2018-09-19 08:53:09 - [TEST_STEP][PASSED] - openBrowser: Browser is opened with url: ''

2018-09-19 08:53:11 - [MESSAGE][PASSED] - Browser is opened with url: ''

2018-09-19 08:53:11 - [TEST_STEP][PASSED] - navigateToUrl: Navigate to 'https://vueint-public.opentrends.net/vetscan-vue' successfully

2018-09-19 08:53:12 - [MESSAGE][PASSED] - Navigate to 'https://vueint-public.opentrends.net/vetscan-vue' successfully

2018-09-19 08:53:12 - [TEST_STEP][PASSED] - callTestCase: Call Test Case 'Test Cases/Web/Delay' successfully

2018-09-19 08:53:12 - [TEST_CASE][PASSED] - Test Cases/Web/Delay: Test Cases/Web/Delay

2018-09-19 08:53:12 - [TEST_STEP][PASSED] - Statement - return null: null

2018-09-19 08:53:12 - [MESSAGE][PASSED] - Call Test Case 'Test Cases/Web/Delay' successfully

2018-09-19 08:53:12 - [TEST_STEP][PASSED] - maximizeWindow: Current window maximized

2018-09-19 08:53:13 - [MESSAGE][PASSED] - Current window maximized

2018-09-19 08:53:13 - [MESSAGE][PASSED] - Call Test Case 'Test Cases/Web/BO VUE/LIB/OpenBrowser' successfully

2018-09-19 08:53:13 - [TEST_STEP][PASSED] - callTestCase: Call Test Case 'Test Cases/Web/BO VUE/LIB/Login' successfully

2018-09-19 08:53:13 - [TEST_CASE][PASSED] - Test Cases/Web/BO VUE/LIB/Login: Test Cases/Web/BO VUE/LIB/Login

2018-09-19 08:53:13 - [TEST_STEP][PASSED] - setText: Text 'admin' is set on object 'Object Repository/WEB/BO VUE/WF1/Page_VetScan VUE - Backoffice/input_LOG IN_j_username'

2018-09-19 08:53:13 - [MESSAGE][PASSED] - Text 'admin' is set on object 'Object Repository/WEB/BO VUE/WF1/Page_VetScan VUE - Backoffice/input_LOG IN_j_username'

2018-09-19 08:53:13 - [TEST_STEP][PASSED] - setEncryptedText: Text ****** has been set on object 'Object Repository/WEB/BO VUE/WF1/Page_VetScan VUE - Backoffice/input_LOG IN_j_password'

2018-09-19 08:53:13 - [MESSAGE][PASSED] - Text ****** has been set on object 'Object Repository/WEB/BO VUE/WF1/Page_VetScan VUE - Backoffice/input_LOG IN_j_password'

2018-09-19 08:53:13 - [TEST_STEP][PASSED] - click: Object: 'Object Repository/WEB/BO VUE/WF1/Page_VetScan VUE - Backoffice/div_LOG IN' is clicked on

2018-09-19 08:53:14 - [MESSAGE][PASSED] - Object: 'Object Repository/WEB/BO VUE/WF1/Page_VetScan VUE - Backoffice/div_LOG IN' is clicked on

2018-09-19 08:53:14 - [MESSAGE][PASSED] - Call Test Case 'Test Cases/Web/BO VUE/LIB/Login' successfully

2018-09-19 08:53:14 - [TEST_STEP][PASSED] - callTestCase: Call Test Case 'Test Cases/Web/BO VUE/LIB/Menus/Menu Selector' successfully

2018-09-19 08:53:14 - [TEST_CASE][PASSED] - Test Cases/Web/BO VUE/LIB/Menus/Menu Selector: Test Cases/Web/BO VUE/LIB/Menus/Menu Selector

2018-09-19 08:53:14 - [TEST_STEP][PASSED] - callTestCase: Call Test Case 'Test Cases/Web/BO VUE/LIB/Menus/Clinics' successfully

2018-09-19 08:53:14 - [TEST_CASE][PASSED] - Test Cases/Web/BO VUE/LIB/Menus/Clinics: Test Cases/Web/BO VUE/LIB/Menus/Clinics

2018-09-19 08:53:14 - [TEST_STEP][PASSED] - click: Object: 'Object Repository/WEB/BO VUE/WF1/Page_VetScan VUE - Backoffice/a_Clinics' is clicked on

2018-09-19 08:53:14 - [MESSAGE][PASSED] - Object: 'Object Repository/WEB/BO VUE/WF1/Page_VetScan VUE - Backoffice/a_Clinics' is clicked on

2018-09-19 08:53:14 - [MESSAGE][PASSED] - Call Test Case 'Test Cases/Web/BO VUE/LIB/Menus/Clinics' successfully

2018-09-19 08:53:14 - [TEST_STEP][PASSED] - callTestCase: Call Test Case 'Test Cases/Web/BO VUE/LIB/Home' successfully

2018-09-19 08:53:14 - [TEST_CASE][PASSED] - Test Cases/Web/BO VUE/LIB/Home: Test Cases/Web/BO VUE/LIB/Home

2018-09-19 08:53:14 - [TEST_STEP][PASSED] - click: Object: 'Object Repository/WEB/BO VUE/WF1/Page_VetScan VUE - Backoffice/Page_VetScan VUE - Backoffice/img' is clicked on

2018-09-19 08:53:15 - [MESSAGE][PASSED] - Object: 'Object Repository/WEB/BO VUE/WF1/Page_VetScan VUE - Backoffice/Page_VetScan VUE - Backoffice/img' is clicked on

2018-09-19 08:53:15 - [MESSAGE][PASSED] - Call Test Case 'Test Cases/Web/BO VUE/LIB/Home' successfully

2018-09-19 08:53:15 - [TEST_STEP][PASSED] - callTestCase: Call Test Case 'Test Cases/Web/BO VUE/LIB/Menus/Versions' successfully

2018-09-19 08:53:15 - [TEST_CASE][PASSED] - Test Cases/Web/BO VUE/LIB/Menus/Versions: Test Cases/Web/BO VUE/LIB/Menus/Versions

2018-09-19 08:53:15 - [TEST_STEP][PASSED] - click: Object: 'Object Repository/WEB/BO VUE/WF1/Page_VetScan VUE - Backoffice/a_Versions' is clicked on

2018-09-19 08:53:15 - [MESSAGE][PASSED] - Object: 'Object Repository/WEB/BO VUE/WF1/Page_VetScan VUE - Backoffice/a_Versions' is clicked on

2018-09-19 08:53:15 - [MESSAGE][PASSED] - Call Test Case 'Test Cases/Web/BO VUE/LIB/Menus/Versions' successfully

2018-09-19 08:53:15 - [TEST_STEP][PASSED] - callTestCase: Call Test Case 'Test Cases/Web/BO VUE/LIB/Home' successfully

2018-09-19 08:53:15 - [TEST_CASE][PASSED] - Test Cases/Web/BO VUE/LIB/Home: Test Cases/Web/BO VUE/LIB/Home

2018-09-19 08:53:15 - [TEST_STEP][PASSED] - click: Object: 'Object Repository/WEB/BO VUE/WF1/Page_VetScan VUE - Backoffice/Page_VetScan VUE - Backoffice/img' is clicked on

2018-09-19 08:53:15 - [MESSAGE][PASSED] - Object: 'Object Repository/WEB/BO VUE/WF1/Page_VetScan VUE - Backoffice/Page_VetScan VUE - Backoffice/img' is clicked on

2018-09-19 08:53:15 - [MESSAGE][PASSED] - Call Test Case 'Test Cases/Web/BO VUE/LIB/Home' successfully

2018-09-19 08:53:15 - [TEST_STEP][PASSED] - callTestCase: Call Test Case 'Test Cases/Web/BO VUE/LIB/Menus/Test' successfully

2018-09-19 08:53:15 - [TEST_CASE][PASSED] - Test Cases/Web/BO VUE/LIB/Menus/Test: Test Cases/Web/BO VUE/LIB/Menus/Test

2018-09-19 08:53:15 - [TEST_STEP][PASSED] - click: Object: 'Object Repository/WEB/BO VUE/WF1/Page_VetScan VUE - Backoffice/a_Tests' is clicked on

2018-09-19 08:53:16 - [MESSAGE][PASSED] - Object: 'Object Repository/WEB/BO VUE/WF1/Page_VetScan VUE - Backoffice/a_Tests' is clicked on

2018-09-19 08:53:16 - [MESSAGE][PASSED] - Call Test Case 'Test Cases/Web/BO VUE/LIB/Menus/Test' successfully

2018-09-19 08:53:16 - [TEST_STEP][PASSED] - callTestCase: Call Test Case 'Test Cases/Web/BO VUE/LIB/Home' successfully

2018-09-19 08:53:16 - [TEST_CASE][PASSED] - Test Cases/Web/BO VUE/LIB/Home: Test Cases/Web/BO VUE/LIB/Home

2018-09-19 08:53:16 - [TEST_STEP][PASSED] - click: Object: 'Object Repository/WEB/BO VUE/WF1/Page_VetScan VUE - Backoffice/Page_VetScan VUE - Backoffice/img' is clicked on

2018-09-19 08:53:16 - [MESSAGE][PASSED] - Object: 'Object Repository/WEB/BO VUE/WF1/Page_VetScan VUE - Backoffice/Page_VetScan VUE - Backoffice/img' is clicked on

2018-09-19 08:53:16 - [MESSAGE][PASSED] - Call Test Case 'Test Cases/Web/BO VUE/LIB/Home' successfully

2018-09-19 08:53:16 - [TEST_STEP][PASSED] - callTestCase: Call Test Case 'Test Cases/Web/BO VUE/LIB/Menus/Users' successfully

2018-09-19 08:53:16 - [TEST_CASE][PASSED] - Test Cases/Web/BO VUE/LIB/Menus/Users: Test Cases/Web/BO VUE/LIB/Menus/Users

2018-09-19 08:53:16 - [TEST_STEP][PASSED] - click: Object: 'Object Repository/WEB/BO VUE/WF1/Page_VetScan VUE - Backoffice/a_Users' is clicked on

2018-09-19 08:53:17 - [MESSAGE][PASSED] - Object: 'Object Repository/WEB/BO VUE/WF1/Page_VetScan VUE - Backoffice/a_Users' is clicked on

2018-09-19 08:53:17 - [MESSAGE][PASSED] - Call Test Case 'Test Cases/Web/BO VUE/LIB/Menus/Users' successfully

2018-09-19 08:53:17 - [TEST_STEP][PASSED] - callTestCase: Call Test Case 'Test Cases/Web/BO VUE/LIB/Home' successfully

2018-09-19 08:53:17 - [TEST_CASE][PASSED] - Test Cases/Web/BO VUE/LIB/Home: Test Cases/Web/BO VUE/LIB/Home

2018-09-19 08:53:17 - [TEST_STEP][PASSED] - click: Object: 'Object Repository/WEB/BO VUE/WF1/Page_VetScan VUE - Backoffice/Page_VetScan VUE - Backoffice/img' is clicked on

2018-09-19 08:53:17 - [MESSAGE][PASSED] - Object: 'Object Repository/WEB/BO VUE/WF1/Page_VetScan VUE - Backoffice/Page_VetScan VUE - Backoffice/img' is clicked on

2018-09-19 08:53:17 - [MESSAGE][PASSED] - Call Test Case 'Test Cases/Web/BO VUE/LIB/Home' successfully

2018-09-19 08:53:17 - [TEST_STEP][PASSED] - callTestCase: Call Test Case 'Test Cases/Web/BO VUE/LIB/Menus/Stadistics' successfully

2018-09-19 08:53:17 - [TEST_CASE][PASSED] - Test Cases/Web/BO VUE/LIB/Menus/Stadistics: Test Cases/Web/BO VUE/LIB/Menus/Stadistics

2018-09-19 08:53:17 - [TEST_STEP][PASSED] - click: Object: 'Object Repository/WEB/BO VUE/WF1/Page_VetScan VUE - Backoffice/a_Statistics' is clicked on

2018-09-19 08:53:17 - [MESSAGE][PASSED] - Object: 'Object Repository/WEB/BO VUE/WF1/Page_VetScan VUE - Backoffice/a_Statistics' is clicked on

2018-09-19 08:53:17 - [MESSAGE][PASSED] - Call Test Case 'Test Cases/Web/BO VUE/LIB/Menus/Stadistics' successfully

2018-09-19 08:53:17 - [TEST_STEP][PASSED] - callTestCase: Call Test Case 'Test Cases/Web/BO VUE/LIB/Home' successfully

2018-09-19 08:53:17 - [TEST_CASE][PASSED] - Test Cases/Web/BO VUE/LIB/Home: Test Cases/Web/BO VUE/LIB/Home

2018-09-19 08:53:17 - [TEST_STEP][PASSED] - click: Object: 'Object Repository/WEB/BO VUE/WF1/Page_VetScan VUE - Backoffice/Page_VetScan VUE - Backoffice/img' is clicked on

2018-09-19 08:53:17 - [MESSAGE][PASSED] - Object: 'Object Repository/WEB/BO VUE/WF1/Page_VetScan VUE - Backoffice/Page_VetScan VUE - Backoffice/img' is clicked on

2018-09-19 08:53:17 - [MESSAGE][PASSED] - Call Test Case 'Test Cases/Web/BO VUE/LIB/Home' successfully

2018-09-19 08:53:17 - [TEST_STEP][PASSED] - callTestCase: Call Test Case 'Test Cases/Web/BO VUE/LIB/Menus/Lots' successfully

2018-09-19 08:53:17 - [TEST_CASE][PASSED] - Test Cases/Web/BO VUE/LIB/Menus/Lots: Test Cases/Web/BO VUE/LIB/Menus/Lots

2018-09-19 08:53:17 - [TEST_STEP][PASSED] - click: Object: 'Object Repository/WEB/BO VUE/WF1/Page_VetScan VUE - Backoffice/a_Lot' is clicked on

2018-09-19 08:53:18 - [MESSAGE][PASSED] - Object: 'Object Repository/WEB/BO VUE/WF1/Page_VetScan VUE - Backoffice/a_Lot' is clicked on

2018-09-19 08:53:18 - [MESSAGE][PASSED] - Call Test Case 'Test Cases/Web/BO VUE/LIB/Menus/Lots' successfully

2018-09-19 08:53:18 - [TEST_STEP][PASSED] - callTestCase: Call Test Case 'Test Cases/Web/BO VUE/LIB/Home' successfully

2018-09-19 08:53:18 - [TEST_CASE][PASSED] - Test Cases/Web/BO VUE/LIB/Home: Test Cases/Web/BO VUE/LIB/Home

2018-09-19 08:53:18 - [TEST_STEP][PASSED] - click: Object: 'Object Repository/WEB/BO VUE/WF1/Page_VetScan VUE - Backoffice/Page_VetScan VUE - Backoffice/img' is clicked on

2018-09-19 08:53:18 - [MESSAGE][PASSED] - Object: 'Object Repository/WEB/BO VUE/WF1/Page_VetScan VUE - Backoffice/Page_VetScan VUE - Backoffice/img' is clicked on

2018-09-19 08:53:18 - [MESSAGE][PASSED] - Call Test Case 'Test Cases/Web/BO VUE/LIB/Home' successfully

2018-09-19 08:53:18 - [MESSAGE][PASSED] - Call Test Case 'Test Cases/Web/BO VUE/LIB/Menus/Menu Selector' successfully

2018-09-19 08:53:18 - [TEST_STEP][PASSED] - callTestCase: Call Test Case 'Test Cases/Web/BO VUE/LIB/MenuBara/MenuBar' successfully

2018-09-19 08:53:18 - [TEST_CASE][PASSED] - Test Cases/Web/BO VUE/LIB/MenuBara/MenuBar: Test Cases/Web/BO VUE/LIB/MenuBara/MenuBar

2018-09-19 08:53:18 - [TEST_STEP][PASSED] - callTestCase: Call Test Case 'Test Cases/Web/BO VUE/LIB/Menus/Clinics' successfully

2018-09-19 08:53:18 - [TEST_CASE][PASSED] - Test Cases/Web/BO VUE/LIB/Menus/Clinics: Test Cases/Web/BO VUE/LIB/Menus/Clinics

2018-09-19 08:53:18 - [TEST_STEP][PASSED] - click: Object: 'Object Repository/WEB/BO VUE/WF1/Page_VetScan VUE - Backoffice/a_Clinics' is clicked on

2018-09-19 08:53:18 - [MESSAGE][PASSED] - Object: 'Object Repository/WEB/BO VUE/WF1/Page_VetScan VUE - Backoffice/a_Clinics' is clicked on

2018-09-19 08:53:18 - [MESSAGE][PASSED] - Call Test Case 'Test Cases/Web/BO VUE/LIB/Menus/Clinics' successfully

2018-09-19 08:53:18 - [TEST_STEP][PASSED] - callTestCase: Call Test Case 'Test Cases/Web/BO VUE/LIB/Home' successfully

2018-09-19 08:53:18 - [TEST_CASE][PASSED] - Test Cases/Web/BO VUE/LIB/Home: Test Cases/Web/BO VUE/LIB/Home

2018-09-19 08:53:18 - [TEST_STEP][PASSED] - click: Object: 'Object Repository/WEB/BO VUE/WF1/Page_VetScan VUE - Backoffice/Page_VetScan VUE - Backoffice/img' is clicked on

2018-09-19 08:53:19 - [MESSAGE][PASSED] - Object: 'Object Repository/WEB/BO VUE/WF1/Page_VetScan VUE - Backoffice/Page_VetScan VUE - Backoffice/img' is clicked on

2018-09-19 08:53:19 - [MESSAGE][PASSED] - Call Test Case 'Test Cases/Web/BO VUE/LIB/Home' successfully

2018-09-19 08:53:19 - [TEST_STEP][PASSED] - callTestCase: Call Test Case 'Test Cases/Web/BO VUE/LIB/Menus/Lots' successfully

2018-09-19 08:53:19 - [TEST_CASE][PASSED] - Test Cases/Web/BO VUE/LIB/Menus/Lots: Test Cases/Web/BO VUE/LIB/Menus/Lots

2018-09-19 08:53:19 - [TEST_STEP][PASSED] - click: Object: 'Object Repository/WEB/BO VUE/WF1/Page_VetScan VUE - Backoffice/a_Lot' is clicked on

2018-09-19 08:53:19 - [MESSAGE][PASSED] - Object: 'Object Repository/WEB/BO VUE/WF1/Page_VetScan VUE - Backoffice/a_Lot' is clicked on

2018-09-19 08:53:19 - [MESSAGE][PASSED] - Call Test Case 'Test Cases/Web/BO VUE/LIB/Menus/Lots' successfully

2018-09-19 08:53:19 - [TEST_STEP][PASSED] - callTestCase: Call Test Case 'Test Cases/Web/BO VUE/LIB/Home' successfully

2018-09-19 08:53:19 - [TEST_CASE][PASSED] - Test Cases/Web/BO VUE/LIB/Home: Test Cases/Web/BO VUE/LIB/Home

2018-09-19 08:53:19 - [TEST_STEP][PASSED] - click: Object: 'Object Repository/WEB/BO VUE/WF1/Page_VetScan VUE - Backoffice/Page_VetScan VUE - Backoffice/img' is clicked on

2018-09-19 08:53:19 - [MESSAGE][PASSED] - Object: 'Object Repository/WEB/BO VUE/WF1/Page_VetScan VUE - Backoffice/Page_VetScan VUE - Backoffice/img' is clicked on

2018-09-19 08:53:19 - [MESSAGE][PASSED] - Call Test Case 'Test Cases/Web/BO VUE/LIB/Home' successfully

2018-09-19 08:53:19 - [TEST_STEP][PASSED] - callTestCase: Call Test Case 'Test Cases/Web/BO VUE/LIB/Menus/Stadistics' successfully

2018-09-19 08:53:20 - [TEST_CASE][PASSED] - Test Cases/Web/BO VUE/LIB/Menus/Stadistics: Test Cases/Web/BO VUE/LIB/Menus/Stadistics

2018-09-19 08:53:20 - [TEST_STEP][PASSED] - click: Object: 'Object Repository/WEB/BO VUE/WF1/Page_VetScan VUE - Backoffice/a_Statistics' is clicked on

2018-09-19 08:53:20 - [MESSAGE][PASSED] - Object: 'Object Repository/WEB/BO VUE/WF1/Page_VetScan VUE - Backoffice/a_Statistics' is clicked on

2018-09-19 08:53:20 - [MESSAGE][PASSED] - Call Test Case 'Test Cases/Web/BO VUE/LIB/Menus/Stadistics' successfully

2018-09-19 08:53:20 - [TEST_STEP][PASSED] - callTestCase: Call Test Case 'Test Cases/Web/BO VUE/LIB/Home' successfully

2018-09-19 08:53:20 - [TEST_CASE][PASSED] - Test Cases/Web/BO VUE/LIB/Home: Test Cases/Web/BO VUE/LIB/Home

2018-09-19 08:53:20 - [TEST_STEP][PASSED] - click: Object: 'Object Repository/WEB/BO VUE/WF1/Page_VetScan VUE - Backoffice/Page_VetScan VUE - Backoffice/img' is clicked on

2018-09-19 08:53:20 - [MESSAGE][PASSED] - Object: 'Object Repository/WEB/BO VUE/WF1/Page_VetScan VUE - Backoffice/Page_VetScan VUE - Backoffice/img' is clicked on

2018-09-19 08:53:20 - [MESSAGE][PASSED] - Call Test Case 'Test Cases/Web/BO VUE/LIB/Home' successfully

2018-09-19 08:53:20 - [TEST_STEP][PASSED] - callTestCase: Call Test Case 'Test Cases/Web/BO VUE/LIB/Menus/Test' successfully

2018-09-19 08:53:20 - [TEST_CASE][PASSED] - Test Cases/Web/BO VUE/LIB/Menus/Test: Test Cases/Web/BO VUE/LIB/Menus/Test

2018-09-19 08:53:20 - [TEST_STEP][PASSED] - click: Object: 'Object Repository/WEB/BO VUE/WF1/Page_VetScan VUE - Backoffice/a_Tests' is clicked on

2018-09-19 08:53:21 - [MESSAGE][PASSED] - Object: 'Object Repository/WEB/BO VUE/WF1/Page_VetScan VUE - Backoffice/a_Tests' is clicked on

2018-09-19 08:53:21 - [MESSAGE][PASSED] - Call Test Case 'Test Cases/Web/BO VUE/LIB/Menus/Test' successfully

2018-09-19 08:53:21 - [TEST_STEP][PASSED] - callTestCase: Call Test Case 'Test Cases/Web/BO VUE/LIB/Home' successfully

2018-09-19 08:53:21 - [TEST_CASE][PASSED] - Test Cases/Web/BO VUE/LIB/Home: Test Cases/Web/BO VUE/LIB/Home

2018-09-19 08:53:21 - [TEST_STEP][PASSED] - click: Object: 'Object Repository/WEB/BO VUE/WF1/Page_VetScan VUE - Backoffice/Page_VetScan VUE - Backoffice/img' is clicked on

2018-09-19 08:53:21 - [MESSAGE][PASSED] - Object: 'Object Repository/WEB/BO VUE/WF1/Page_VetScan VUE - Backoffice/Page_VetScan VUE - Backoffice/img' is clicked on

2018-09-19 08:53:21 - [MESSAGE][PASSED] - Call Test Case 'Test Cases/Web/BO VUE/LIB/Home' successfully

2018-09-19 08:53:21 - [TEST_STEP][PASSED] - callTestCase: Call Test Case 'Test Cases/Web/BO VUE/LIB/Menus/Users' successfully

2018-09-19 08:53:21 - [TEST_CASE][PASSED] - Test Cases/Web/BO VUE/LIB/Menus/Users: Test Cases/Web/BO VUE/LIB/Menus/Users

2018-09-19 08:53:21 - [TEST_STEP][PASSED] - click: Object: 'Object Repository/WEB/BO VUE/WF1/Page_VetScan VUE - Backoffice/a_Users' is clicked on

2018-09-19 08:53:22 - [MESSAGE][PASSED] - Object: 'Object Repository/WEB/BO VUE/WF1/Page_VetScan VUE - Backoffice/a_Users' is clicked on

2018-09-19 08:53:22 - [MESSAGE][PASSED] - Call Test Case 'Test Cases/Web/BO VUE/LIB/Menus/Users' successfully

2018-09-19 08:53:22 - [TEST_STEP][PASSED] - callTestCase: Call Test Case 'Test Cases/Web/BO VUE/LIB/Home' successfully

2018-09-19 08:53:22 - [TEST_CASE][PASSED] - Test Cases/Web/BO VUE/LIB/Home: Test Cases/Web/BO VUE/LIB/Home

2018-09-19 08:53:22 - [TEST_STEP][PASSED] - click: Object: 'Object Repository/WEB/BO VUE/WF1/Page_VetScan VUE - Backoffice/Page_VetScan VUE - Backoffice/img' is clicked on

2018-09-19 08:53:22 - [MESSAGE][PASSED] - Object: 'Object Repository/WEB/BO VUE/WF1/Page_VetScan VUE - Backoffice/Page_VetScan VUE - Backoffice/img' is clicked on

2018-09-19 08:53:22 - [MESSAGE][PASSED] - Call Test Case 'Test Cases/Web/BO VUE/LIB/Home' successfully

2018-09-19 08:53:22 - [TEST_STEP][PASSED] - callTestCase: Call Test Case 'Test Cases/Web/BO VUE/LIB/Menus/Versions' successfully

2018-09-19 08:53:22 - [TEST_CASE][PASSED] - Test Cases/Web/BO VUE/LIB/Menus/Versions: Test Cases/Web/BO VUE/LIB/Menus/Versions

2018-09-19 08:53:22 - [TEST_STEP][PASSED] - click: Object: 'Object Repository/WEB/BO VUE/WF1/Page_VetScan VUE - Backoffice/a_Versions' is clicked on

2018-09-19 08:53:22 - [MESSAGE][PASSED] - Object: 'Object Repository/WEB/BO VUE/WF1/Page_VetScan VUE - Backoffice/a_Versions' is clicked on

2018-09-19 08:53:22 - [MESSAGE][PASSED] - Call Test Case 'Test Cases/Web/BO VUE/LIB/Menus/Versions' successfully

2018-09-19 08:53:22 - [TEST_STEP][PASSED] - callTestCase: Call Test Case 'Test Cases/Web/BO VUE/LIB/Home' successfully

2018-09-19 08:53:22 - [TEST_CASE][PASSED] - Test Cases/Web/BO VUE/LIB/Home: Test Cases/Web/BO VUE/LIB/Home

2018-09-19 08:53:22 - [TEST_STEP][PASSED] - click: Object: 'Object Repository/WEB/BO VUE/WF1/Page_VetScan VUE - Backoffice/Page_VetScan VUE - Backoffice/img' is clicked on

2018-09-19 08:53:22 - [MESSAGE][PASSED] - Object: 'Object Repository/WEB/BO VUE/WF1/Page_VetScan VUE - Backoffice/Page_VetScan VUE - Backoffice/img' is clicked on

2018-09-19 08:53:22 - [MESSAGE][PASSED] - Call Test Case 'Test Cases/Web/BO VUE/LIB/Home' successfully

2018-09-19 08:53:22 - [MESSAGE][PASSED] - Call Test Case 'Test Cases/Web/BO VUE/LIB/MenuBara/MenuBar' successfully

2018-09-19 08:53:22 - [TEST_STEP][PASSED] - callTestCase: Call Test Case 'Test Cases/Web/BO VUE/LIB/CloseBrowser' successfully

2018-09-19 08:53:23 - [TEST_CASE][PASSED] - Test Cases/Web/BO VUE/LIB/CloseBrowser: Test Cases/Web/BO VUE/LIB/CloseBrowser

2018-09-19 08:53:23 - [TEST_STEP][PASSED] - closeBrowser: Browser is closed

2018-09-19 08:53:23 - [MESSAGE][PASSED] - Browser is closed

2018-09-19 08:53:23 - [MESSAGE][PASSED] - Call Test Case 'Test Cases/Web/BO VUE/LIB/CloseBrowser' successfully

2018-09-19 08:53:23 - [TEST_STEP][PASSED] - Start listener action : sampleAfterTestCase: Invoke 'com.kms.katalon.core.annotation.AfterTestCase' method: 'NewTestListener.sampleAfterTestCase(...)' completed.

2018-09-19 08:53:23 - [TEST_STEP][PASSED] - Statement - println(testCaseContext.getTestCaseId()): null

2018-09-19 08:53:23 - [TEST_STEP][PASSED] - Statement - println(testCaseContext.getTestCaseStatus()): Invoke 'com.kms.katalon.core.annotation.AfterTestCase' method: 'NewTestListener.sampleAfterTestCase(...)' completed.]]></system-out>
         <system-err><![CDATA[]]></system-err>
      </testcase>
      <testcase name="Test Cases/Web/BO VUE/TC/VUE BO Main Menu" classname="Test Cases/Web/BO VUE/TC/VUE BO Main Menu" status="PASSED">
         <system-out><![CDATA[2018-09-19 08:53:25 - [TEST_CASE][PASSED] - Test Cases/Web/BO VUE/TC/VUE BO Main Menu: Test Cases/Web/BO VUE/TC/VUE BO Main Menu

2018-09-19 08:53:25 - [TEST_STEP][PASSED] - Start listener action : sampleBeforeTestCase: Invoke 'com.kms.katalon.core.annotation.BeforeTestCase' method: 'NewTestListener.sampleBeforeTestCase(...)' completed.

2018-09-19 08:53:25 - [TEST_STEP][PASSED] - Statement - println(testCaseContext.getTestCaseId()): null

2018-09-19 08:53:25 - [TEST_STEP][PASSED] - Statement - println(testCaseContext.getTestCaseVariables()): Invoke 'com.kms.katalon.core.annotation.BeforeTestCase' method: 'NewTestListener.sampleBeforeTestCase(...)' completed.

2018-09-19 08:53:25 - [TEST_STEP][PASSED] - callTestCase: Call Test Case 'Test Cases/Web/BO VUE/LIB/OpenBrowser' successfully

2018-09-19 08:53:26 - [TEST_CASE][PASSED] - Test Cases/Web/BO VUE/LIB/OpenBrowser: Test Cases/Web/BO VUE/LIB/OpenBrowser

2018-09-19 08:53:26 - [TEST_STEP][PASSED] - openBrowser: Browser is opened with url: ''

2018-09-19 08:53:28 - [MESSAGE][PASSED] - Browser is opened with url: ''

2018-09-19 08:53:28 - [TEST_STEP][PASSED] - navigateToUrl: Navigate to 'https://vueint-public.opentrends.net/vetscan-vue' successfully

2018-09-19 08:53:30 - [MESSAGE][PASSED] - Navigate to 'https://vueint-public.opentrends.net/vetscan-vue' successfully

2018-09-19 08:53:30 - [TEST_STEP][PASSED] - callTestCase: Call Test Case 'Test Cases/Web/Delay' successfully

2018-09-19 08:53:30 - [TEST_CASE][PASSED] - Test Cases/Web/Delay: Test Cases/Web/Delay

2018-09-19 08:53:30 - [TEST_STEP][PASSED] - Statement - return null: null

2018-09-19 08:53:30 - [MESSAGE][PASSED] - Call Test Case 'Test Cases/Web/Delay' successfully

2018-09-19 08:53:30 - [TEST_STEP][PASSED] - maximizeWindow: Current window maximized

2018-09-19 08:53:31 - [MESSAGE][PASSED] - Current window maximized

2018-09-19 08:53:31 - [MESSAGE][PASSED] - Call Test Case 'Test Cases/Web/BO VUE/LIB/OpenBrowser' successfully

2018-09-19 08:53:31 - [TEST_STEP][PASSED] - callTestCase: Call Test Case 'Test Cases/Web/BO VUE/LIB/Login' successfully

2018-09-19 08:53:31 - [TEST_CASE][PASSED] - Test Cases/Web/BO VUE/LIB/Login: Test Cases/Web/BO VUE/LIB/Login

2018-09-19 08:53:31 - [TEST_STEP][PASSED] - setText: Text 'admin' is set on object 'Object Repository/WEB/BO VUE/WF1/Page_VetScan VUE - Backoffice/input_LOG IN_j_username'

2018-09-19 08:53:31 - [MESSAGE][PASSED] - Text 'admin' is set on object 'Object Repository/WEB/BO VUE/WF1/Page_VetScan VUE - Backoffice/input_LOG IN_j_username'

2018-09-19 08:53:31 - [TEST_STEP][PASSED] - setEncryptedText: Text ****** has been set on object 'Object Repository/WEB/BO VUE/WF1/Page_VetScan VUE - Backoffice/input_LOG IN_j_password'

2018-09-19 08:53:31 - [MESSAGE][PASSED] - Text ****** has been set on object 'Object Repository/WEB/BO VUE/WF1/Page_VetScan VUE - Backoffice/input_LOG IN_j_password'

2018-09-19 08:53:31 - [TEST_STEP][PASSED] - click: Object: 'Object Repository/WEB/BO VUE/WF1/Page_VetScan VUE - Backoffice/div_LOG IN' is clicked on

2018-09-19 08:53:32 - [MESSAGE][PASSED] - Object: 'Object Repository/WEB/BO VUE/WF1/Page_VetScan VUE - Backoffice/div_LOG IN' is clicked on

2018-09-19 08:53:32 - [MESSAGE][PASSED] - Call Test Case 'Test Cases/Web/BO VUE/LIB/Login' successfully

2018-09-19 08:53:32 - [TEST_STEP][PASSED] - callTestCase: Call Test Case 'Test Cases/Web/BO VUE/LIB/Menus/Menu Selector' successfully

2018-09-19 08:53:32 - [TEST_CASE][PASSED] - Test Cases/Web/BO VUE/LIB/Menus/Menu Selector: Test Cases/Web/BO VUE/LIB/Menus/Menu Selector

2018-09-19 08:53:32 - [TEST_STEP][PASSED] - callTestCase: Call Test Case 'Test Cases/Web/BO VUE/LIB/Menus/Clinics' successfully

2018-09-19 08:53:32 - [TEST_CASE][PASSED] - Test Cases/Web/BO VUE/LIB/Menus/Clinics: Test Cases/Web/BO VUE/LIB/Menus/Clinics

2018-09-19 08:53:32 - [TEST_STEP][PASSED] - click: Object: 'Object Repository/WEB/BO VUE/WF1/Page_VetScan VUE - Backoffice/a_Clinics' is clicked on

2018-09-19 08:53:33 - [MESSAGE][PASSED] - Object: 'Object Repository/WEB/BO VUE/WF1/Page_VetScan VUE - Backoffice/a_Clinics' is clicked on

2018-09-19 08:53:33 - [MESSAGE][PASSED] - Call Test Case 'Test Cases/Web/BO VUE/LIB/Menus/Clinics' successfully

2018-09-19 08:53:33 - [TEST_STEP][PASSED] - callTestCase: Call Test Case 'Test Cases/Web/BO VUE/LIB/Home' successfully

2018-09-19 08:53:33 - [TEST_CASE][PASSED] - Test Cases/Web/BO VUE/LIB/Home: Test Cases/Web/BO VUE/LIB/Home

2018-09-19 08:53:33 - [TEST_STEP][PASSED] - click: Object: 'Object Repository/WEB/BO VUE/WF1/Page_VetScan VUE - Backoffice/Page_VetScan VUE - Backoffice/img' is clicked on

2018-09-19 08:53:33 - [MESSAGE][PASSED] - Object: 'Object Repository/WEB/BO VUE/WF1/Page_VetScan VUE - Backoffice/Page_VetScan VUE - Backoffice/img' is clicked on

2018-09-19 08:53:33 - [MESSAGE][PASSED] - Call Test Case 'Test Cases/Web/BO VUE/LIB/Home' successfully

2018-09-19 08:53:33 - [TEST_STEP][PASSED] - callTestCase: Call Test Case 'Test Cases/Web/BO VUE/LIB/Menus/Versions' successfully

2018-09-19 08:53:33 - [TEST_CASE][PASSED] - Test Cases/Web/BO VUE/LIB/Menus/Versions: Test Cases/Web/BO VUE/LIB/Menus/Versions

2018-09-19 08:53:33 - [TEST_STEP][PASSED] - click: Object: 'Object Repository/WEB/BO VUE/WF1/Page_VetScan VUE - Backoffice/a_Versions' is clicked on

2018-09-19 08:53:33 - [MESSAGE][PASSED] - Object: 'Object Repository/WEB/BO VUE/WF1/Page_VetScan VUE - Backoffice/a_Versions' is clicked on

2018-09-19 08:53:33 - [MESSAGE][PASSED] - Call Test Case 'Test Cases/Web/BO VUE/LIB/Menus/Versions' successfully

2018-09-19 08:53:33 - [TEST_STEP][PASSED] - callTestCase: Call Test Case 'Test Cases/Web/BO VUE/LIB/Home' successfully

2018-09-19 08:53:33 - [TEST_CASE][PASSED] - Test Cases/Web/BO VUE/LIB/Home: Test Cases/Web/BO VUE/LIB/Home

2018-09-19 08:53:33 - [TEST_STEP][PASSED] - click: Object: 'Object Repository/WEB/BO VUE/WF1/Page_VetScan VUE - Backoffice/Page_VetScan VUE - Backoffice/img' is clicked on

2018-09-19 08:53:34 - [MESSAGE][PASSED] - Object: 'Object Repository/WEB/BO VUE/WF1/Page_VetScan VUE - Backoffice/Page_VetScan VUE - Backoffice/img' is clicked on

2018-09-19 08:53:34 - [MESSAGE][PASSED] - Call Test Case 'Test Cases/Web/BO VUE/LIB/Home' successfully

2018-09-19 08:53:34 - [TEST_STEP][PASSED] - callTestCase: Call Test Case 'Test Cases/Web/BO VUE/LIB/Menus/Test' successfully

2018-09-19 08:53:34 - [TEST_CASE][PASSED] - Test Cases/Web/BO VUE/LIB/Menus/Test: Test Cases/Web/BO VUE/LIB/Menus/Test

2018-09-19 08:53:34 - [TEST_STEP][PASSED] - click: Object: 'Object Repository/WEB/BO VUE/WF1/Page_VetScan VUE - Backoffice/a_Tests' is clicked on

2018-09-19 08:53:34 - [MESSAGE][PASSED] - Object: 'Object Repository/WEB/BO VUE/WF1/Page_VetScan VUE - Backoffice/a_Tests' is clicked on

2018-09-19 08:53:34 - [MESSAGE][PASSED] - Call Test Case 'Test Cases/Web/BO VUE/LIB/Menus/Test' successfully

2018-09-19 08:53:34 - [TEST_STEP][PASSED] - callTestCase: Call Test Case 'Test Cases/Web/BO VUE/LIB/Home' successfully

2018-09-19 08:53:34 - [TEST_CASE][PASSED] - Test Cases/Web/BO VUE/LIB/Home: Test Cases/Web/BO VUE/LIB/Home

2018-09-19 08:53:34 - [TEST_STEP][PASSED] - click: Object: 'Object Repository/WEB/BO VUE/WF1/Page_VetScan VUE - Backoffice/Page_VetScan VUE - Backoffice/img' is clicked on

2018-09-19 08:53:34 - [MESSAGE][PASSED] - Object: 'Object Repository/WEB/BO VUE/WF1/Page_VetScan VUE - Backoffice/Page_VetScan VUE - Backoffice/img' is clicked on

2018-09-19 08:53:34 - [MESSAGE][PASSED] - Call Test Case 'Test Cases/Web/BO VUE/LIB/Home' successfully

2018-09-19 08:53:34 - [TEST_STEP][PASSED] - callTestCase: Call Test Case 'Test Cases/Web/BO VUE/LIB/Menus/Users' successfully

2018-09-19 08:53:34 - [TEST_CASE][PASSED] - Test Cases/Web/BO VUE/LIB/Menus/Users: Test Cases/Web/BO VUE/LIB/Menus/Users

2018-09-19 08:53:34 - [TEST_STEP][PASSED] - click: Object: 'Object Repository/WEB/BO VUE/WF1/Page_VetScan VUE - Backoffice/a_Users' is clicked on

2018-09-19 08:53:35 - [MESSAGE][PASSED] - Object: 'Object Repository/WEB/BO VUE/WF1/Page_VetScan VUE - Backoffice/a_Users' is clicked on

2018-09-19 08:53:35 - [MESSAGE][PASSED] - Call Test Case 'Test Cases/Web/BO VUE/LIB/Menus/Users' successfully

2018-09-19 08:53:35 - [TEST_STEP][PASSED] - callTestCase: Call Test Case 'Test Cases/Web/BO VUE/LIB/Home' successfully

2018-09-19 08:53:35 - [TEST_CASE][PASSED] - Test Cases/Web/BO VUE/LIB/Home: Test Cases/Web/BO VUE/LIB/Home

2018-09-19 08:53:35 - [TEST_STEP][PASSED] - click: Object: 'Object Repository/WEB/BO VUE/WF1/Page_VetScan VUE - Backoffice/Page_VetScan VUE - Backoffice/img' is clicked on

2018-09-19 08:53:35 - [MESSAGE][PASSED] - Object: 'Object Repository/WEB/BO VUE/WF1/Page_VetScan VUE - Backoffice/Page_VetScan VUE - Backoffice/img' is clicked on

2018-09-19 08:53:35 - [MESSAGE][PASSED] - Call Test Case 'Test Cases/Web/BO VUE/LIB/Home' successfully

2018-09-19 08:53:35 - [TEST_STEP][PASSED] - callTestCase: Call Test Case 'Test Cases/Web/BO VUE/LIB/Menus/Stadistics' successfully

2018-09-19 08:53:35 - [TEST_CASE][PASSED] - Test Cases/Web/BO VUE/LIB/Menus/Stadistics: Test Cases/Web/BO VUE/LIB/Menus/Stadistics

2018-09-19 08:53:35 - [TEST_STEP][PASSED] - click: Object: 'Object Repository/WEB/BO VUE/WF1/Page_VetScan VUE - Backoffice/a_Statistics' is clicked on

2018-09-19 08:53:36 - [MESSAGE][PASSED] - Object: 'Object Repository/WEB/BO VUE/WF1/Page_VetScan VUE - Backoffice/a_Statistics' is clicked on

2018-09-19 08:53:36 - [MESSAGE][PASSED] - Call Test Case 'Test Cases/Web/BO VUE/LIB/Menus/Stadistics' successfully

2018-09-19 08:53:36 - [TEST_STEP][PASSED] - callTestCase: Call Test Case 'Test Cases/Web/BO VUE/LIB/Home' successfully

2018-09-19 08:53:36 - [TEST_CASE][PASSED] - Test Cases/Web/BO VUE/LIB/Home: Test Cases/Web/BO VUE/LIB/Home

2018-09-19 08:53:36 - [TEST_STEP][PASSED] - click: Object: 'Object Repository/WEB/BO VUE/WF1/Page_VetScan VUE - Backoffice/Page_VetScan VUE - Backoffice/img' is clicked on

2018-09-19 08:53:36 - [MESSAGE][PASSED] - Object: 'Object Repository/WEB/BO VUE/WF1/Page_VetScan VUE - Backoffice/Page_VetScan VUE - Backoffice/img' is clicked on

2018-09-19 08:53:36 - [MESSAGE][PASSED] - Call Test Case 'Test Cases/Web/BO VUE/LIB/Home' successfully

2018-09-19 08:53:36 - [TEST_STEP][PASSED] - callTestCase: Call Test Case 'Test Cases/Web/BO VUE/LIB/Menus/Lots' successfully

2018-09-19 08:53:36 - [TEST_CASE][PASSED] - Test Cases/Web/BO VUE/LIB/Menus/Lots: Test Cases/Web/BO VUE/LIB/Menus/Lots

2018-09-19 08:53:36 - [TEST_STEP][PASSED] - click: Object: 'Object Repository/WEB/BO VUE/WF1/Page_VetScan VUE - Backoffice/a_Lot' is clicked on

2018-09-19 08:53:36 - [MESSAGE][PASSED] - Object: 'Object Repository/WEB/BO VUE/WF1/Page_VetScan VUE - Backoffice/a_Lot' is clicked on

2018-09-19 08:53:36 - [MESSAGE][PASSED] - Call Test Case 'Test Cases/Web/BO VUE/LIB/Menus/Lots' successfully

2018-09-19 08:53:36 - [TEST_STEP][PASSED] - callTestCase: Call Test Case 'Test Cases/Web/BO VUE/LIB/Home' successfully

2018-09-19 08:53:36 - [TEST_CASE][PASSED] - Test Cases/Web/BO VUE/LIB/Home: Test Cases/Web/BO VUE/LIB/Home

2018-09-19 08:53:36 - [TEST_STEP][PASSED] - click: Object: 'Object Repository/WEB/BO VUE/WF1/Page_VetScan VUE - Backoffice/Page_VetScan VUE - Backoffice/img' is clicked on

2018-09-19 08:53:36 - [MESSAGE][PASSED] - Object: 'Object Repository/WEB/BO VUE/WF1/Page_VetScan VUE - Backoffice/Page_VetScan VUE - Backoffice/img' is clicked on

2018-09-19 08:53:36 - [MESSAGE][PASSED] - Call Test Case 'Test Cases/Web/BO VUE/LIB/Home' successfully

2018-09-19 08:53:36 - [MESSAGE][PASSED] - Call Test Case 'Test Cases/Web/BO VUE/LIB/Menus/Menu Selector' successfully

2018-09-19 08:53:36 - [TEST_STEP][PASSED] - callTestCase: Call Test Case 'Test Cases/Web/BO VUE/LIB/CloseBrowser' successfully

2018-09-19 08:53:36 - [TEST_CASE][PASSED] - Test Cases/Web/BO VUE/LIB/CloseBrowser: Test Cases/Web/BO VUE/LIB/CloseBrowser

2018-09-19 08:53:36 - [TEST_STEP][PASSED] - closeBrowser: Browser is closed

2018-09-19 08:53:37 - [MESSAGE][PASSED] - Browser is closed

2018-09-19 08:53:37 - [MESSAGE][PASSED] - Call Test Case 'Test Cases/Web/BO VUE/LIB/CloseBrowser' successfully

2018-09-19 08:53:37 - [TEST_STEP][PASSED] - Start listener action : sampleAfterTestCase: Invoke 'com.kms.katalon.core.annotation.AfterTestCase' method: 'NewTestListener.sampleAfterTestCase(...)' completed.

2018-09-19 08:53:37 - [TEST_STEP][PASSED] - Statement - println(testCaseContext.getTestCaseId()): null

2018-09-19 08:53:37 - [TEST_STEP][PASSED] - Statement - println(testCaseContext.getTestCaseStatus()): Invoke 'com.kms.katalon.core.annotation.AfterTestCase' method: 'NewTestListener.sampleAfterTestCase(...)' completed.]]></system-out>
         <system-err><![CDATA[]]></system-err>
      </testcase>
      <testcase name="Test Cases/Web/BO VUE/TC/VUE BO Crear Clinica" classname="Test Cases/Web/BO VUE/TC/VUE BO Crear Clinica" status="PASSED">
         <system-out><![CDATA[2018-09-19 08:53:39 - [TEST_CASE][PASSED] - Test Cases/Web/BO VUE/TC/VUE BO Crear Clinica: Test Cases/Web/BO VUE/TC/VUE BO Crear Clinica

2018-09-19 08:53:39 - [TEST_STEP][PASSED] - Start listener action : sampleBeforeTestCase: Invoke 'com.kms.katalon.core.annotation.BeforeTestCase' method: 'NewTestListener.sampleBeforeTestCase(...)' completed.

2018-09-19 08:53:39 - [TEST_STEP][PASSED] - Statement - println(testCaseContext.getTestCaseId()): null

2018-09-19 08:53:39 - [TEST_STEP][PASSED] - Statement - println(testCaseContext.getTestCaseVariables()): Invoke 'com.kms.katalon.core.annotation.BeforeTestCase' method: 'NewTestListener.sampleBeforeTestCase(...)' completed.

2018-09-19 08:53:39 - [TEST_STEP][PASSED] - callTestCase: Call Test Case 'Test Cases/Web/BO VUE/LIB/OpenBrowser' successfully

2018-09-19 08:53:40 - [TEST_CASE][PASSED] - Test Cases/Web/BO VUE/LIB/OpenBrowser: Test Cases/Web/BO VUE/LIB/OpenBrowser

2018-09-19 08:53:40 - [TEST_STEP][PASSED] - openBrowser: Browser is opened with url: ''

2018-09-19 08:53:42 - [MESSAGE][PASSED] - Browser is opened with url: ''

2018-09-19 08:53:42 - [TEST_STEP][PASSED] - navigateToUrl: Navigate to 'https://vueint-public.opentrends.net/vetscan-vue' successfully

2018-09-19 08:53:43 - [MESSAGE][PASSED] - Navigate to 'https://vueint-public.opentrends.net/vetscan-vue' successfully

2018-09-19 08:53:43 - [TEST_STEP][PASSED] - callTestCase: Call Test Case 'Test Cases/Web/Delay' successfully

2018-09-19 08:53:43 - [TEST_CASE][PASSED] - Test Cases/Web/Delay: Test Cases/Web/Delay

2018-09-19 08:53:43 - [TEST_STEP][PASSED] - Statement - return null: null

2018-09-19 08:53:43 - [MESSAGE][PASSED] - Call Test Case 'Test Cases/Web/Delay' successfully

2018-09-19 08:53:43 - [TEST_STEP][PASSED] - maximizeWindow: Current window maximized

2018-09-19 08:53:44 - [MESSAGE][PASSED] - Current window maximized

2018-09-19 08:53:44 - [MESSAGE][PASSED] - Call Test Case 'Test Cases/Web/BO VUE/LIB/OpenBrowser' successfully

2018-09-19 08:53:44 - [TEST_STEP][PASSED] - callTestCase: Call Test Case 'Test Cases/Web/BO VUE/LIB/Login' successfully

2018-09-19 08:53:44 - [TEST_CASE][PASSED] - Test Cases/Web/BO VUE/LIB/Login: Test Cases/Web/BO VUE/LIB/Login

2018-09-19 08:53:44 - [TEST_STEP][PASSED] - setText: Text 'admin' is set on object 'Object Repository/WEB/BO VUE/WF1/Page_VetScan VUE - Backoffice/input_LOG IN_j_username'

2018-09-19 08:53:44 - [MESSAGE][PASSED] - Text 'admin' is set on object 'Object Repository/WEB/BO VUE/WF1/Page_VetScan VUE - Backoffice/input_LOG IN_j_username'

2018-09-19 08:53:44 - [TEST_STEP][PASSED] - setEncryptedText: Text ****** has been set on object 'Object Repository/WEB/BO VUE/WF1/Page_VetScan VUE - Backoffice/input_LOG IN_j_password'

2018-09-19 08:53:44 - [MESSAGE][PASSED] - Text ****** has been set on object 'Object Repository/WEB/BO VUE/WF1/Page_VetScan VUE - Backoffice/input_LOG IN_j_password'

2018-09-19 08:53:44 - [TEST_STEP][PASSED] - click: Object: 'Object Repository/WEB/BO VUE/WF1/Page_VetScan VUE - Backoffice/div_LOG IN' is clicked on

2018-09-19 08:53:45 - [MESSAGE][PASSED] - Object: 'Object Repository/WEB/BO VUE/WF1/Page_VetScan VUE - Backoffice/div_LOG IN' is clicked on

2018-09-19 08:53:45 - [MESSAGE][PASSED] - Call Test Case 'Test Cases/Web/BO VUE/LIB/Login' successfully

2018-09-19 08:53:45 - [TEST_STEP][PASSED] - callTestCase: Call Test Case 'Test Cases/Web/BO VUE/LIB/MenuBara/MenuBar- Clinics' successfully

2018-09-19 08:53:45 - [TEST_CASE][PASSED] - Test Cases/Web/BO VUE/LIB/MenuBara/MenuBar- Clinics: Test Cases/Web/BO VUE/LIB/MenuBara/MenuBar- Clinics

2018-09-19 08:53:45 - [TEST_STEP][PASSED] - callTestCase: Call Test Case 'Test Cases/Web/BO VUE/LIB/Menus/Clinics' successfully

2018-09-19 08:53:45 - [TEST_CASE][PASSED] - Test Cases/Web/BO VUE/LIB/Menus/Clinics: Test Cases/Web/BO VUE/LIB/Menus/Clinics

2018-09-19 08:53:45 - [TEST_STEP][PASSED] - click: Object: 'Object Repository/WEB/BO VUE/WF1/Page_VetScan VUE - Backoffice/a_Clinics' is clicked on

2018-09-19 08:53:45 - [MESSAGE][PASSED] - Object: 'Object Repository/WEB/BO VUE/WF1/Page_VetScan VUE - Backoffice/a_Clinics' is clicked on

2018-09-19 08:53:45 - [MESSAGE][PASSED] - Call Test Case 'Test Cases/Web/BO VUE/LIB/Menus/Clinics' successfully

2018-09-19 08:53:45 - [MESSAGE][PASSED] - Call Test Case 'Test Cases/Web/BO VUE/LIB/MenuBara/MenuBar- Clinics' successfully

2018-09-19 08:53:45 - [TEST_STEP][PASSED] - callTestCase: Call Test Case 'Test Cases/Web/BO VUE/LIB/CloseBrowser' successfully

2018-09-19 08:53:45 - [TEST_CASE][PASSED] - Test Cases/Web/BO VUE/LIB/CloseBrowser: Test Cases/Web/BO VUE/LIB/CloseBrowser

2018-09-19 08:53:45 - [TEST_STEP][PASSED] - closeBrowser: Browser is closed

2018-09-19 08:53:46 - [MESSAGE][PASSED] - Browser is closed

2018-09-19 08:53:46 - [MESSAGE][PASSED] - Call Test Case 'Test Cases/Web/BO VUE/LIB/CloseBrowser' successfully

2018-09-19 08:53:46 - [TEST_STEP][PASSED] - Start listener action : sampleAfterTestCase: Invoke 'com.kms.katalon.core.annotation.AfterTestCase' method: 'NewTestListener.sampleAfterTestCase(...)' completed.

2018-09-19 08:53:46 - [TEST_STEP][PASSED] - Statement - println(testCaseContext.getTestCaseId()): null

2018-09-19 08:53:46 - [TEST_STEP][PASSED] - Statement - println(testCaseContext.getTestCaseStatus()): Invoke 'com.kms.katalon.core.annotation.AfterTestCase' method: 'NewTestListener.sampleAfterTestCase(...)' completed.]]></system-out>
         <system-err><![CDATA[]]></system-err>
      </testcase>
      <testcase name="Test Cases/Web/BO VUE/TC/VUE BO New Clinic" classname="Test Cases/Web/BO VUE/TC/VUE BO New Clinic" status="PASSED">
         <system-out><![CDATA[2018-09-19 08:53:48 - [TEST_CASE][PASSED] - Test Cases/Web/BO VUE/TC/VUE BO New Clinic: Test Cases/Web/BO VUE/TC/VUE BO New Clinic

2018-09-19 08:53:48 - [TEST_STEP][PASSED] - Start listener action : sampleBeforeTestCase: Invoke 'com.kms.katalon.core.annotation.BeforeTestCase' method: 'NewTestListener.sampleBeforeTestCase(...)' completed.

2018-09-19 08:53:48 - [TEST_STEP][PASSED] - Statement - println(testCaseContext.getTestCaseId()): null

2018-09-19 08:53:48 - [TEST_STEP][PASSED] - Statement - println(testCaseContext.getTestCaseVariables()): Invoke 'com.kms.katalon.core.annotation.BeforeTestCase' method: 'NewTestListener.sampleBeforeTestCase(...)' completed.

2018-09-19 08:53:48 - [TEST_STEP][PASSED] - callTestCase: Call Test Case 'Test Cases/Web/BO VUE/LIB/OpenBrowser' successfully

2018-09-19 08:53:48 - [TEST_CASE][PASSED] - Test Cases/Web/BO VUE/LIB/OpenBrowser: Test Cases/Web/BO VUE/LIB/OpenBrowser

2018-09-19 08:53:48 - [TEST_STEP][PASSED] - openBrowser: Browser is opened with url: ''

2018-09-19 08:53:50 - [MESSAGE][PASSED] - Browser is opened with url: ''

2018-09-19 08:53:50 - [TEST_STEP][PASSED] - navigateToUrl: Navigate to 'https://vueint-public.opentrends.net/vetscan-vue' successfully

2018-09-19 08:53:52 - [MESSAGE][PASSED] - Navigate to 'https://vueint-public.opentrends.net/vetscan-vue' successfully

2018-09-19 08:53:52 - [TEST_STEP][PASSED] - callTestCase: Call Test Case 'Test Cases/Web/Delay' successfully

2018-09-19 08:53:52 - [TEST_CASE][PASSED] - Test Cases/Web/Delay: Test Cases/Web/Delay

2018-09-19 08:53:52 - [TEST_STEP][PASSED] - Statement - return null: null

2018-09-19 08:53:52 - [MESSAGE][PASSED] - Call Test Case 'Test Cases/Web/Delay' successfully

2018-09-19 08:53:52 - [TEST_STEP][PASSED] - maximizeWindow: Current window maximized

2018-09-19 08:53:53 - [MESSAGE][PASSED] - Current window maximized

2018-09-19 08:53:53 - [MESSAGE][PASSED] - Call Test Case 'Test Cases/Web/BO VUE/LIB/OpenBrowser' successfully

2018-09-19 08:53:53 - [TEST_STEP][PASSED] - callTestCase: Call Test Case 'Test Cases/Web/BO VUE/LIB/Login' successfully

2018-09-19 08:53:53 - [TEST_CASE][PASSED] - Test Cases/Web/BO VUE/LIB/Login: Test Cases/Web/BO VUE/LIB/Login

2018-09-19 08:53:53 - [TEST_STEP][PASSED] - setText: Text 'admin' is set on object 'Object Repository/WEB/BO VUE/WF1/Page_VetScan VUE - Backoffice/input_LOG IN_j_username'

2018-09-19 08:53:53 - [MESSAGE][PASSED] - Text 'admin' is set on object 'Object Repository/WEB/BO VUE/WF1/Page_VetScan VUE - Backoffice/input_LOG IN_j_username'

2018-09-19 08:53:53 - [TEST_STEP][PASSED] - setEncryptedText: Text ****** has been set on object 'Object Repository/WEB/BO VUE/WF1/Page_VetScan VUE - Backoffice/input_LOG IN_j_password'

2018-09-19 08:53:53 - [MESSAGE][PASSED] - Text ****** has been set on object 'Object Repository/WEB/BO VUE/WF1/Page_VetScan VUE - Backoffice/input_LOG IN_j_password'

2018-09-19 08:53:53 - [TEST_STEP][PASSED] - click: Object: 'Object Repository/WEB/BO VUE/WF1/Page_VetScan VUE - Backoffice/div_LOG IN' is clicked on

2018-09-19 08:53:54 - [MESSAGE][PASSED] - Object: 'Object Repository/WEB/BO VUE/WF1/Page_VetScan VUE - Backoffice/div_LOG IN' is clicked on

2018-09-19 08:53:54 - [MESSAGE][PASSED] - Call Test Case 'Test Cases/Web/BO VUE/LIB/Login' successfully

2018-09-19 08:53:54 - [TEST_STEP][PASSED] - callTestCase: Call Test Case 'Test Cases/Web/BO VUE/LIB/Menus/Clinics' successfully

2018-09-19 08:53:54 - [TEST_CASE][PASSED] - Test Cases/Web/BO VUE/LIB/Menus/Clinics: Test Cases/Web/BO VUE/LIB/Menus/Clinics

2018-09-19 08:53:54 - [TEST_STEP][PASSED] - click: Object: 'Object Repository/WEB/BO VUE/WF1/Page_VetScan VUE - Backoffice/a_Clinics' is clicked on

2018-09-19 08:53:54 - [MESSAGE][PASSED] - Object: 'Object Repository/WEB/BO VUE/WF1/Page_VetScan VUE - Backoffice/a_Clinics' is clicked on

2018-09-19 08:53:54 - [MESSAGE][PASSED] - Call Test Case 'Test Cases/Web/BO VUE/LIB/Menus/Clinics' successfully

2018-09-19 08:53:54 - [TEST_STEP][PASSED] - callTestCase: Call Test Case 'Test Cases/Web/BO VUE/LIB/MenuBara/NuevaClinica/Nueva Clinica' successfully

2018-09-19 08:53:54 - [TEST_CASE][PASSED] - Test Cases/Web/BO VUE/LIB/MenuBara/NuevaClinica/Nueva Clinica: Test Cases/Web/BO VUE/LIB/MenuBara/NuevaClinica/Nueva Clinica

2018-09-19 08:53:54 - [TEST_STEP][PASSED] - click: Object: 'Object Repository/WEB/BO VUE/WF1/Page_VetScan VUE - Backoffice/Page_VetScan VUE - Backoffice/Page_VetScan VUE - Backoffice/a_New Clinic' is clicked on

2018-09-19 08:53:55 - [MESSAGE][PASSED] - Object: 'Object Repository/WEB/BO VUE/WF1/Page_VetScan VUE - Backoffice/Page_VetScan VUE - Backoffice/Page_VetScan VUE - Backoffice/a_New Clinic' is clicked on

2018-09-19 08:53:55 - [TEST_STEP][PASSED] - setText: Text 'Auto' is set on object 'Object Repository/WEB/BO VUE/WF1/Page_VetScan VUE - Backoffice/Page_VetScan VUE - Backoffice/Page_VetScan VUE - Backoffice/input_Name _name'

2018-09-19 08:53:55 - [MESSAGE][PASSED] - Text 'Auto' is set on object 'Object Repository/WEB/BO VUE/WF1/Page_VetScan VUE - Backoffice/Page_VetScan VUE - Backoffice/Page_VetScan VUE - Backoffice/input_Name _name'

2018-09-19 08:53:55 - [TEST_STEP][PASSED] - setText: Text 'VFU000033' is set on object 'Object Repository/WEB/BO VUE/WF1/Page_VetScan VUE - Backoffice/Page_VetScan VUE - Backoffice/Page_VetScan VUE - Backoffice/input_License number _licenseN'

2018-09-19 08:53:55 - [MESSAGE][PASSED] - Text 'VFU000033' is set on object 'Object Repository/WEB/BO VUE/WF1/Page_VetScan VUE - Backoffice/Page_VetScan VUE - Backoffice/Page_VetScan VUE - Backoffice/input_License number _licenseN'

2018-09-19 08:53:55 - [TEST_STEP][PASSED] - setText: Text '66666666' is set on object 'Object Repository/WEB/BO VUE/WF1/Page_VetScan VUE - Backoffice/Page_VetScan VUE - Backoffice/Page_VetScan VUE - Backoffice/input_Phone number_phoneNumber'

2018-09-19 08:53:55 - [MESSAGE][PASSED] - Text '66666666' is set on object 'Object Repository/WEB/BO VUE/WF1/Page_VetScan VUE - Backoffice/Page_VetScan VUE - Backoffice/Page_VetScan VUE - Backoffice/input_Phone number_phoneNumber'

2018-09-19 08:53:55 - [TEST_STEP][PASSED] - setText: Text 'aaaaaaaaaa' is set on object 'Object Repository/WEB/BO VUE/WF1/Page_VetScan VUE - Backoffice/Page_VetScan VUE - Backoffice/Page_VetScan VUE - Backoffice/input_Country _country'

2018-09-19 08:53:55 - [MESSAGE][PASSED] - Text 'aaaaaaaaaa' is set on object 'Object Repository/WEB/BO VUE/WF1/Page_VetScan VUE - Backoffice/Page_VetScan VUE - Backoffice/Page_VetScan VUE - Backoffice/input_Country _country'

2018-09-19 08:53:55 - [TEST_STEP][PASSED] - setText: Text 'aaaaaaaaaa' is set on object 'Object Repository/WEB/BO VUE/WF1/Page_VetScan VUE - Backoffice/Page_VetScan VUE - Backoffice/Page_VetScan VUE - Backoffice/input_State _state'

2018-09-19 08:53:55 - [MESSAGE][PASSED] - Text 'aaaaaaaaaa' is set on object 'Object Repository/WEB/BO VUE/WF1/Page_VetScan VUE - Backoffice/Page_VetScan VUE - Backoffice/Page_VetScan VUE - Backoffice/input_State _state'

2018-09-19 08:53:55 - [TEST_STEP][PASSED] - setText: Text 'aaaaaaaaaa' is set on object 'Object Repository/WEB/BO VUE/WF1/Page_VetScan VUE - Backoffice/Page_VetScan VUE - Backoffice/Page_VetScan VUE - Backoffice/input_City_city'

2018-09-19 08:53:56 - [MESSAGE][PASSED] - Text 'aaaaaaaaaa' is set on object 'Object Repository/WEB/BO VUE/WF1/Page_VetScan VUE - Backoffice/Page_VetScan VUE - Backoffice/Page_VetScan VUE - Backoffice/input_City_city'

2018-09-19 08:53:56 - [TEST_STEP][PASSED] - setText: Text 'aaaaaaaaaa' is set on object 'Object Repository/WEB/BO VUE/WF1/Page_VetScan VUE - Backoffice/Page_VetScan VUE - Backoffice/Page_VetScan VUE - Backoffice/input_Address_address'

2018-09-19 08:53:56 - [MESSAGE][PASSED] - Text 'aaaaaaaaaa' is set on object 'Object Repository/WEB/BO VUE/WF1/Page_VetScan VUE - Backoffice/Page_VetScan VUE - Backoffice/Page_VetScan VUE - Backoffice/input_Address_address'

2018-09-19 08:53:56 - [TEST_STEP][PASSED] - setText: Text 'aaaaaaaaaa' is set on object 'Object Repository/WEB/BO VUE/WF1/Page_VetScan VUE - Backoffice/Page_VetScan VUE - Backoffice/Page_VetScan VUE - Backoffice/input_Postcode_postcode'

2018-09-19 08:53:56 - [MESSAGE][PASSED] - Text 'aaaaaaaaaa' is set on object 'Object Repository/WEB/BO VUE/WF1/Page_VetScan VUE - Backoffice/Page_VetScan VUE - Backoffice/Page_VetScan VUE - Backoffice/input_Postcode_postcode'

2018-09-19 08:53:56 - [TEST_STEP][PASSED] - setText: Text 'aaaaa' is set on object 'Object Repository/WEB/BO VUE/WF1/Page_VetScan VUE - Backoffice/Page_VetScan VUE - Backoffice/Page_VetScan VUE - Backoffice/input_Name _admin1Name'

2018-09-19 08:53:56 - [MESSAGE][PASSED] - Text 'aaaaa' is set on object 'Object Repository/WEB/BO VUE/WF1/Page_VetScan VUE - Backoffice/Page_VetScan VUE - Backoffice/Page_VetScan VUE - Backoffice/input_Name _admin1Name'

2018-09-19 08:53:56 - [TEST_STEP][PASSED] - setText: Text 'agato@opentrends.net' is set on object 'Object Repository/WEB/BO VUE/WF1/Page_VetScan VUE - Backoffice/Page_VetScan VUE - Backoffice/Page_VetScan VUE - Backoffice/input_Email _admin1Email'

2018-09-19 08:53:56 - [MESSAGE][PASSED] - Text 'agato@opentrends.net' is set on object 'Object Repository/WEB/BO VUE/WF1/Page_VetScan VUE - Backoffice/Page_VetScan VUE - Backoffice/Page_VetScan VUE - Backoffice/input_Email _admin1Email'

2018-09-19 08:53:56 - [MESSAGE][PASSED] - Call Test Case 'Test Cases/Web/BO VUE/LIB/MenuBara/NuevaClinica/Nueva Clinica' successfully

2018-09-19 08:53:56 - [TEST_STEP][PASSED] - callTestCase: Call Test Case 'Test Cases/Web/BO VUE/LIB/MenuBara/NuevaClinica/CancelarClinica' successfully

2018-09-19 08:53:56 - [TEST_CASE][PASSED] - Test Cases/Web/BO VUE/LIB/MenuBara/NuevaClinica/CancelarClinica: Test Cases/Web/BO VUE/LIB/MenuBara/NuevaClinica/CancelarClinica

2018-09-19 08:53:56 - [TEST_STEP][PASSED] - click: Object: 'Object Repository/WEB/BO VUE/WF1/Page_VetScan VUE - Backoffice/Page_VetScan VUE - Backoffice/Page_VetScan VUE - Backoffice/a_Cancel' is clicked on

2018-09-19 08:53:57 - [MESSAGE][PASSED] - Object: 'Object Repository/WEB/BO VUE/WF1/Page_VetScan VUE - Backoffice/Page_VetScan VUE - Backoffice/Page_VetScan VUE - Backoffice/a_Cancel' is clicked on

2018-09-19 08:53:57 - [MESSAGE][PASSED] - Call Test Case 'Test Cases/Web/BO VUE/LIB/MenuBara/NuevaClinica/CancelarClinica' successfully

2018-09-19 08:53:57 - [TEST_STEP][PASSED] - callTestCase: Call Test Case 'Test Cases/Web/BO VUE/LIB/MenuBara/NuevaClinica/Nueva Clinica' successfully

2018-09-19 08:53:57 - [TEST_CASE][PASSED] - Test Cases/Web/BO VUE/LIB/MenuBara/NuevaClinica/Nueva Clinica: Test Cases/Web/BO VUE/LIB/MenuBara/NuevaClinica/Nueva Clinica

2018-09-19 08:53:57 - [TEST_STEP][PASSED] - click: Object: 'Object Repository/WEB/BO VUE/WF1/Page_VetScan VUE - Backoffice/Page_VetScan VUE - Backoffice/Page_VetScan VUE - Backoffice/a_New Clinic' is clicked on

2018-09-19 08:53:57 - [MESSAGE][PASSED] - Object: 'Object Repository/WEB/BO VUE/WF1/Page_VetScan VUE - Backoffice/Page_VetScan VUE - Backoffice/Page_VetScan VUE - Backoffice/a_New Clinic' is clicked on

2018-09-19 08:53:57 - [TEST_STEP][PASSED] - setText: Text 'Auto' is set on object 'Object Repository/WEB/BO VUE/WF1/Page_VetScan VUE - Backoffice/Page_VetScan VUE - Backoffice/Page_VetScan VUE - Backoffice/input_Name _name'

2018-09-19 08:53:57 - [MESSAGE][PASSED] - Text 'Auto' is set on object 'Object Repository/WEB/BO VUE/WF1/Page_VetScan VUE - Backoffice/Page_VetScan VUE - Backoffice/Page_VetScan VUE - Backoffice/input_Name _name'

2018-09-19 08:53:57 - [TEST_STEP][PASSED] - setText: Text 'VFU000033' is set on object 'Object Repository/WEB/BO VUE/WF1/Page_VetScan VUE - Backoffice/Page_VetScan VUE - Backoffice/Page_VetScan VUE - Backoffice/input_License number _licenseN'

2018-09-19 08:53:57 - [MESSAGE][PASSED] - Text 'VFU000033' is set on object 'Object Repository/WEB/BO VUE/WF1/Page_VetScan VUE - Backoffice/Page_VetScan VUE - Backoffice/Page_VetScan VUE - Backoffice/input_License number _licenseN'

2018-09-19 08:53:57 - [TEST_STEP][PASSED] - setText: Text '66666666' is set on object 'Object Repository/WEB/BO VUE/WF1/Page_VetScan VUE - Backoffice/Page_VetScan VUE - Backoffice/Page_VetScan VUE - Backoffice/input_Phone number_phoneNumber'

2018-09-19 08:53:58 - [MESSAGE][PASSED] - Text '66666666' is set on object 'Object Repository/WEB/BO VUE/WF1/Page_VetScan VUE - Backoffice/Page_VetScan VUE - Backoffice/Page_VetScan VUE - Backoffice/input_Phone number_phoneNumber'

2018-09-19 08:53:58 - [TEST_STEP][PASSED] - setText: Text 'aaaaaaaaaa' is set on object 'Object Repository/WEB/BO VUE/WF1/Page_VetScan VUE - Backoffice/Page_VetScan VUE - Backoffice/Page_VetScan VUE - Backoffice/input_Country _country'

2018-09-19 08:53:58 - [MESSAGE][PASSED] - Text 'aaaaaaaaaa' is set on object 'Object Repository/WEB/BO VUE/WF1/Page_VetScan VUE - Backoffice/Page_VetScan VUE - Backoffice/Page_VetScan VUE - Backoffice/input_Country _country'

2018-09-19 08:53:58 - [TEST_STEP][PASSED] - setText: Text 'aaaaaaaaaa' is set on object 'Object Repository/WEB/BO VUE/WF1/Page_VetScan VUE - Backoffice/Page_VetScan VUE - Backoffice/Page_VetScan VUE - Backoffice/input_State _state'

2018-09-19 08:53:58 - [MESSAGE][PASSED] - Text 'aaaaaaaaaa' is set on object 'Object Repository/WEB/BO VUE/WF1/Page_VetScan VUE - Backoffice/Page_VetScan VUE - Backoffice/Page_VetScan VUE - Backoffice/input_State _state'

2018-09-19 08:53:58 - [TEST_STEP][PASSED] - setText: Text 'aaaaaaaaaa' is set on object 'Object Repository/WEB/BO VUE/WF1/Page_VetScan VUE - Backoffice/Page_VetScan VUE - Backoffice/Page_VetScan VUE - Backoffice/input_City_city'

2018-09-19 08:53:58 - [MESSAGE][PASSED] - Text 'aaaaaaaaaa' is set on object 'Object Repository/WEB/BO VUE/WF1/Page_VetScan VUE - Backoffice/Page_VetScan VUE - Backoffice/Page_VetScan VUE - Backoffice/input_City_city'

2018-09-19 08:53:58 - [TEST_STEP][PASSED] - setText: Text 'aaaaaaaaaa' is set on object 'Object Repository/WEB/BO VUE/WF1/Page_VetScan VUE - Backoffice/Page_VetScan VUE - Backoffice/Page_VetScan VUE - Backoffice/input_Address_address'

2018-09-19 08:53:58 - [MESSAGE][PASSED] - Text 'aaaaaaaaaa' is set on object 'Object Repository/WEB/BO VUE/WF1/Page_VetScan VUE - Backoffice/Page_VetScan VUE - Backoffice/Page_VetScan VUE - Backoffice/input_Address_address'

2018-09-19 08:53:58 - [TEST_STEP][PASSED] - setText: Text 'aaaaaaaaaa' is set on object 'Object Repository/WEB/BO VUE/WF1/Page_VetScan VUE - Backoffice/Page_VetScan VUE - Backoffice/Page_VetScan VUE - Backoffice/input_Postcode_postcode'

2018-09-19 08:53:58 - [MESSAGE][PASSED] - Text 'aaaaaaaaaa' is set on object 'Object Repository/WEB/BO VUE/WF1/Page_VetScan VUE - Backoffice/Page_VetScan VUE - Backoffice/Page_VetScan VUE - Backoffice/input_Postcode_postcode'

2018-09-19 08:53:58 - [TEST_STEP][PASSED] - setText: Text 'aaaaa' is set on object 'Object Repository/WEB/BO VUE/WF1/Page_VetScan VUE - Backoffice/Page_VetScan VUE - Backoffice/Page_VetScan VUE - Backoffice/input_Name _admin1Name'

2018-09-19 08:53:59 - [MESSAGE][PASSED] - Text 'aaaaa' is set on object 'Object Repository/WEB/BO VUE/WF1/Page_VetScan VUE - Backoffice/Page_VetScan VUE - Backoffice/Page_VetScan VUE - Backoffice/input_Name _admin1Name'

2018-09-19 08:53:59 - [TEST_STEP][PASSED] - setText: Text 'agato@opentrends.net' is set on object 'Object Repository/WEB/BO VUE/WF1/Page_VetScan VUE - Backoffice/Page_VetScan VUE - Backoffice/Page_VetScan VUE - Backoffice/input_Email _admin1Email'

2018-09-19 08:53:59 - [MESSAGE][PASSED] - Text 'agato@opentrends.net' is set on object 'Object Repository/WEB/BO VUE/WF1/Page_VetScan VUE - Backoffice/Page_VetScan VUE - Backoffice/Page_VetScan VUE - Backoffice/input_Email _admin1Email'

2018-09-19 08:53:59 - [MESSAGE][PASSED] - Call Test Case 'Test Cases/Web/BO VUE/LIB/MenuBara/NuevaClinica/Nueva Clinica' successfully

2018-09-19 08:53:59 - [TEST_STEP][PASSED] - callTestCase: Call Test Case 'Test Cases/Web/BO VUE/LIB/MenuBara/NuevaClinica/AceptarClinica' successfully

2018-09-19 08:53:59 - [TEST_CASE][PASSED] - Test Cases/Web/BO VUE/LIB/MenuBara/NuevaClinica/AceptarClinica: Test Cases/Web/BO VUE/LIB/MenuBara/NuevaClinica/AceptarClinica

2018-09-19 08:53:59 - [TEST_STEP][PASSED] - click: Object: 'Object Repository/WEB/BO VUE/WF1/Page_VetScan VUE - Backoffice/Page_VetScan VUE - Backoffice/Page_VetScan VUE - Backoffice/button_Register' is clicked on

2018-09-19 08:54:00 - [MESSAGE][PASSED] - Object: 'Object Repository/WEB/BO VUE/WF1/Page_VetScan VUE - Backoffice/Page_VetScan VUE - Backoffice/Page_VetScan VUE - Backoffice/button_Register' is clicked on

2018-09-19 08:54:00 - [MESSAGE][PASSED] - Call Test Case 'Test Cases/Web/BO VUE/LIB/MenuBara/NuevaClinica/AceptarClinica' successfully

2018-09-19 08:54:00 - [TEST_STEP][PASSED] - callTestCase: Call Test Case 'Test Cases/Web/BO VUE/LIB/CloseBrowser' successfully

2018-09-19 08:54:00 - [TEST_CASE][PASSED] - Test Cases/Web/BO VUE/LIB/CloseBrowser: Test Cases/Web/BO VUE/LIB/CloseBrowser

2018-09-19 08:54:00 - [TEST_STEP][PASSED] - closeBrowser: Browser is closed

2018-09-19 08:54:00 - [MESSAGE][PASSED] - Browser is closed

2018-09-19 08:54:00 - [MESSAGE][PASSED] - Call Test Case 'Test Cases/Web/BO VUE/LIB/CloseBrowser' successfully

2018-09-19 08:54:00 - [TEST_STEP][PASSED] - Start listener action : sampleAfterTestCase: Invoke 'com.kms.katalon.core.annotation.AfterTestCase' method: 'NewTestListener.sampleAfterTestCase(...)' completed.

2018-09-19 08:54:00 - [TEST_STEP][PASSED] - Statement - println(testCaseContext.getTestCaseId()): null

2018-09-19 08:54:00 - [TEST_STEP][PASSED] - Statement - println(testCaseContext.getTestCaseStatus()): Invoke 'com.kms.katalon.core.annotation.AfterTestCase' method: 'NewTestListener.sampleAfterTestCase(...)' completed.]]></system-out>
         <system-err><![CDATA[]]></system-err>
      </testcase>
      <system-out><![CDATA[2018-09-19 08:51:48 - [TEST_SUITE][FAILED] - TS_Web: Test Cases/Web/FUSE/TC/TC_Navigation FAILED because (of) (Stack trace: com.kms.katalon.core.exception.StepFailedException: Unable to click on object 'Object Repository/WEB/FUSE/WF1/Page_Abaxis VetScan Fuse/Page_Abaxis VetScan Fuse/button_New Test' (Root cause: org.openqa.selenium.NoSuchWindowException: no such window: target window already closed
from unknown error: web view not found
  (Session info: chrome=68.0.3440.106)
  (Driver info: chromedriver=2.35.528161 (5b82f2d2aae0ca24b877009200ced9065a772e73),platform=Windows NT 10.0.17134 x86_64) (WARNING: The server did not provide any stacktrace information)
Command duration or timeout: 0 milliseconds
Build info: version: '3.7.1', revision: '8a0099a', time: '2017-11-06T21:07:36.161Z'
System info: host: 'PC251', ip: '192.168.1.4', os.name: 'Windows 10', os.arch: 'amd64', os.version: '10.0', java.version: '1.8.0_102'
Driver info: com.kms.katalon.selenium.driver.CChromeDriver
Capabilities {acceptInsecureCerts: false, acceptSslCerts: false, applicationCacheEnabled: false, browserConnectionEnabled: false, browserName: chrome, chrome: {chromedriverVersion: 2.35.528161 (5b82f2d2aae0ca..., userDataDir: C:\Users\Agato\AppData\Loca...}, cssSelectorsEnabled: true, databaseEnabled: false, handlesAlerts: true, hasTouchScreen: false, javascriptEnabled: true, locationContextEnabled: true, mobileEmulationEnabled: false, nativeEvents: true, networkConnectionEnabled: false, pageLoadStrategy: normal, platform: XP, platformName: XP, rotatable: false, setWindowRect: true, takesHeapSnapshot: true, takesScreenshot: true, unexpectedAlertBehaviour: , unhandledPromptBehavior: , version: 68.0.3440.106, webStorageEnabled: true}
Session ID: fe233ed804fe3faeec5d86cba7accbea
*** Element info: {Using=xpath, value=//button[@href = '#/newtest' and (text() = 'New Test' or . = 'New Test')]})
	at com.kms.katalon.core.keyword.internal.KeywordMain.stepFailed(KeywordMain.groovy:36)
	at com.kms.katalon.core.webui.keyword.internal.WebUIKeywordMain.stepFailed(WebUIKeywordMain.groovy:65)
	at com.kms.katalon.core.webui.keyword.internal.WebUIKeywordMain.runKeyword(WebUIKeywordMain.groovy:27)
	at com.kms.katalon.core.webui.keyword.builtin.ClickKeyword.click(ClickKeyword.groovy:86)
	at com.kms.katalon.core.webui.keyword.builtin.ClickKeyword.execute(ClickKeyword.groovy:67)
	at com.kms.katalon.core.keyword.internal.KeywordExecutor.executeKeywordForPlatform(KeywordExecutor.groovy:53)
	at com.kms.katalon.core.webui.keyword.WebUiBuiltInKeywords.click(WebUiBuiltInKeywords.groovy:616)
	at com.kms.katalon.core.webui.keyword.WebUiBuiltInKeywords$click$4.call(Unknown Source)
	at org.codehaus.groovy.runtime.callsite.CallSiteArray.defaultCall(CallSiteArray.java:48)
	at org.codehaus.groovy.runtime.callsite.AbstractCallSite.call(AbstractCallSite.java:113)
	at org.codehaus.groovy.runtime.callsite.AbstractCallSite.call(AbstractCallSite.java:125)
	at Script1536242183017.run(Script1536242183017.groovy:22)
	at com.kms.katalon.core.main.ScriptEngine.run(ScriptEngine.java:183)
	at com.kms.katalon.core.main.ScriptEngine.runScriptAsRawText(ScriptEngine.java:108)
	at com.kms.katalon.core.main.TestCaseExecutor.runScript(TestCaseExecutor.java:294)
	at com.kms.katalon.core.main.TestCaseExecutor.doExecute(TestCaseExecutor.java:285)
	at com.kms.katalon.core.main.TestCaseExecutor.processExecutionPhase(TestCaseExecutor.java:264)
	at com.kms.katalon.core.main.TestCaseExecutor.accessMainPhase(TestCaseExecutor.java:256)
	at com.kms.katalon.core.main.TestCaseExecutor.execute(TestCaseExecutor.java:200)
	at com.kms.katalon.core.main.TestCaseMain.runTestCase(TestCaseMain.java:99)
	at com.kms.katalon.core.keyword.builtin.CallTestCaseKeyword$_callTestCase_closure1.doCall(CallTestCaseKeyword.groovy:60)
	at com.kms.katalon.core.keyword.builtin.CallTestCaseKeyword$_callTestCase_closure1.call(CallTestCaseKeyword.groovy)
	at com.kms.katalon.core.keyword.internal.KeywordMain.runKeyword(KeywordMain.groovy:54)
	at com.kms.katalon.core.keyword.builtin.CallTestCaseKeyword.callTestCase(CallTestCaseKeyword.groovy:81)
	at com.kms.katalon.core.keyword.builtin.CallTestCaseKeyword.execute(CallTestCaseKeyword.groovy:45)
	at com.kms.katalon.core.keyword.internal.KeywordExecutor.executeKeywordForPlatform(KeywordExecutor.groovy:53)
	at com.kms.katalon.core.keyword.BuiltinKeywords.callTestCase(BuiltinKeywords.groovy:334)
	at sun.reflect.GeneratedMethodAccessor12.invoke(Unknown Source)
	at sun.reflect.DelegatingMethodAccessorImpl.invoke(DelegatingMethodAccessorImpl.java:43)
	at java.lang.reflect.Method.invoke(Method.java:498)
	at org.codehaus.groovy.reflection.CachedMethod.invoke(CachedMethod.java:93)
	at groovy.lang.MetaMethod.doMethodInvoke(MetaMethod.java:325)
	at groovy.lang.MetaClassImpl.invokeStaticMethod(MetaClassImpl.java:1469)
	at org.codehaus.groovy.runtime.callsite.StaticMetaClassSite.call(StaticMetaClassSite.java:53)
	at org.codehaus.groovy.runtime.callsite.CallSiteArray.defaultCall(CallSiteArray.java:48)
	at org.codehaus.groovy.runtime.callsite.AbstractCallSite.call(AbstractCallSite.java:113)
	at org.codehaus.groovy.runtime.callsite.AbstractCallSite.call(AbstractCallSite.java:141)
	at Script1536242320548.run(Script1536242320548.groovy:28)
	at com.kms.katalon.core.main.ScriptEngine.run(ScriptEngine.java:183)
	at com.kms.katalon.core.main.ScriptEngine.runScriptAsRawText(ScriptEngine.java:108)
	at com.kms.katalon.core.main.TestCaseExecutor.runScript(TestCaseExecutor.java:294)
	at com.kms.katalon.core.main.TestCaseExecutor.doExecute(TestCaseExecutor.java:285)
	at com.kms.katalon.core.main.TestCaseExecutor.processExecutionPhase(TestCaseExecutor.java:264)
	at com.kms.katalon.core.main.TestCaseExecutor.accessMainPhase(TestCaseExecutor.java:256)
	at com.kms.katalon.core.main.TestCaseExecutor.execute(TestCaseExecutor.java:200)
	at com.kms.katalon.core.main.TestSuiteExecutor.accessTestCaseMainPhase(TestSuiteExecutor.java:129)
	at com.kms.katalon.core.main.TestSuiteExecutor.accessTestSuiteMainPhase(TestSuiteExecutor.java:112)
	at com.kms.katalon.core.main.TestSuiteExecutor.execute(TestSuiteExecutor.java:81)
	at com.kms.katalon.core.main.TestCaseMain.startTestSuite(TestCaseMain.java:142)
	at com.kms.katalon.core.main.TestCaseMain$startTestSuite$0.call(Unknown Source)
	at org.codehaus.groovy.runtime.callsite.CallSiteArray.defaultCall(CallSiteArray.java:48)
	at org.codehaus.groovy.runtime.callsite.AbstractCallSite.call(AbstractCallSite.java:113)
	at org.codehaus.groovy.runtime.callsite.AbstractCallSite.call(AbstractCallSite.java:141)
	at TempTestSuite1537339906151.run(TempTestSuite1537339906151.groovy:36)
	at groovy.lang.GroovyShell.runScriptOrMainOrTestOrRunnable(GroovyShell.java:263)
	at groovy.lang.GroovyShell.run(GroovyShell.java:518)
	at groovy.lang.GroovyShell.run(GroovyShell.java:507)
	at groovy.ui.GroovyMain.processOnce(GroovyMain.java:653)
	at groovy.ui.GroovyMain.run(GroovyMain.java:384)
	at groovy.ui.GroovyMain.process(GroovyMain.java:370)
	at groovy.ui.GroovyMain.processArgs(GroovyMain.java:129)
	at groovy.ui.GroovyMain.main(GroovyMain.java:109)
	at sun.reflect.NativeMethodAccessorImpl.invoke0(Native Method)
	at sun.reflect.NativeMethodAccessorImpl.invoke(NativeMethodAccessorImpl.java:62)
	at sun.reflect.DelegatingMethodAccessorImpl.invoke(DelegatingMethodAccessorImpl.java:43)
	at java.lang.reflect.Method.invoke(Method.java:498)
	at org.codehaus.groovy.tools.GroovyStarter.rootLoader(GroovyStarter.java:109)
	at org.codehaus.groovy.tools.GroovyStarter.main(GroovyStarter.java:131)
)]]></system-out>
      <system-err><![CDATA[2018-09-19 08:51:48 - [TEST_SUITE][FAILED] - TS_Web: Test Cases/Web/FUSE/TC/TC_Navigation FAILED because (of) (Stack trace: com.kms.katalon.core.exception.StepFailedException: Unable to click on object 'Object Repository/WEB/FUSE/WF1/Page_Abaxis VetScan Fuse/Page_Abaxis VetScan Fuse/button_New Test' (Root cause: org.openqa.selenium.NoSuchWindowException: no such window: target window already closed
from unknown error: web view not found
  (Session info: chrome=68.0.3440.106)
  (Driver info: chromedriver=2.35.528161 (5b82f2d2aae0ca24b877009200ced9065a772e73),platform=Windows NT 10.0.17134 x86_64) (WARNING: The server did not provide any stacktrace information)
Command duration or timeout: 0 milliseconds
Build info: version: '3.7.1', revision: '8a0099a', time: '2017-11-06T21:07:36.161Z'
System info: host: 'PC251', ip: '192.168.1.4', os.name: 'Windows 10', os.arch: 'amd64', os.version: '10.0', java.version: '1.8.0_102'
Driver info: com.kms.katalon.selenium.driver.CChromeDriver
Capabilities {acceptInsecureCerts: false, acceptSslCerts: false, applicationCacheEnabled: false, browserConnectionEnabled: false, browserName: chrome, chrome: {chromedriverVersion: 2.35.528161 (5b82f2d2aae0ca..., userDataDir: C:\Users\Agato\AppData\Loca...}, cssSelectorsEnabled: true, databaseEnabled: false, handlesAlerts: true, hasTouchScreen: false, javascriptEnabled: true, locationContextEnabled: true, mobileEmulationEnabled: false, nativeEvents: true, networkConnectionEnabled: false, pageLoadStrategy: normal, platform: XP, platformName: XP, rotatable: false, setWindowRect: true, takesHeapSnapshot: true, takesScreenshot: true, unexpectedAlertBehaviour: , unhandledPromptBehavior: , version: 68.0.3440.106, webStorageEnabled: true}
Session ID: fe233ed804fe3faeec5d86cba7accbea
*** Element info: {Using=xpath, value=//button[@href = '#/newtest' and (text() = 'New Test' or . = 'New Test')]})
	at com.kms.katalon.core.keyword.internal.KeywordMain.stepFailed(KeywordMain.groovy:36)
	at com.kms.katalon.core.webui.keyword.internal.WebUIKeywordMain.stepFailed(WebUIKeywordMain.groovy:65)
	at com.kms.katalon.core.webui.keyword.internal.WebUIKeywordMain.runKeyword(WebUIKeywordMain.groovy:27)
	at com.kms.katalon.core.webui.keyword.builtin.ClickKeyword.click(ClickKeyword.groovy:86)
	at com.kms.katalon.core.webui.keyword.builtin.ClickKeyword.execute(ClickKeyword.groovy:67)
	at com.kms.katalon.core.keyword.internal.KeywordExecutor.executeKeywordForPlatform(KeywordExecutor.groovy:53)
	at com.kms.katalon.core.webui.keyword.WebUiBuiltInKeywords.click(WebUiBuiltInKeywords.groovy:616)
	at com.kms.katalon.core.webui.keyword.WebUiBuiltInKeywords$click$4.call(Unknown Source)
	at org.codehaus.groovy.runtime.callsite.CallSiteArray.defaultCall(CallSiteArray.java:48)
	at org.codehaus.groovy.runtime.callsite.AbstractCallSite.call(AbstractCallSite.java:113)
	at org.codehaus.groovy.runtime.callsite.AbstractCallSite.call(AbstractCallSite.java:125)
	at Script1536242183017.run(Script1536242183017.groovy:22)
	at com.kms.katalon.core.main.ScriptEngine.run(ScriptEngine.java:183)
	at com.kms.katalon.core.main.ScriptEngine.runScriptAsRawText(ScriptEngine.java:108)
	at com.kms.katalon.core.main.TestCaseExecutor.runScript(TestCaseExecutor.java:294)
	at com.kms.katalon.core.main.TestCaseExecutor.doExecute(TestCaseExecutor.java:285)
	at com.kms.katalon.core.main.TestCaseExecutor.processExecutionPhase(TestCaseExecutor.java:264)
	at com.kms.katalon.core.main.TestCaseExecutor.accessMainPhase(TestCaseExecutor.java:256)
	at com.kms.katalon.core.main.TestCaseExecutor.execute(TestCaseExecutor.java:200)
	at com.kms.katalon.core.main.TestCaseMain.runTestCase(TestCaseMain.java:99)
	at com.kms.katalon.core.keyword.builtin.CallTestCaseKeyword$_callTestCase_closure1.doCall(CallTestCaseKeyword.groovy:60)
	at com.kms.katalon.core.keyword.builtin.CallTestCaseKeyword$_callTestCase_closure1.call(CallTestCaseKeyword.groovy)
	at com.kms.katalon.core.keyword.internal.KeywordMain.runKeyword(KeywordMain.groovy:54)
	at com.kms.katalon.core.keyword.builtin.CallTestCaseKeyword.callTestCase(CallTestCaseKeyword.groovy:81)
	at com.kms.katalon.core.keyword.builtin.CallTestCaseKeyword.execute(CallTestCaseKeyword.groovy:45)
	at com.kms.katalon.core.keyword.internal.KeywordExecutor.executeKeywordForPlatform(KeywordExecutor.groovy:53)
	at com.kms.katalon.core.keyword.BuiltinKeywords.callTestCase(BuiltinKeywords.groovy:334)
	at sun.reflect.GeneratedMethodAccessor12.invoke(Unknown Source)
	at sun.reflect.DelegatingMethodAccessorImpl.invoke(DelegatingMethodAccessorImpl.java:43)
	at java.lang.reflect.Method.invoke(Method.java:498)
	at org.codehaus.groovy.reflection.CachedMethod.invoke(CachedMethod.java:93)
	at groovy.lang.MetaMethod.doMethodInvoke(MetaMethod.java:325)
	at groovy.lang.MetaClassImpl.invokeStaticMethod(MetaClassImpl.java:1469)
	at org.codehaus.groovy.runtime.callsite.StaticMetaClassSite.call(StaticMetaClassSite.java:53)
	at org.codehaus.groovy.runtime.callsite.CallSiteArray.defaultCall(CallSiteArray.java:48)
	at org.codehaus.groovy.runtime.callsite.AbstractCallSite.call(AbstractCallSite.java:113)
	at org.codehaus.groovy.runtime.callsite.AbstractCallSite.call(AbstractCallSite.java:141)
	at Script1536242320548.run(Script1536242320548.groovy:28)
	at com.kms.katalon.core.main.ScriptEngine.run(ScriptEngine.java:183)
	at com.kms.katalon.core.main.ScriptEngine.runScriptAsRawText(ScriptEngine.java:108)
	at com.kms.katalon.core.main.TestCaseExecutor.runScript(TestCaseExecutor.java:294)
	at com.kms.katalon.core.main.TestCaseExecutor.doExecute(TestCaseExecutor.java:285)
	at com.kms.katalon.core.main.TestCaseExecutor.processExecutionPhase(TestCaseExecutor.java:264)
	at com.kms.katalon.core.main.TestCaseExecutor.accessMainPhase(TestCaseExecutor.java:256)
	at com.kms.katalon.core.main.TestCaseExecutor.execute(TestCaseExecutor.java:200)
	at com.kms.katalon.core.main.TestSuiteExecutor.accessTestCaseMainPhase(TestSuiteExecutor.java:129)
	at com.kms.katalon.core.main.TestSuiteExecutor.accessTestSuiteMainPhase(TestSuiteExecutor.java:112)
	at com.kms.katalon.core.main.TestSuiteExecutor.execute(TestSuiteExecutor.java:81)
	at com.kms.katalon.core.main.TestCaseMain.startTestSuite(TestCaseMain.java:142)
	at com.kms.katalon.core.main.TestCaseMain$startTestSuite$0.call(Unknown Source)
	at org.codehaus.groovy.runtime.callsite.CallSiteArray.defaultCall(CallSiteArray.java:48)
	at org.codehaus.groovy.runtime.callsite.AbstractCallSite.call(AbstractCallSite.java:113)
	at org.codehaus.groovy.runtime.callsite.AbstractCallSite.call(AbstractCallSite.java:141)
	at TempTestSuite1537339906151.run(TempTestSuite1537339906151.groovy:36)
	at groovy.lang.GroovyShell.runScriptOrMainOrTestOrRunnable(GroovyShell.java:263)
	at groovy.lang.GroovyShell.run(GroovyShell.java:518)
	at groovy.lang.GroovyShell.run(GroovyShell.java:507)
	at groovy.ui.GroovyMain.processOnce(GroovyMain.java:653)
	at groovy.ui.GroovyMain.run(GroovyMain.java:384)
	at groovy.ui.GroovyMain.process(GroovyMain.java:370)
	at groovy.ui.GroovyMain.processArgs(GroovyMain.java:129)
	at groovy.ui.GroovyMain.main(GroovyMain.java:109)
	at sun.reflect.NativeMethodAccessorImpl.invoke0(Native Method)
	at sun.reflect.NativeMethodAccessorImpl.invoke(NativeMethodAccessorImpl.java:62)
	at sun.reflect.DelegatingMethodAccessorImpl.invoke(DelegatingMethodAccessorImpl.java:43)
	at java.lang.reflect.Method.invoke(Method.java:498)
	at org.codehaus.groovy.tools.GroovyStarter.rootLoader(GroovyStarter.java:109)
	at org.codehaus.groovy.tools.GroovyStarter.main(GroovyStarter.java:131)
)]]></system-err>
   </testsuite>
</testsuites>
