{"devicePlatform":"","logFolder":"C:\\Users\\Agato\\git\\Abaxis\\Reports\\TS_Web\\20180912_091011","runData":{"hostName":"Agato - 192.168.1.3","os":"Windows 10 64bit","katalonVersion":"5.6.3.1","browser":"Firefox 61.0","hostAddress":"192.168.1.3","sessionId":"afe80237-2070-4622-8466-ef9baeedbd47","seleniumVersion":"3.7.1","proxyInformation":"ProxyInformation{proxyOption\u003dNO_PROXY, proxyServerType\u003dHTTP, password\u003d, proxyServerAddress\u003d, proxyServerPort\u003d0}","platform":"Windows 10"},"type":"TEST_SUITE","name":"TS_Web","id":"Test Suites/TS_Web","source":"","description":"","startTime":1536736212473,"endTime":1536736268851,"childRecords":[{"isOptional":false,"type":"TEST_CASE","name":"Test Cases/Web/BO FUSE/TC/TC_Login","id":"Test Cases/Web/BO FUSE/TC/TC_Login","source":"C:\\\\Users\\\\Agato\\\\git\\\\Abaxis\\\\Test Cases\\\\Web\\\\BO FUSE\\\\TC\\\\TC_Login.tc","message":"Test Cases/Web/BO FUSE/TC/TC_Login","description":"","startTime":1536736212798,"endTime":1536736229881,"childRecords":[{"testStatus":{"stackTrace":"","statusValue":"INFO"},"type":"MESSAGE","name":"","message":"Evaluating variables for test case","startTime":1536736212824,"endTime":0,"childRecords":[],"interuppted":false},{"index":1,"isIgnoredIfFailed":false,"type":"TEST_STEP","name":"callTestCase","message":"Call Test Case \u0027Test Cases/Web/BO FUSE/Lib/OpenBrowser\u0027 successfully","description":"","startTime":1536736213055,"endTime":1536736225330,"childRecords":[{"isOptional":false,"type":"TEST_CASE","name":"Test Cases/Web/BO FUSE/Lib/OpenBrowser","id":"Test Cases/Web/BO FUSE/Lib/OpenBrowser","source":"C:\\\\Users\\\\Agato\\\\git\\\\Abaxis\\\\Test Cases\\\\Web\\\\BO FUSE\\\\Lib\\\\OpenBrowser.tc","message":"Test Cases/Web/BO FUSE/Lib/OpenBrowser","description":"OpenBrowser","startTime":1536736213146,"endTime":1536736225329,"childRecords":[{"testStatus":{"stackTrace":"","statusValue":"INFO"},"type":"MESSAGE","name":"","message":"Evaluating variables for test case","startTime":1536736213157,"endTime":0,"childRecords":[],"interuppted":false},{"index":1,"isIgnoredIfFailed":false,"type":"TEST_STEP","name":"openBrowser","message":"Browser is opened with url: \u0027\u0027","description":"","startTime":1536736213251,"endTime":1536736216499,"childRecords":[{"testStatus":{"stackTrace":"","statusValue":"PASSED"},"type":"MESSAGE","name":"","message":"Browser is opened with url: \u0027\u0027","startTime":1536736216498,"endTime":0,"childRecords":[],"interuppted":false}],"interuppted":false},{"index":2,"isIgnoredIfFailed":false,"type":"TEST_STEP","name":"navigateToUrl","message":"Navigate to \u0027https://fuseint-public.opentrends.net/vetscan-fuse/login.do;jsessionid\u003dCD400AB63E662264D13AEC8ED7B72AE4\u0027 successfully","description":"","startTime":1536736216500,"endTime":1536736225137,"childRecords":[{"testStatus":{"stackTrace":"","statusValue":"PASSED"},"type":"MESSAGE","name":"","message":"Navigate to \u0027https://fuseint-public.opentrends.net/vetscan-fuse/login.do;jsessionid\u003dCD400AB63E662264D13AEC8ED7B72AE4\u0027 successfully","startTime":1536736225129,"endTime":0,"childRecords":[],"interuppted":false}],"interuppted":false},{"index":3,"isIgnoredIfFailed":false,"type":"TEST_STEP","name":"callTestCase","message":"Call Test Case \u0027Test Cases/Web/Delay\u0027 successfully","description":"","startTime":1536736225138,"endTime":1536736225326,"childRecords":[{"isOptional":false,"type":"TEST_CASE","name":"Test Cases/Web/Delay","id":"Test Cases/Web/Delay","source":"C:\\\\Users\\\\Agato\\\\git\\\\Abaxis\\\\Test Cases\\\\Web\\\\Delay.tc","message":"Test Cases/Web/Delay","description":"Global Delay Test","startTime":1536736225200,"endTime":1536736225322,"childRecords":[{"testStatus":{"stackTrace":"","statusValue":"INFO"},"type":"MESSAGE","name":"","message":"Evaluating variables for test case","startTime":1536736225225,"endTime":0,"childRecords":[],"interuppted":false},{"index":1,"isIgnoredIfFailed":false,"type":"TEST_STEP","name":"Statement - return null","description":"","startTime":1536736225318,"endTime":1536736225319,"childRecords":[],"interuppted":false},{"testStatus":{"stackTrace":"","statusValue":"PASSED"},"type":"MESSAGE","name":"","message":"Test Cases/Web/Delay","startTime":1536736225322,"endTime":0,"childRecords":[],"interuppted":false}],"interuppted":false},{"testStatus":{"stackTrace":"","statusValue":"PASSED"},"type":"MESSAGE","name":"","message":"Call Test Case \u0027Test Cases/Web/Delay\u0027 successfully","startTime":1536736225326,"endTime":0,"childRecords":[],"interuppted":false}],"interuppted":false},{"testStatus":{"stackTrace":"","statusValue":"PASSED"},"type":"MESSAGE","name":"","message":"Test Cases/Web/BO FUSE/Lib/OpenBrowser","startTime":1536736225328,"endTime":0,"childRecords":[],"interuppted":false}],"interuppted":false},{"testStatus":{"stackTrace":"","statusValue":"PASSED"},"type":"MESSAGE","name":"","message":"Call Test Case \u0027Test Cases/Web/BO FUSE/Lib/OpenBrowser\u0027 successfully","startTime":1536736225330,"endTime":0,"childRecords":[],"interuppted":false}],"interuppted":false},{"index":2,"isIgnoredIfFailed":false,"type":"TEST_STEP","name":"callTestCase","message":"Call Test Case \u0027Test Cases/Web/BO FUSE/Lib/Login\u0027 successfully","description":"","startTime":1536736225334,"endTime":1536736229513,"childRecords":[{"isOptional":false,"type":"TEST_CASE","name":"Test Cases/Web/BO FUSE/Lib/Login","id":"Test Cases/Web/BO FUSE/Lib/Login","source":"C:\\\\Users\\\\Agato\\\\git\\\\Abaxis\\\\Test Cases\\\\Web\\\\BO FUSE\\\\Lib\\\\Login.tc","message":"Test Cases/Web/BO FUSE/Lib/Login","description":"","startTime":1536736225391,"endTime":1536736229512,"childRecords":[{"testStatus":{"stackTrace":"","statusValue":"INFO"},"type":"MESSAGE","name":"","message":"Evaluating variables for test case","startTime":1536736225400,"endTime":0,"childRecords":[],"interuppted":false},{"index":1,"isIgnoredIfFailed":false,"type":"TEST_STEP","name":"setText","message":"Text \u0027admin\u0027 is set on object \u0027Object Repository/WEB/BO FUSE/Page_VetScan FUSE - Backoffice/input_j_username\u0027","description":"","startTime":1536736225504,"endTime":1536736225646,"childRecords":[{"testStatus":{"stackTrace":"","statusValue":"PASSED"},"type":"MESSAGE","name":"","message":"Text \u0027admin\u0027 is set on object \u0027Object Repository/WEB/BO FUSE/Page_VetScan FUSE - Backoffice/input_j_username\u0027","startTime":1536736225646,"endTime":0,"childRecords":[],"interuppted":false}],"interuppted":false},{"index":2,"isIgnoredIfFailed":false,"type":"TEST_STEP","name":"setEncryptedText","message":"Text ****** has been set on object \u0027Object Repository/WEB/BO FUSE/Page_VetScan FUSE - Backoffice/input_j_password\u0027","description":"","startTime":1536736225647,"endTime":1536736225968,"childRecords":[{"testStatus":{"stackTrace":"","statusValue":"PASSED"},"type":"MESSAGE","name":"","message":"Text ****** has been set on object \u0027Object Repository/WEB/BO FUSE/Page_VetScan FUSE - Backoffice/input_j_password\u0027","startTime":1536736225967,"endTime":0,"childRecords":[],"interuppted":false}],"interuppted":false},{"index":3,"isIgnoredIfFailed":false,"type":"TEST_STEP","name":"click","message":"Object: \u0027Object Repository/WEB/BO FUSE/Page_VetScan FUSE - Backoffice/div_LOG IN\u0027 is clicked on","description":"","startTime":1536736225968,"endTime":1536736229510,"childRecords":[{"testStatus":{"stackTrace":"","statusValue":"PASSED"},"type":"MESSAGE","name":"","message":"Object: \u0027Object Repository/WEB/BO FUSE/Page_VetScan FUSE - Backoffice/div_LOG IN\u0027 is clicked on","startTime":1536736229509,"endTime":0,"childRecords":[],"interuppted":false}],"interuppted":false},{"testStatus":{"stackTrace":"","statusValue":"PASSED"},"type":"MESSAGE","name":"","message":"Test Cases/Web/BO FUSE/Lib/Login","startTime":1536736229511,"endTime":0,"childRecords":[],"interuppted":false}],"interuppted":false},{"testStatus":{"stackTrace":"","statusValue":"PASSED"},"type":"MESSAGE","name":"","message":"Call Test Case \u0027Test Cases/Web/BO FUSE/Lib/Login\u0027 successfully","startTime":1536736229512,"endTime":0,"childRecords":[],"interuppted":false}],"interuppted":false},{"index":3,"isIgnoredIfFailed":false,"type":"TEST_STEP","name":"callTestCase","message":"Call Test Case \u0027Test Cases/Web/BO FUSE/Lib/CloseBrowser\u0027 successfully","description":"","startTime":1536736229514,"endTime":1536736229880,"childRecords":[{"isOptional":false,"type":"TEST_CASE","name":"Test Cases/Web/BO FUSE/Lib/CloseBrowser","id":"Test Cases/Web/BO FUSE/Lib/CloseBrowser","source":"C:\\\\Users\\\\Agato\\\\git\\\\Abaxis\\\\Test Cases\\\\Web\\\\BO FUSE\\\\Lib\\\\CloseBrowser.tc","message":"Test Cases/Web/BO FUSE/Lib/CloseBrowser","description":"Close Browser","startTime":1536736229575,"endTime":1536736229879,"childRecords":[{"testStatus":{"stackTrace":"","statusValue":"INFO"},"type":"MESSAGE","name":"","message":"Evaluating variables for test case","startTime":1536736229580,"endTime":0,"childRecords":[],"interuppted":false},{"index":1,"isIgnoredIfFailed":false,"type":"TEST_STEP","name":"closeBrowser","message":"Browser is closed","description":"","startTime":1536736229683,"endTime":1536736229879,"childRecords":[{"testStatus":{"stackTrace":"","statusValue":"PASSED"},"type":"MESSAGE","name":"","message":"Browser is closed","startTime":1536736229879,"endTime":0,"childRecords":[],"interuppted":false}],"interuppted":false},{"testStatus":{"stackTrace":"","statusValue":"PASSED"},"type":"MESSAGE","name":"","message":"Test Cases/Web/BO FUSE/Lib/CloseBrowser","startTime":1536736229879,"endTime":0,"childRecords":[],"interuppted":false}],"interuppted":false},{"testStatus":{"stackTrace":"","statusValue":"PASSED"},"type":"MESSAGE","name":"","message":"Call Test Case \u0027Test Cases/Web/BO FUSE/Lib/CloseBrowser\u0027 successfully","startTime":1536736229880,"endTime":0,"childRecords":[],"interuppted":false}],"interuppted":false},{"testStatus":{"stackTrace":"","statusValue":"PASSED"},"type":"MESSAGE","name":"","message":"Test Cases/Web/BO FUSE/TC/TC_Login","startTime":1536736229880,"endTime":0,"childRecords":[],"interuppted":false}],"interuppted":false},{"isOptional":false,"type":"TEST_CASE","name":"Test Cases/Web/FUSE/TC/TC_LoginFUSE","id":"Test Cases/Web/FUSE/TC/TC_LoginFUSE","source":"C:\\\\Users\\\\Agato\\\\git\\\\Abaxis\\\\Test Cases\\\\Web\\\\FUSE\\\\TC\\\\TC_LoginFUSE.tc","message":"Test Cases/Web/FUSE/TC/TC_LoginFUSE FAILED because (of) Unable to navigate to \u0027http://192.168.1.201:8080/#/\u0027 (Root cause: org.openqa.selenium.WebDriverException: Reached error page: about:neterror?e\u003dnetTimeout\u0026u\u003dhttp%3A//192.168.1.201%3A8080/%23/\u0026c\u003dUTF-8\u0026f\u003dregular\u0026d\u003dEl%20servidor%20192.168.1.201%20est%C3%A1%20tardando%20demasiado%20en%20responder.\nBuild info: version: \u00273.7.1\u0027, revision: \u00278a0099a\u0027, time: \u00272017-11-06T21:07:36.161Z\u0027\nSystem info: host: \u0027PC251\u0027, ip: \u0027192.168.1.3\u0027, os.name: \u0027Windows 10\u0027, os.arch: \u0027amd64\u0027, os.version: \u002710.0\u0027, java.version: \u00271.8.0_102\u0027\nDriver info: com.kms.katalon.core.webui.driver.firefox.CGeckoDriver\nCapabilities {acceptInsecureCerts: true, browserName: firefox, browserVersion: 61.0.2, javascriptEnabled: true, moz:accessibilityChecks: false, moz:headless: false, moz:processID: 6832, moz:profile: C:\\Users\\Agato\\AppData\\Loca..., moz:useNonSpecCompliantPointerOrigin: false, moz:webdriverClick: true, pageLoadStrategy: normal, platform: XP, platformName: XP, platformVersion: 10.0, proxy: Proxy(direct), rotatable: false, timeouts: {implicit: 0, pageLoad: 300000, script: 30000}}\nSession ID: 84af943e-ae56-4357-8fc0-ebd1ee6d058b)","description":"","startTime":1536736229883,"endTime":1536736254189,"childRecords":[{"testStatus":{"stackTrace":"","statusValue":"INFO"},"type":"MESSAGE","name":"","message":"Evaluating variables for test case","startTime":1536736229892,"endTime":0,"childRecords":[],"interuppted":false},{"index":1,"isIgnoredIfFailed":false,"type":"TEST_STEP","name":"callTestCase","message":"Unable to call Test Case with id \u0027Test Cases/Web/FUSE/Lib/OpenBrowser\u0027 (Root cause: Call Test Case \u0027Test Cases/Web/FUSE/Lib/OpenBrowser\u0027 failed)","description":"","startTime":1536736229974,"endTime":1536736254187,"childRecords":[{"isOptional":false,"type":"TEST_CASE","name":"Test Cases/Web/FUSE/Lib/OpenBrowser","id":"Test Cases/Web/FUSE/Lib/OpenBrowser","source":"C:\\\\Users\\\\Agato\\\\git\\\\Abaxis\\\\Test Cases\\\\Web\\\\FUSE\\\\Lib\\\\OpenBrowser.tc","message":"Test Cases/Web/FUSE/Lib/OpenBrowser FAILED because (of) Unable to navigate to \u0027http://192.168.1.201:8080/#/\u0027 (Root cause: org.openqa.selenium.WebDriverException: Reached error page: about:neterror?e\u003dnetTimeout\u0026u\u003dhttp%3A//192.168.1.201%3A8080/%23/\u0026c\u003dUTF-8\u0026f\u003dregular\u0026d\u003dEl%20servidor%20192.168.1.201%20est%C3%A1%20tardando%20demasiado%20en%20responder.\nBuild info: version: \u00273.7.1\u0027, revision: \u00278a0099a\u0027, time: \u00272017-11-06T21:07:36.161Z\u0027\nSystem info: host: \u0027PC251\u0027, ip: \u0027192.168.1.3\u0027, os.name: \u0027Windows 10\u0027, os.arch: \u0027amd64\u0027, os.version: \u002710.0\u0027, java.version: \u00271.8.0_102\u0027\nDriver info: com.kms.katalon.core.webui.driver.firefox.CGeckoDriver\nCapabilities {acceptInsecureCerts: true, browserName: firefox, browserVersion: 61.0.2, javascriptEnabled: true, moz:accessibilityChecks: false, moz:headless: false, moz:processID: 6832, moz:profile: C:\\Users\\Agato\\AppData\\Loca..., moz:useNonSpecCompliantPointerOrigin: false, moz:webdriverClick: true, pageLoadStrategy: normal, platform: XP, platformName: XP, platformVersion: 10.0, proxy: Proxy(direct), rotatable: false, timeouts: {implicit: 0, pageLoad: 300000, script: 30000}}\nSession ID: 84af943e-ae56-4357-8fc0-ebd1ee6d058b)","description":"OpenBrowser","startTime":1536736230029,"endTime":1536736254186,"childRecords":[{"testStatus":{"stackTrace":"","statusValue":"INFO"},"type":"MESSAGE","name":"","message":"Evaluating variables for test case","startTime":1536736230035,"endTime":0,"childRecords":[],"interuppted":false},{"index":1,"isIgnoredIfFailed":false,"type":"TEST_STEP","name":"openBrowser","message":"Browser is opened with url: \u0027\u0027","description":"","startTime":1536736230127,"endTime":1536736232973,"childRecords":[{"testStatus":{"stackTrace":"","statusValue":"PASSED"},"type":"MESSAGE","name":"","message":"Browser is opened with url: \u0027\u0027","startTime":1536736232972,"endTime":0,"childRecords":[],"interuppted":false}],"interuppted":false},{"attachment":"1536736254094.png","index":2,"isIgnoredIfFailed":false,"type":"TEST_STEP","name":"navigateToUrl","message":"Unable to navigate to \u0027http://192.168.1.201:8080/#/\u0027 (Root cause: org.openqa.selenium.WebDriverException: Reached error page: about:neterror?e\u003dnetTimeout\u0026u\u003dhttp%3A//192.168.1.201%3A8080/%23/\u0026c\u003dUTF-8\u0026f\u003dregular\u0026d\u003dEl%20servidor%20192.168.1.201%20est%C3%A1%20tardando%20demasiado%20en%20responder.\nBuild info: version: \u00273.7.1\u0027, revision: \u00278a0099a\u0027, time: \u00272017-11-06T21:07:36.161Z\u0027\nSystem info: host: \u0027PC251\u0027, ip: \u0027192.168.1.3\u0027, os.name: \u0027Windows 10\u0027, os.arch: \u0027amd64\u0027, os.version: \u002710.0\u0027, java.version: \u00271.8.0_102\u0027\nDriver info: com.kms.katalon.core.webui.driver.firefox.CGeckoDriver\nCapabilities {acceptInsecureCerts: true, browserName: firefox, browserVersion: 61.0.2, javascriptEnabled: true, moz:accessibilityChecks: false, moz:headless: false, moz:processID: 6832, moz:profile: C:\\Users\\Agato\\AppData\\Loca..., moz:useNonSpecCompliantPointerOrigin: false, moz:webdriverClick: true, pageLoadStrategy: normal, platform: XP, platformName: XP, platformVersion: 10.0, proxy: Proxy(direct), rotatable: false, timeouts: {implicit: 0, pageLoad: 300000, script: 30000}}\nSession ID: 84af943e-ae56-4357-8fc0-ebd1ee6d058b)","description":"","startTime":1536736232973,"endTime":1536736254184,"childRecords":[{"testStatus":{"stackTrace":"","statusValue":"FAILED"},"attachment":"1536736254094.png","type":"MESSAGE","name":"","message":"Unable to navigate to \u0027http://192.168.1.201:8080/#/\u0027 (Root cause: org.openqa.selenium.WebDriverException: Reached error page: about:neterror?e\u003dnetTimeout\u0026u\u003dhttp%3A//192.168.1.201%3A8080/%23/\u0026c\u003dUTF-8\u0026f\u003dregular\u0026d\u003dEl%20servidor%20192.168.1.201%20est%C3%A1%20tardando%20demasiado%20en%20responder.\nBuild info: version: \u00273.7.1\u0027, revision: \u00278a0099a\u0027, time: \u00272017-11-06T21:07:36.161Z\u0027\nSystem info: host: \u0027PC251\u0027, ip: \u0027192.168.1.3\u0027, os.name: \u0027Windows 10\u0027, os.arch: \u0027amd64\u0027, os.version: \u002710.0\u0027, java.version: \u00271.8.0_102\u0027\nDriver info: com.kms.katalon.core.webui.driver.firefox.CGeckoDriver\nCapabilities {acceptInsecureCerts: true, browserName: firefox, browserVersion: 61.0.2, javascriptEnabled: true, moz:accessibilityChecks: false, moz:headless: false, moz:processID: 6832, moz:profile: C:\\Users\\Agato\\AppData\\Loca..., moz:useNonSpecCompliantPointerOrigin: false, moz:webdriverClick: true, pageLoadStrategy: normal, platform: XP, platformName: XP, platformVersion: 10.0, proxy: Proxy(direct), rotatable: false, timeouts: {implicit: 0, pageLoad: 300000, script: 30000}}\nSession ID: 84af943e-ae56-4357-8fc0-ebd1ee6d058b)","startTime":1536736254183,"endTime":0,"childRecords":[],"interuppted":false}],"interuppted":false},{"testStatus":{"stackTrace":"","statusValue":"FAILED"},"type":"MESSAGE","name":"","message":"Test Cases/Web/FUSE/Lib/OpenBrowser FAILED because (of) Unable to navigate to \u0027http://192.168.1.201:8080/#/\u0027 (Root cause: org.openqa.selenium.WebDriverException: Reached error page: about:neterror?e\u003dnetTimeout\u0026u\u003dhttp%3A//192.168.1.201%3A8080/%23/\u0026c\u003dUTF-8\u0026f\u003dregular\u0026d\u003dEl%20servidor%20192.168.1.201%20est%C3%A1%20tardando%20demasiado%20en%20responder.\nBuild info: version: \u00273.7.1\u0027, revision: \u00278a0099a\u0027, time: \u00272017-11-06T21:07:36.161Z\u0027\nSystem info: host: \u0027PC251\u0027, ip: \u0027192.168.1.3\u0027, os.name: \u0027Windows 10\u0027, os.arch: \u0027amd64\u0027, os.version: \u002710.0\u0027, java.version: \u00271.8.0_102\u0027\nDriver info: com.kms.katalon.core.webui.driver.firefox.CGeckoDriver\nCapabilities {acceptInsecureCerts: true, browserName: firefox, browserVersion: 61.0.2, javascriptEnabled: true, moz:accessibilityChecks: false, moz:headless: false, moz:processID: 6832, moz:profile: C:\\Users\\Agato\\AppData\\Loca..., moz:useNonSpecCompliantPointerOrigin: false, moz:webdriverClick: true, pageLoadStrategy: normal, platform: XP, platformName: XP, platformVersion: 10.0, proxy: Proxy(direct), rotatable: false, timeouts: {implicit: 0, pageLoad: 300000, script: 30000}}\nSession ID: 84af943e-ae56-4357-8fc0-ebd1ee6d058b)","startTime":1536736254184,"endTime":0,"childRecords":[],"interuppted":false}],"interuppted":false},{"testStatus":{"stackTrace":"","statusValue":"FAILED"},"type":"MESSAGE","name":"","message":"Unable to call Test Case with id \u0027Test Cases/Web/FUSE/Lib/OpenBrowser\u0027 (Root cause: Call Test Case \u0027Test Cases/Web/FUSE/Lib/OpenBrowser\u0027 failed)","startTime":1536736254187,"endTime":0,"childRecords":[],"interuppted":false}],"interuppted":false},{"testStatus":{"stackTrace":"","statusValue":"FAILED"},"type":"MESSAGE","name":"","message":"Test Cases/Web/FUSE/TC/TC_LoginFUSE FAILED because (of) Unable to navigate to \u0027http://192.168.1.201:8080/#/\u0027 (Root cause: org.openqa.selenium.WebDriverException: Reached error page: about:neterror?e\u003dnetTimeout\u0026u\u003dhttp%3A//192.168.1.201%3A8080/%23/\u0026c\u003dUTF-8\u0026f\u003dregular\u0026d\u003dEl%20servidor%20192.168.1.201%20est%C3%A1%20tardando%20demasiado%20en%20responder.\nBuild info: version: \u00273.7.1\u0027, revision: \u00278a0099a\u0027, time: \u00272017-11-06T21:07:36.161Z\u0027\nSystem info: host: \u0027PC251\u0027, ip: \u0027192.168.1.3\u0027, os.name: \u0027Windows 10\u0027, os.arch: \u0027amd64\u0027, os.version: \u002710.0\u0027, java.version: \u00271.8.0_102\u0027\nDriver info: com.kms.katalon.core.webui.driver.firefox.CGeckoDriver\nCapabilities {acceptInsecureCerts: true, browserName: firefox, browserVersion: 61.0.2, javascriptEnabled: true, moz:accessibilityChecks: false, moz:headless: false, moz:processID: 6832, moz:profile: C:\\Users\\Agato\\AppData\\Loca..., moz:useNonSpecCompliantPointerOrigin: false, moz:webdriverClick: true, pageLoadStrategy: normal, platform: XP, platformName: XP, platformVersion: 10.0, proxy: Proxy(direct), rotatable: false, timeouts: {implicit: 0, pageLoad: 300000, script: 30000}}\nSession ID: 84af943e-ae56-4357-8fc0-ebd1ee6d058b)","startTime":1536736254187,"endTime":0,"childRecords":[],"interuppted":false}],"interuppted":false},{"isOptional":false,"type":"TEST_CASE","name":"Test Cases/Web/BO FUSE/TC/TC_Users","id":"Test Cases/Web/BO FUSE/TC/TC_Users","source":"C:\\\\Users\\\\Agato\\\\git\\\\Abaxis\\\\Test Cases\\\\Web\\\\BO FUSE\\\\TC\\\\TC_Users.tc","message":"Test Cases/Web/BO FUSE/TC/TC_Users FAILED because (of) Unable to set text \u0027admin\u0027 of object \u0027Object Repository/WEB/BO FUSE/Page_VetScan FUSE - Backoffice/input_j_username\u0027 (Root cause: org.openqa.selenium.WebDriverException: Failed to decode response from marionette\nBuild info: version: \u00273.7.1\u0027, revision: \u00278a0099a\u0027, time: \u00272017-11-06T21:07:36.161Z\u0027\nSystem info: host: \u0027PC251\u0027, ip: \u0027192.168.1.3\u0027, os.name: \u0027Windows 10\u0027, os.arch: \u0027amd64\u0027, os.version: \u002710.0\u0027, java.version: \u00271.8.0_102\u0027\nDriver info: com.kms.katalon.core.webui.driver.firefox.CGeckoDriver\nCapabilities {acceptInsecureCerts: true, browserName: firefox, browserVersion: 61.0.2, javascriptEnabled: true, moz:accessibilityChecks: false, moz:headless: false, moz:processID: 3236, moz:profile: C:\\Users\\Agato\\AppData\\Loca..., moz:useNonSpecCompliantPointerOrigin: false, moz:webdriverClick: true, pageLoadStrategy: normal, platform: XP, platformName: XP, platformVersion: 10.0, proxy: Proxy(direct), rotatable: false, timeouts: {implicit: 0, pageLoad: 300000, script: 30000}}\nSession ID: ca861207-24c2-4abb-9e00-fcb6580ad4cb\n*** Element info: {Using\u003dxpath, value\u003d//input[@name \u003d \u0027j_username\u0027 and @type \u003d \u0027text\u0027 and @placeholder \u003d \u0027User\u0027]})","description":"","startTime":1536736254193,"endTime":1536736263650,"childRecords":[{"testStatus":{"stackTrace":"","statusValue":"INFO"},"type":"MESSAGE","name":"","message":"Evaluating variables for test case","startTime":1536736254198,"endTime":0,"childRecords":[],"interuppted":false},{"index":1,"isIgnoredIfFailed":false,"type":"TEST_STEP","name":"callTestCase","message":"Call Test Case \u0027Test Cases/Web/BO FUSE/Lib/OpenBrowser\u0027 successfully","description":"","startTime":1536736254282,"endTime":1536736263517,"childRecords":[{"isOptional":false,"type":"TEST_CASE","name":"Test Cases/Web/BO FUSE/Lib/OpenBrowser","id":"Test Cases/Web/BO FUSE/Lib/OpenBrowser","source":"C:\\\\Users\\\\Agato\\\\git\\\\Abaxis\\\\Test Cases\\\\Web\\\\BO FUSE\\\\Lib\\\\OpenBrowser.tc","message":"Test Cases/Web/BO FUSE/Lib/OpenBrowser","description":"OpenBrowser","startTime":1536736254341,"endTime":1536736263516,"childRecords":[{"testStatus":{"stackTrace":"","statusValue":"INFO"},"type":"MESSAGE","name":"","message":"Evaluating variables for test case","startTime":1536736254344,"endTime":0,"childRecords":[],"interuppted":false},{"index":1,"isIgnoredIfFailed":false,"type":"TEST_STEP","name":"openBrowser","message":"Browser is opened with url: \u0027\u0027","description":"","startTime":1536736254345,"endTime":1536736257506,"childRecords":[{"testStatus":{"stackTrace":"","statusValue":"WARNING"},"type":"MESSAGE","name":"","message":"A browser is already opened. Closing browser and opening a new one","startTime":1536736254347,"endTime":0,"childRecords":[],"interuppted":false},{"testStatus":{"stackTrace":"","statusValue":"PASSED"},"type":"MESSAGE","name":"","message":"Browser is opened with url: \u0027\u0027","startTime":1536736257506,"endTime":0,"childRecords":[],"interuppted":false}],"interuppted":false},{"index":2,"isIgnoredIfFailed":false,"type":"TEST_STEP","name":"navigateToUrl","message":"Navigate to \u0027https://fuseint-public.opentrends.net/vetscan-fuse/login.do;jsessionid\u003dCD400AB63E662264D13AEC8ED7B72AE4\u0027 successfully","description":"","startTime":1536736257509,"endTime":1536736263445,"childRecords":[{"testStatus":{"stackTrace":"","statusValue":"PASSED"},"type":"MESSAGE","name":"","message":"Navigate to \u0027https://fuseint-public.opentrends.net/vetscan-fuse/login.do;jsessionid\u003dCD400AB63E662264D13AEC8ED7B72AE4\u0027 successfully","startTime":1536736263444,"endTime":0,"childRecords":[],"interuppted":false}],"interuppted":false},{"index":3,"isIgnoredIfFailed":false,"type":"TEST_STEP","name":"callTestCase","message":"Call Test Case \u0027Test Cases/Web/Delay\u0027 successfully","description":"","startTime":1536736263446,"endTime":1536736263516,"childRecords":[{"isOptional":false,"type":"TEST_CASE","name":"Test Cases/Web/Delay","id":"Test Cases/Web/Delay","source":"C:\\\\Users\\\\Agato\\\\git\\\\Abaxis\\\\Test Cases\\\\Web\\\\Delay.tc","message":"Test Cases/Web/Delay","description":"Global Delay Test","startTime":1536736263503,"endTime":1536736263515,"childRecords":[{"testStatus":{"stackTrace":"","statusValue":"INFO"},"type":"MESSAGE","name":"","message":"Evaluating variables for test case","startTime":1536736263511,"endTime":0,"childRecords":[],"interuppted":false},{"index":1,"isIgnoredIfFailed":false,"type":"TEST_STEP","name":"Statement - return null","description":"","startTime":1536736263514,"endTime":1536736263514,"childRecords":[],"interuppted":false},{"testStatus":{"stackTrace":"","statusValue":"PASSED"},"type":"MESSAGE","name":"","message":"Test Cases/Web/Delay","startTime":1536736263515,"endTime":0,"childRecords":[],"interuppted":false}],"interuppted":false},{"testStatus":{"stackTrace":"","statusValue":"PASSED"},"type":"MESSAGE","name":"","message":"Call Test Case \u0027Test Cases/Web/Delay\u0027 successfully","startTime":1536736263515,"endTime":0,"childRecords":[],"interuppted":false}],"interuppted":false},{"testStatus":{"stackTrace":"","statusValue":"PASSED"},"type":"MESSAGE","name":"","message":"Test Cases/Web/BO FUSE/Lib/OpenBrowser","startTime":1536736263516,"endTime":0,"childRecords":[],"interuppted":false}],"interuppted":false},{"testStatus":{"stackTrace":"","statusValue":"PASSED"},"type":"MESSAGE","name":"","message":"Call Test Case \u0027Test Cases/Web/BO FUSE/Lib/OpenBrowser\u0027 successfully","startTime":1536736263516,"endTime":0,"childRecords":[],"interuppted":false}],"interuppted":false},{"index":2,"isIgnoredIfFailed":false,"type":"TEST_STEP","name":"callTestCase","message":"Unable to call Test Case with id \u0027Test Cases/Web/BO FUSE/Lib/Login\u0027 (Root cause: Call Test Case \u0027Test Cases/Web/BO FUSE/Lib/Login\u0027 failed)","description":"","startTime":1536736263517,"endTime":1536736263649,"childRecords":[{"isOptional":false,"type":"TEST_CASE","name":"Test Cases/Web/BO FUSE/Lib/Login","id":"Test Cases/Web/BO FUSE/Lib/Login","source":"C:\\\\Users\\\\Agato\\\\git\\\\Abaxis\\\\Test Cases\\\\Web\\\\BO FUSE\\\\Lib\\\\Login.tc","message":"Test Cases/Web/BO FUSE/Lib/Login FAILED because (of) Unable to set text \u0027admin\u0027 of object \u0027Object Repository/WEB/BO FUSE/Page_VetScan FUSE - Backoffice/input_j_username\u0027 (Root cause: org.openqa.selenium.WebDriverException: Failed to decode response from marionette\nBuild info: version: \u00273.7.1\u0027, revision: \u00278a0099a\u0027, time: \u00272017-11-06T21:07:36.161Z\u0027\nSystem info: host: \u0027PC251\u0027, ip: \u0027192.168.1.3\u0027, os.name: \u0027Windows 10\u0027, os.arch: \u0027amd64\u0027, os.version: \u002710.0\u0027, java.version: \u00271.8.0_102\u0027\nDriver info: com.kms.katalon.core.webui.driver.firefox.CGeckoDriver\nCapabilities {acceptInsecureCerts: true, browserName: firefox, browserVersion: 61.0.2, javascriptEnabled: true, moz:accessibilityChecks: false, moz:headless: false, moz:processID: 3236, moz:profile: C:\\Users\\Agato\\AppData\\Loca..., moz:useNonSpecCompliantPointerOrigin: false, moz:webdriverClick: true, pageLoadStrategy: normal, platform: XP, platformName: XP, platformVersion: 10.0, proxy: Proxy(direct), rotatable: false, timeouts: {implicit: 0, pageLoad: 300000, script: 30000}}\nSession ID: ca861207-24c2-4abb-9e00-fcb6580ad4cb\n*** Element info: {Using\u003dxpath, value\u003d//input[@name \u003d \u0027j_username\u0027 and @type \u003d \u0027text\u0027 and @placeholder \u003d \u0027User\u0027]})","description":"","startTime":1536736263576,"endTime":1536736263649,"childRecords":[{"testStatus":{"stackTrace":"","statusValue":"INFO"},"type":"MESSAGE","name":"","message":"Evaluating variables for test case","startTime":1536736263584,"endTime":0,"childRecords":[],"interuppted":false},{"index":1,"isIgnoredIfFailed":false,"type":"TEST_STEP","name":"setText","message":"Unable to set text \u0027admin\u0027 of object \u0027Object Repository/WEB/BO FUSE/Page_VetScan FUSE - Backoffice/input_j_username\u0027 (Root cause: org.openqa.selenium.WebDriverException: Failed to decode response from marionette\nBuild info: version: \u00273.7.1\u0027, revision: \u00278a0099a\u0027, time: \u00272017-11-06T21:07:36.161Z\u0027\nSystem info: host: \u0027PC251\u0027, ip: \u0027192.168.1.3\u0027, os.name: \u0027Windows 10\u0027, os.arch: \u0027amd64\u0027, os.version: \u002710.0\u0027, java.version: \u00271.8.0_102\u0027\nDriver info: com.kms.katalon.core.webui.driver.firefox.CGeckoDriver\nCapabilities {acceptInsecureCerts: true, browserName: firefox, browserVersion: 61.0.2, javascriptEnabled: true, moz:accessibilityChecks: false, moz:headless: false, moz:processID: 3236, moz:profile: C:\\Users\\Agato\\AppData\\Loca..., moz:useNonSpecCompliantPointerOrigin: false, moz:webdriverClick: true, pageLoadStrategy: normal, platform: XP, platformName: XP, platformVersion: 10.0, proxy: Proxy(direct), rotatable: false, timeouts: {implicit: 0, pageLoad: 300000, script: 30000}}\nSession ID: ca861207-24c2-4abb-9e00-fcb6580ad4cb\n*** Element info: {Using\u003dxpath, value\u003d//input[@name \u003d \u0027j_username\u0027 and @type \u003d \u0027text\u0027 and @placeholder \u003d \u0027User\u0027]})","description":"","startTime":1536736263585,"endTime":1536736263647,"childRecords":[{"testStatus":{"stackTrace":"","statusValue":"WARNING"},"type":"MESSAGE","name":"","message":"Cannot take screenshot","startTime":1536736263646,"endTime":0,"childRecords":[],"interuppted":false},{"testStatus":{"stackTrace":"","statusValue":"FAILED"},"type":"MESSAGE","name":"","message":"Unable to set text \u0027admin\u0027 of object \u0027Object Repository/WEB/BO FUSE/Page_VetScan FUSE - Backoffice/input_j_username\u0027 (Root cause: org.openqa.selenium.WebDriverException: Failed to decode response from marionette\nBuild info: version: \u00273.7.1\u0027, revision: \u00278a0099a\u0027, time: \u00272017-11-06T21:07:36.161Z\u0027\nSystem info: host: \u0027PC251\u0027, ip: \u0027192.168.1.3\u0027, os.name: \u0027Windows 10\u0027, os.arch: \u0027amd64\u0027, os.version: \u002710.0\u0027, java.version: \u00271.8.0_102\u0027\nDriver info: com.kms.katalon.core.webui.driver.firefox.CGeckoDriver\nCapabilities {acceptInsecureCerts: true, browserName: firefox, browserVersion: 61.0.2, javascriptEnabled: true, moz:accessibilityChecks: false, moz:headless: false, moz:processID: 3236, moz:profile: C:\\Users\\Agato\\AppData\\Loca..., moz:useNonSpecCompliantPointerOrigin: false, moz:webdriverClick: true, pageLoadStrategy: normal, platform: XP, platformName: XP, platformVersion: 10.0, proxy: Proxy(direct), rotatable: false, timeouts: {implicit: 0, pageLoad: 300000, script: 30000}}\nSession ID: ca861207-24c2-4abb-9e00-fcb6580ad4cb\n*** Element info: {Using\u003dxpath, value\u003d//input[@name \u003d \u0027j_username\u0027 and @type \u003d \u0027text\u0027 and @placeholder \u003d \u0027User\u0027]})","startTime":1536736263647,"endTime":0,"childRecords":[],"interuppted":false}],"interuppted":false},{"testStatus":{"stackTrace":"","statusValue":"FAILED"},"type":"MESSAGE","name":"","message":"Test Cases/Web/BO FUSE/Lib/Login FAILED because (of) Unable to set text \u0027admin\u0027 of object \u0027Object Repository/WEB/BO FUSE/Page_VetScan FUSE - Backoffice/input_j_username\u0027 (Root cause: org.openqa.selenium.WebDriverException: Failed to decode response from marionette\nBuild info: version: \u00273.7.1\u0027, revision: \u00278a0099a\u0027, time: \u00272017-11-06T21:07:36.161Z\u0027\nSystem info: host: \u0027PC251\u0027, ip: \u0027192.168.1.3\u0027, os.name: \u0027Windows 10\u0027, os.arch: \u0027amd64\u0027, os.version: \u002710.0\u0027, java.version: \u00271.8.0_102\u0027\nDriver info: com.kms.katalon.core.webui.driver.firefox.CGeckoDriver\nCapabilities {acceptInsecureCerts: true, browserName: firefox, browserVersion: 61.0.2, javascriptEnabled: true, moz:accessibilityChecks: false, moz:headless: false, moz:processID: 3236, moz:profile: C:\\Users\\Agato\\AppData\\Loca..., moz:useNonSpecCompliantPointerOrigin: false, moz:webdriverClick: true, pageLoadStrategy: normal, platform: XP, platformName: XP, platformVersion: 10.0, proxy: Proxy(direct), rotatable: false, timeouts: {implicit: 0, pageLoad: 300000, script: 30000}}\nSession ID: ca861207-24c2-4abb-9e00-fcb6580ad4cb\n*** Element info: {Using\u003dxpath, value\u003d//input[@name \u003d \u0027j_username\u0027 and @type \u003d \u0027text\u0027 and @placeholder \u003d \u0027User\u0027]})","startTime":1536736263648,"endTime":0,"childRecords":[],"interuppted":false}],"interuppted":false},{"testStatus":{"stackTrace":"","statusValue":"FAILED"},"type":"MESSAGE","name":"","message":"Unable to call Test Case with id \u0027Test Cases/Web/BO FUSE/Lib/Login\u0027 (Root cause: Call Test Case \u0027Test Cases/Web/BO FUSE/Lib/Login\u0027 failed)","startTime":1536736263649,"endTime":0,"childRecords":[],"interuppted":false}],"interuppted":false},{"testStatus":{"stackTrace":"","statusValue":"FAILED"},"type":"MESSAGE","name":"","message":"Test Cases/Web/BO FUSE/TC/TC_Users FAILED because (of) Unable to set text \u0027admin\u0027 of object \u0027Object Repository/WEB/BO FUSE/Page_VetScan FUSE - Backoffice/input_j_username\u0027 (Root cause: org.openqa.selenium.WebDriverException: Failed to decode response from marionette\nBuild info: version: \u00273.7.1\u0027, revision: \u00278a0099a\u0027, time: \u00272017-11-06T21:07:36.161Z\u0027\nSystem info: host: \u0027PC251\u0027, ip: \u0027192.168.1.3\u0027, os.name: \u0027Windows 10\u0027, os.arch: \u0027amd64\u0027, os.version: \u002710.0\u0027, java.version: \u00271.8.0_102\u0027\nDriver info: com.kms.katalon.core.webui.driver.firefox.CGeckoDriver\nCapabilities {acceptInsecureCerts: true, browserName: firefox, browserVersion: 61.0.2, javascriptEnabled: true, moz:accessibilityChecks: false, moz:headless: false, moz:processID: 3236, moz:profile: C:\\Users\\Agato\\AppData\\Loca..., moz:useNonSpecCompliantPointerOrigin: false, moz:webdriverClick: true, pageLoadStrategy: normal, platform: XP, platformName: XP, platformVersion: 10.0, proxy: Proxy(direct), rotatable: false, timeouts: {implicit: 0, pageLoad: 300000, script: 30000}}\nSession ID: ca861207-24c2-4abb-9e00-fcb6580ad4cb\n*** Element info: {Using\u003dxpath, value\u003d//input[@name \u003d \u0027j_username\u0027 and @type \u003d \u0027text\u0027 and @placeholder \u003d \u0027User\u0027]})","startTime":1536736263650,"endTime":0,"childRecords":[],"interuppted":false}],"interuppted":false},{"isOptional":false,"type":"TEST_CASE","name":"Test Cases/Web/FUSE/TC/TC_Navigation","id":"Test Cases/Web/FUSE/TC/TC_Navigation","source":"C:\\\\Users\\\\Agato\\\\git\\\\Abaxis\\\\Test Cases\\\\Web\\\\FUSE\\\\TC\\\\TC_Navigation.tc","message":"Test Cases/Web/FUSE/TC/TC_Navigation FAILED because (of) Unable to open browser with url: \u0027\u0027 (Root cause: org.openqa.selenium.SessionNotCreatedException: Tried to run command without establishing a connection\nBuild info: version: \u00273.7.1\u0027, revision: \u00278a0099a\u0027, time: \u00272017-11-06T21:07:36.161Z\u0027\nSystem info: host: \u0027PC251\u0027, ip: \u0027192.168.1.3\u0027, os.name: \u0027Windows 10\u0027, os.arch: \u0027amd64\u0027, os.version: \u002710.0\u0027, java.version: \u00271.8.0_102\u0027\nDriver info: com.kms.katalon.core.webui.driver.firefox.CGeckoDriver\nCapabilities {acceptInsecureCerts: true, browserName: firefox, browserVersion: 61.0.2, javascriptEnabled: true, moz:accessibilityChecks: false, moz:headless: false, moz:processID: 3236, moz:profile: C:\\Users\\Agato\\AppData\\Loca..., moz:useNonSpecCompliantPointerOrigin: false, moz:webdriverClick: true, pageLoadStrategy: normal, platform: XP, platformName: XP, platformVersion: 10.0, proxy: Proxy(direct), rotatable: false, timeouts: {implicit: 0, pageLoad: 300000, script: 30000}}\nSession ID: ca861207-24c2-4abb-9e00-fcb6580ad4cb)","description":"","startTime":1536736263653,"endTime":1536736263906,"childRecords":[{"testStatus":{"stackTrace":"","statusValue":"INFO"},"type":"MESSAGE","name":"","message":"Evaluating variables for test case","startTime":1536736263660,"endTime":0,"childRecords":[],"interuppted":false},{"index":1,"isIgnoredIfFailed":false,"type":"TEST_STEP","name":"callTestCase","message":"Unable to call Test Case with id \u0027Test Cases/Web/FUSE/Lib/OpenBrowser\u0027 (Root cause: Call Test Case \u0027Test Cases/Web/FUSE/Lib/OpenBrowser\u0027 failed)","description":"","startTime":1536736263759,"endTime":1536736263904,"childRecords":[{"isOptional":false,"type":"TEST_CASE","name":"Test Cases/Web/FUSE/Lib/OpenBrowser","id":"Test Cases/Web/FUSE/Lib/OpenBrowser","source":"C:\\\\Users\\\\Agato\\\\git\\\\Abaxis\\\\Test Cases\\\\Web\\\\FUSE\\\\Lib\\\\OpenBrowser.tc","message":"Test Cases/Web/FUSE/Lib/OpenBrowser FAILED because (of) Unable to open browser with url: \u0027\u0027 (Root cause: org.openqa.selenium.SessionNotCreatedException: Tried to run command without establishing a connection\nBuild info: version: \u00273.7.1\u0027, revision: \u00278a0099a\u0027, time: \u00272017-11-06T21:07:36.161Z\u0027\nSystem info: host: \u0027PC251\u0027, ip: \u0027192.168.1.3\u0027, os.name: \u0027Windows 10\u0027, os.arch: \u0027amd64\u0027, os.version: \u002710.0\u0027, java.version: \u00271.8.0_102\u0027\nDriver info: com.kms.katalon.core.webui.driver.firefox.CGeckoDriver\nCapabilities {acceptInsecureCerts: true, browserName: firefox, browserVersion: 61.0.2, javascriptEnabled: true, moz:accessibilityChecks: false, moz:headless: false, moz:processID: 3236, moz:profile: C:\\Users\\Agato\\AppData\\Loca..., moz:useNonSpecCompliantPointerOrigin: false, moz:webdriverClick: true, pageLoadStrategy: normal, platform: XP, platformName: XP, platformVersion: 10.0, proxy: Proxy(direct), rotatable: false, timeouts: {implicit: 0, pageLoad: 300000, script: 30000}}\nSession ID: ca861207-24c2-4abb-9e00-fcb6580ad4cb)","description":"OpenBrowser","startTime":1536736263816,"endTime":1536736263903,"childRecords":[{"testStatus":{"stackTrace":"","statusValue":"INFO"},"type":"MESSAGE","name":"","message":"Evaluating variables for test case","startTime":1536736263820,"endTime":0,"childRecords":[],"interuppted":false},{"index":1,"isIgnoredIfFailed":false,"type":"TEST_STEP","name":"openBrowser","message":"Unable to open browser with url: \u0027\u0027 (Root cause: org.openqa.selenium.SessionNotCreatedException: Tried to run command without establishing a connection\nBuild info: version: \u00273.7.1\u0027, revision: \u00278a0099a\u0027, time: \u00272017-11-06T21:07:36.161Z\u0027\nSystem info: host: \u0027PC251\u0027, ip: \u0027192.168.1.3\u0027, os.name: \u0027Windows 10\u0027, os.arch: \u0027amd64\u0027, os.version: \u002710.0\u0027, java.version: \u00271.8.0_102\u0027\nDriver info: com.kms.katalon.core.webui.driver.firefox.CGeckoDriver\nCapabilities {acceptInsecureCerts: true, browserName: firefox, browserVersion: 61.0.2, javascriptEnabled: true, moz:accessibilityChecks: false, moz:headless: false, moz:processID: 3236, moz:profile: C:\\Users\\Agato\\AppData\\Loca..., moz:useNonSpecCompliantPointerOrigin: false, moz:webdriverClick: true, pageLoadStrategy: normal, platform: XP, platformName: XP, platformVersion: 10.0, proxy: Proxy(direct), rotatable: false, timeouts: {implicit: 0, pageLoad: 300000, script: 30000}}\nSession ID: ca861207-24c2-4abb-9e00-fcb6580ad4cb)","description":"","startTime":1536736263844,"endTime":1536736263902,"childRecords":[{"testStatus":{"stackTrace":"","statusValue":"WARNING"},"type":"MESSAGE","name":"","message":"A browser is already opened. Closing browser and opening a new one","startTime":1536736263845,"endTime":0,"childRecords":[],"interuppted":false},{"testStatus":{"stackTrace":"","statusValue":"FAILED"},"type":"MESSAGE","name":"","message":"Unable to open browser with url: \u0027\u0027 (Root cause: org.openqa.selenium.SessionNotCreatedException: Tried to run command without establishing a connection\nBuild info: version: \u00273.7.1\u0027, revision: \u00278a0099a\u0027, time: \u00272017-11-06T21:07:36.161Z\u0027\nSystem info: host: \u0027PC251\u0027, ip: \u0027192.168.1.3\u0027, os.name: \u0027Windows 10\u0027, os.arch: \u0027amd64\u0027, os.version: \u002710.0\u0027, java.version: \u00271.8.0_102\u0027\nDriver info: com.kms.katalon.core.webui.driver.firefox.CGeckoDriver\nCapabilities {acceptInsecureCerts: true, browserName: firefox, browserVersion: 61.0.2, javascriptEnabled: true, moz:accessibilityChecks: false, moz:headless: false, moz:processID: 3236, moz:profile: C:\\Users\\Agato\\AppData\\Loca..., moz:useNonSpecCompliantPointerOrigin: false, moz:webdriverClick: true, pageLoadStrategy: normal, platform: XP, platformName: XP, platformVersion: 10.0, proxy: Proxy(direct), rotatable: false, timeouts: {implicit: 0, pageLoad: 300000, script: 30000}}\nSession ID: ca861207-24c2-4abb-9e00-fcb6580ad4cb)","startTime":1536736263901,"endTime":0,"childRecords":[],"interuppted":false}],"interuppted":false},{"testStatus":{"stackTrace":"","statusValue":"FAILED"},"type":"MESSAGE","name":"","message":"Test Cases/Web/FUSE/Lib/OpenBrowser FAILED because (of) Unable to open browser with url: \u0027\u0027 (Root cause: org.openqa.selenium.SessionNotCreatedException: Tried to run command without establishing a connection\nBuild info: version: \u00273.7.1\u0027, revision: \u00278a0099a\u0027, time: \u00272017-11-06T21:07:36.161Z\u0027\nSystem info: host: \u0027PC251\u0027, ip: \u0027192.168.1.3\u0027, os.name: \u0027Windows 10\u0027, os.arch: \u0027amd64\u0027, os.version: \u002710.0\u0027, java.version: \u00271.8.0_102\u0027\nDriver info: com.kms.katalon.core.webui.driver.firefox.CGeckoDriver\nCapabilities {acceptInsecureCerts: true, browserName: firefox, browserVersion: 61.0.2, javascriptEnabled: true, moz:accessibilityChecks: false, moz:headless: false, moz:processID: 3236, moz:profile: C:\\Users\\Agato\\AppData\\Loca..., moz:useNonSpecCompliantPointerOrigin: false, moz:webdriverClick: true, pageLoadStrategy: normal, platform: XP, platformName: XP, platformVersion: 10.0, proxy: Proxy(direct), rotatable: false, timeouts: {implicit: 0, pageLoad: 300000, script: 30000}}\nSession ID: ca861207-24c2-4abb-9e00-fcb6580ad4cb)","startTime":1536736263902,"endTime":0,"childRecords":[],"interuppted":false}],"interuppted":false},{"testStatus":{"stackTrace":"","statusValue":"FAILED"},"type":"MESSAGE","name":"","message":"Unable to call Test Case with id \u0027Test Cases/Web/FUSE/Lib/OpenBrowser\u0027 (Root cause: Call Test Case \u0027Test Cases/Web/FUSE/Lib/OpenBrowser\u0027 failed)","startTime":1536736263904,"endTime":0,"childRecords":[],"interuppted":false}],"interuppted":false},{"testStatus":{"stackTrace":"","statusValue":"FAILED"},"type":"MESSAGE","name":"","message":"Test Cases/Web/FUSE/TC/TC_Navigation FAILED because (of) Unable to open browser with url: \u0027\u0027 (Root cause: org.openqa.selenium.SessionNotCreatedException: Tried to run command without establishing a connection\nBuild info: version: \u00273.7.1\u0027, revision: \u00278a0099a\u0027, time: \u00272017-11-06T21:07:36.161Z\u0027\nSystem info: host: \u0027PC251\u0027, ip: \u0027192.168.1.3\u0027, os.name: \u0027Windows 10\u0027, os.arch: \u0027amd64\u0027, os.version: \u002710.0\u0027, java.version: \u00271.8.0_102\u0027\nDriver info: com.kms.katalon.core.webui.driver.firefox.CGeckoDriver\nCapabilities {acceptInsecureCerts: true, browserName: firefox, browserVersion: 61.0.2, javascriptEnabled: true, moz:accessibilityChecks: false, moz:headless: false, moz:processID: 3236, moz:profile: C:\\Users\\Agato\\AppData\\Loca..., moz:useNonSpecCompliantPointerOrigin: false, moz:webdriverClick: true, pageLoadStrategy: normal, platform: XP, platformName: XP, platformVersion: 10.0, proxy: Proxy(direct), rotatable: false, timeouts: {implicit: 0, pageLoad: 300000, script: 30000}}\nSession ID: ca861207-24c2-4abb-9e00-fcb6580ad4cb)","startTime":1536736263905,"endTime":0,"childRecords":[],"interuppted":false}],"interuppted":false},{"isOptional":false,"type":"TEST_CASE","name":"Test Cases/Web/FUSE/TC/TC_NewOwner","id":"Test Cases/Web/FUSE/TC/TC_NewOwner","source":"C:\\\\Users\\\\Agato\\\\git\\\\Abaxis\\\\Test Cases\\\\Web\\\\FUSE\\\\TC\\\\TC_NewOwner.tc","message":"Test Cases/Web/FUSE/TC/TC_NewOwner FAILED because (of) Unable to click on object \u0027Object Repository/WEB/FUSE/WF1/Page_Abaxis VetScan Fuse/form_Login\u0027 (Root cause: org.openqa.selenium.WebDriverException: Failed to decode response from marionette\nBuild info: version: \u00273.7.1\u0027, revision: \u00278a0099a\u0027, time: \u00272017-11-06T21:07:36.161Z\u0027\nSystem info: host: \u0027PC251\u0027, ip: \u0027192.168.1.3\u0027, os.name: \u0027Windows 10\u0027, os.arch: \u0027amd64\u0027, os.version: \u002710.0\u0027, java.version: \u00271.8.0_102\u0027\nDriver info: com.kms.katalon.core.webui.driver.firefox.CGeckoDriver\nCapabilities {acceptInsecureCerts: true, browserName: firefox, browserVersion: 61.0.2, javascriptEnabled: true, moz:accessibilityChecks: false, moz:headless: false, moz:processID: 12932, moz:profile: C:\\Users\\Agato\\AppData\\Loca..., moz:useNonSpecCompliantPointerOrigin: false, moz:webdriverClick: true, pageLoadStrategy: normal, platform: XP, platformName: XP, platformVersion: 10.0, proxy: Proxy(direct), rotatable: false, timeouts: {implicit: 0, pageLoad: 300000, script: 30000}}\nSession ID: afe80237-2070-4622-8466-ef9baeedbd47\n*** Element info: {Using\u003dxpath, value\u003d//form[@name \u003d \u0027login.form\u0027 and (text() \u003d \u0027Login \u0027 or . \u003d \u0027Login \u0027)]})","description":"","startTime":1536736263910,"endTime":1536736268851,"childRecords":[{"testStatus":{"stackTrace":"","statusValue":"INFO"},"type":"MESSAGE","name":"","message":"Evaluating variables for test case","startTime":1536736263920,"endTime":0,"childRecords":[],"interuppted":false},{"index":1,"isIgnoredIfFailed":false,"type":"TEST_STEP","name":"callTestCase","message":"Call Test Case \u0027Test Cases/Web/FUSE/Lib/OpenBrowser\u0027 successfully","description":"","startTime":1536736264096,"endTime":1536736268602,"childRecords":[{"isOptional":false,"type":"TEST_CASE","name":"Test Cases/Web/FUSE/Lib/OpenBrowser","id":"Test Cases/Web/FUSE/Lib/OpenBrowser","source":"C:\\\\Users\\\\Agato\\\\git\\\\Abaxis\\\\Test Cases\\\\Web\\\\FUSE\\\\Lib\\\\OpenBrowser.tc","message":"Test Cases/Web/FUSE/Lib/OpenBrowser","description":"OpenBrowser","startTime":1536736264156,"endTime":1536736268602,"childRecords":[{"testStatus":{"stackTrace":"","statusValue":"INFO"},"type":"MESSAGE","name":"","message":"Evaluating variables for test case","startTime":1536736264167,"endTime":0,"childRecords":[],"interuppted":false},{"index":1,"isIgnoredIfFailed":false,"type":"TEST_STEP","name":"openBrowser","message":"Browser is opened with url: \u0027\u0027","description":"","startTime":1536736264169,"endTime":1536736266558,"childRecords":[{"testStatus":{"stackTrace":"","statusValue":"PASSED"},"type":"MESSAGE","name":"","message":"Browser is opened with url: \u0027\u0027","startTime":1536736266558,"endTime":0,"childRecords":[],"interuppted":false}],"interuppted":false},{"index":2,"isIgnoredIfFailed":false,"type":"TEST_STEP","name":"navigateToUrl","message":"Navigate to \u0027http://192.168.1.201:8080/#/\u0027 successfully","description":"","startTime":1536736266559,"endTime":1536736268534,"childRecords":[{"testStatus":{"stackTrace":"","statusValue":"PASSED"},"type":"MESSAGE","name":"","message":"Navigate to \u0027http://192.168.1.201:8080/#/\u0027 successfully","startTime":1536736268534,"endTime":0,"childRecords":[],"interuppted":false}],"interuppted":false},{"index":3,"isIgnoredIfFailed":false,"type":"TEST_STEP","name":"callTestCase","message":"Call Test Case \u0027Test Cases/Web/Delay\u0027 successfully","description":"","startTime":1536736268535,"endTime":1536736268602,"childRecords":[{"isOptional":false,"type":"TEST_CASE","name":"Test Cases/Web/Delay","id":"Test Cases/Web/Delay","source":"C:\\\\Users\\\\Agato\\\\git\\\\Abaxis\\\\Test Cases\\\\Web\\\\Delay.tc","message":"Test Cases/Web/Delay","description":"Global Delay Test","startTime":1536736268595,"endTime":1536736268601,"childRecords":[{"testStatus":{"stackTrace":"","statusValue":"INFO"},"type":"MESSAGE","name":"","message":"Evaluating variables for test case","startTime":1536736268599,"endTime":0,"childRecords":[],"interuppted":false},{"index":1,"isIgnoredIfFailed":false,"type":"TEST_STEP","name":"Statement - return null","description":"","startTime":1536736268600,"endTime":1536736268601,"childRecords":[],"interuppted":false},{"testStatus":{"stackTrace":"","statusValue":"PASSED"},"type":"MESSAGE","name":"","message":"Test Cases/Web/Delay","startTime":1536736268601,"endTime":0,"childRecords":[],"interuppted":false}],"interuppted":false},{"testStatus":{"stackTrace":"","statusValue":"PASSED"},"type":"MESSAGE","name":"","message":"Call Test Case \u0027Test Cases/Web/Delay\u0027 successfully","startTime":1536736268601,"endTime":0,"childRecords":[],"interuppted":false}],"interuppted":false},{"testStatus":{"stackTrace":"","statusValue":"PASSED"},"type":"MESSAGE","name":"","message":"Test Cases/Web/FUSE/Lib/OpenBrowser","startTime":1536736268602,"endTime":0,"childRecords":[],"interuppted":false}],"interuppted":false},{"testStatus":{"stackTrace":"","statusValue":"PASSED"},"type":"MESSAGE","name":"","message":"Call Test Case \u0027Test Cases/Web/FUSE/Lib/OpenBrowser\u0027 successfully","startTime":1536736268602,"endTime":0,"childRecords":[],"interuppted":false}],"interuppted":false},{"index":2,"isIgnoredIfFailed":false,"type":"TEST_STEP","name":"callTestCase","message":"Unable to call Test Case with id \u0027Test Cases/Web/FUSE/Lib/LoginFUSE\u0027 (Root cause: Call Test Case \u0027Test Cases/Web/FUSE/Lib/LoginFUSE\u0027 failed)","description":"","startTime":1536736268603,"endTime":1536736268850,"childRecords":[{"isOptional":false,"type":"TEST_CASE","name":"Test Cases/Web/FUSE/Lib/LoginFUSE","id":"Test Cases/Web/FUSE/Lib/LoginFUSE","source":"C:\\\\Users\\\\Agato\\\\git\\\\Abaxis\\\\Test Cases\\\\Web\\\\FUSE\\\\Lib\\\\LoginFUSE.tc","message":"Test Cases/Web/FUSE/Lib/LoginFUSE FAILED because (of) Unable to click on object \u0027Object Repository/WEB/FUSE/WF1/Page_Abaxis VetScan Fuse/form_Login\u0027 (Root cause: org.openqa.selenium.WebDriverException: Failed to decode response from marionette\nBuild info: version: \u00273.7.1\u0027, revision: \u00278a0099a\u0027, time: \u00272017-11-06T21:07:36.161Z\u0027\nSystem info: host: \u0027PC251\u0027, ip: \u0027192.168.1.3\u0027, os.name: \u0027Windows 10\u0027, os.arch: \u0027amd64\u0027, os.version: \u002710.0\u0027, java.version: \u00271.8.0_102\u0027\nDriver info: com.kms.katalon.core.webui.driver.firefox.CGeckoDriver\nCapabilities {acceptInsecureCerts: true, browserName: firefox, browserVersion: 61.0.2, javascriptEnabled: true, moz:accessibilityChecks: false, moz:headless: false, moz:processID: 12932, moz:profile: C:\\Users\\Agato\\AppData\\Loca..., moz:useNonSpecCompliantPointerOrigin: false, moz:webdriverClick: true, pageLoadStrategy: normal, platform: XP, platformName: XP, platformVersion: 10.0, proxy: Proxy(direct), rotatable: false, timeouts: {implicit: 0, pageLoad: 300000, script: 30000}}\nSession ID: afe80237-2070-4622-8466-ef9baeedbd47\n*** Element info: {Using\u003dxpath, value\u003d//form[@name \u003d \u0027login.form\u0027 and (text() \u003d \u0027Login \u0027 or . \u003d \u0027Login \u0027)]})","description":"","startTime":1536736268661,"endTime":1536736268849,"childRecords":[{"testStatus":{"stackTrace":"","statusValue":"INFO"},"type":"MESSAGE","name":"","message":"Evaluating variables for test case","startTime":1536736268670,"endTime":0,"childRecords":[],"interuppted":false},{"index":1,"isIgnoredIfFailed":false,"type":"TEST_STEP","name":"click","message":"Unable to click on object \u0027Object Repository/WEB/FUSE/WF1/Page_Abaxis VetScan Fuse/form_Login\u0027 (Root cause: org.openqa.selenium.WebDriverException: Failed to decode response from marionette\nBuild info: version: \u00273.7.1\u0027, revision: \u00278a0099a\u0027, time: \u00272017-11-06T21:07:36.161Z\u0027\nSystem info: host: \u0027PC251\u0027, ip: \u0027192.168.1.3\u0027, os.name: \u0027Windows 10\u0027, os.arch: \u0027amd64\u0027, os.version: \u002710.0\u0027, java.version: \u00271.8.0_102\u0027\nDriver info: com.kms.katalon.core.webui.driver.firefox.CGeckoDriver\nCapabilities {acceptInsecureCerts: true, browserName: firefox, browserVersion: 61.0.2, javascriptEnabled: true, moz:accessibilityChecks: false, moz:headless: false, moz:processID: 12932, moz:profile: C:\\Users\\Agato\\AppData\\Loca..., moz:useNonSpecCompliantPointerOrigin: false, moz:webdriverClick: true, pageLoadStrategy: normal, platform: XP, platformName: XP, platformVersion: 10.0, proxy: Proxy(direct), rotatable: false, timeouts: {implicit: 0, pageLoad: 300000, script: 30000}}\nSession ID: afe80237-2070-4622-8466-ef9baeedbd47\n*** Element info: {Using\u003dxpath, value\u003d//form[@name \u003d \u0027login.form\u0027 and (text() \u003d \u0027Login \u0027 or . \u003d \u0027Login \u0027)]})","description":"","startTime":1536736268784,"endTime":1536736268844,"childRecords":[{"testStatus":{"stackTrace":"","statusValue":"WARNING"},"type":"MESSAGE","name":"","message":"Cannot take screenshot","startTime":1536736268842,"endTime":0,"childRecords":[],"interuppted":false},{"testStatus":{"stackTrace":"","statusValue":"FAILED"},"type":"MESSAGE","name":"","message":"Unable to click on object \u0027Object Repository/WEB/FUSE/WF1/Page_Abaxis VetScan Fuse/form_Login\u0027 (Root cause: org.openqa.selenium.WebDriverException: Failed to decode response from marionette\nBuild info: version: \u00273.7.1\u0027, revision: \u00278a0099a\u0027, time: \u00272017-11-06T21:07:36.161Z\u0027\nSystem info: host: \u0027PC251\u0027, ip: \u0027192.168.1.3\u0027, os.name: \u0027Windows 10\u0027, os.arch: \u0027amd64\u0027, os.version: \u002710.0\u0027, java.version: \u00271.8.0_102\u0027\nDriver info: com.kms.katalon.core.webui.driver.firefox.CGeckoDriver\nCapabilities {acceptInsecureCerts: true, browserName: firefox, browserVersion: 61.0.2, javascriptEnabled: true, moz:accessibilityChecks: false, moz:headless: false, moz:processID: 12932, moz:profile: C:\\Users\\Agato\\AppData\\Loca..., moz:useNonSpecCompliantPointerOrigin: false, moz:webdriverClick: true, pageLoadStrategy: normal, platform: XP, platformName: XP, platformVersion: 10.0, proxy: Proxy(direct), rotatable: false, timeouts: {implicit: 0, pageLoad: 300000, script: 30000}}\nSession ID: afe80237-2070-4622-8466-ef9baeedbd47\n*** Element info: {Using\u003dxpath, value\u003d//form[@name \u003d \u0027login.form\u0027 and (text() \u003d \u0027Login \u0027 or . \u003d \u0027Login \u0027)]})","startTime":1536736268843,"endTime":0,"childRecords":[],"interuppted":false}],"interuppted":false},{"testStatus":{"stackTrace":"","statusValue":"FAILED"},"type":"MESSAGE","name":"","message":"Test Cases/Web/FUSE/Lib/LoginFUSE FAILED because (of) Unable to click on object \u0027Object Repository/WEB/FUSE/WF1/Page_Abaxis VetScan Fuse/form_Login\u0027 (Root cause: org.openqa.selenium.WebDriverException: Failed to decode response from marionette\nBuild info: version: \u00273.7.1\u0027, revision: \u00278a0099a\u0027, time: \u00272017-11-06T21:07:36.161Z\u0027\nSystem info: host: \u0027PC251\u0027, ip: \u0027192.168.1.3\u0027, os.name: \u0027Windows 10\u0027, os.arch: \u0027amd64\u0027, os.version: \u002710.0\u0027, java.version: \u00271.8.0_102\u0027\nDriver info: com.kms.katalon.core.webui.driver.firefox.CGeckoDriver\nCapabilities {acceptInsecureCerts: true, browserName: firefox, browserVersion: 61.0.2, javascriptEnabled: true, moz:accessibilityChecks: false, moz:headless: false, moz:processID: 12932, moz:profile: C:\\Users\\Agato\\AppData\\Loca..., moz:useNonSpecCompliantPointerOrigin: false, moz:webdriverClick: true, pageLoadStrategy: normal, platform: XP, platformName: XP, platformVersion: 10.0, proxy: Proxy(direct), rotatable: false, timeouts: {implicit: 0, pageLoad: 300000, script: 30000}}\nSession ID: afe80237-2070-4622-8466-ef9baeedbd47\n*** Element info: {Using\u003dxpath, value\u003d//form[@name \u003d \u0027login.form\u0027 and (text() \u003d \u0027Login \u0027 or . \u003d \u0027Login \u0027)]})","startTime":1536736268848,"endTime":0,"childRecords":[],"interuppted":false}],"interuppted":false},{"testStatus":{"stackTrace":"","statusValue":"FAILED"},"type":"MESSAGE","name":"","message":"Unable to call Test Case with id \u0027Test Cases/Web/FUSE/Lib/LoginFUSE\u0027 (Root cause: Call Test Case \u0027Test Cases/Web/FUSE/Lib/LoginFUSE\u0027 failed)","startTime":1536736268849,"endTime":0,"childRecords":[],"interuppted":false}],"interuppted":false},{"testStatus":{"stackTrace":"","statusValue":"FAILED"},"type":"MESSAGE","name":"","message":"Test Cases/Web/FUSE/TC/TC_NewOwner FAILED because (of) Unable to click on object \u0027Object Repository/WEB/FUSE/WF1/Page_Abaxis VetScan Fuse/form_Login\u0027 (Root cause: org.openqa.selenium.WebDriverException: Failed to decode response from marionette\nBuild info: version: \u00273.7.1\u0027, revision: \u00278a0099a\u0027, time: \u00272017-11-06T21:07:36.161Z\u0027\nSystem info: host: \u0027PC251\u0027, ip: \u0027192.168.1.3\u0027, os.name: \u0027Windows 10\u0027, os.arch: \u0027amd64\u0027, os.version: \u002710.0\u0027, java.version: \u00271.8.0_102\u0027\nDriver info: com.kms.katalon.core.webui.driver.firefox.CGeckoDriver\nCapabilities {acceptInsecureCerts: true, browserName: firefox, browserVersion: 61.0.2, javascriptEnabled: true, moz:accessibilityChecks: false, moz:headless: false, moz:processID: 12932, moz:profile: C:\\Users\\Agato\\AppData\\Loca..., moz:useNonSpecCompliantPointerOrigin: false, moz:webdriverClick: true, pageLoadStrategy: normal, platform: XP, platformName: XP, platformVersion: 10.0, proxy: Proxy(direct), rotatable: false, timeouts: {implicit: 0, pageLoad: 300000, script: 30000}}\nSession ID: afe80237-2070-4622-8466-ef9baeedbd47\n*** Element info: {Using\u003dxpath, value\u003d//form[@name \u003d \u0027login.form\u0027 and (text() \u003d \u0027Login \u0027 or . \u003d \u0027Login \u0027)]})","startTime":1536736268850,"endTime":0,"childRecords":[],"interuppted":false}],"interuppted":false}],"interuppted":true}