<?xml version="1.0" encoding="UTF-8"?>
<testsuites name="TS_Web" time="76" tests="4" failures="1" errors="0">
   <testsuite name="TS_Web" tests="4" failures="1" errors="0" time="76" timestamp="2018-09-07 10:03:29" hostname="Agato - 192.168.1.3" id="Test Suites/TS_Web">
      <properties>
         <property name="deviceName" value=""/>
         <property name="devicePlatform" value=""/>
         <property name="logFolder" value="C:\\Users\\Agato\\git\\Abaxis\\Reports\\TS_Web\\20180907_095648"/>
         <property name="logFiles" value="C:\\Users\\Agato\\git\\Abaxis\\Reports\\TS_Web\\20180907_095648\\execution0.log"/>
         <property name="attachments" value="C:\\Users\\Agato\\git\\Abaxis\\Reports\\TS_Web\\20180907_095648\\1536307486124.png"/>
         <property name="hostName" value="Agato - 192.168.1.3"/>
         <property name="os" value="Windows 10 64bit"/>
         <property name="katalonVersion" value="5.6.3.1"/>
         <property name="browser" value="Firefox 61.0"/>
         <property name="hostAddress" value="192.168.1.3"/>
         <property name="sessionId" value="b37212e0-7f25-42a0-9858-ea32b6d4267c"/>
         <property name="seleniumVersion" value="3.7.1"/>
         <property name="proxyInformation" value="ProxyInformation{proxyOption=NO_PROXY, proxyServerType=HTTP, password=, proxyServerAddress=, proxyServerPort=0}"/>
         <property name="platform" value="Windows 10"/>
      </properties>
      <testcase name="Test Cases/Web/BO FUSE/TC/TC_Login" classname="Test Cases/Web/BO FUSE/TC/TC_Login" status="PASSED">
         <system-out><![CDATA[2018-09-07 10:03:30 - [TEST_CASE][PASSED] - Test Cases/Web/BO FUSE/TC/TC_Login: Test Cases/Web/BO FUSE/TC/TC_Login

2018-09-07 10:03:30 - [TEST_STEP][PASSED] - callTestCase: Call Test Case 'Test Cases/Web/BO FUSE/Lib/OpenBrowser' successfully

2018-09-07 10:03:30 - [TEST_CASE][PASSED] - Test Cases/Web/BO FUSE/Lib/OpenBrowser: Test Cases/Web/BO FUSE/Lib/OpenBrowser

2018-09-07 10:03:30 - [TEST_STEP][PASSED] - openBrowser: Browser is opened with url: ''

2018-09-07 10:03:34 - [MESSAGE][PASSED] - Browser is opened with url: ''

2018-09-07 10:03:34 - [TEST_STEP][PASSED] - navigateToUrl: Navigate to 'https://fuseint-public.opentrends.net/vetscan-fuse/login.do;jsessionid=CD400AB63E662264D13AEC8ED7B72AE4' successfully

2018-09-07 10:03:37 - [MESSAGE][PASSED] - Navigate to 'https://fuseint-public.opentrends.net/vetscan-fuse/login.do;jsessionid=CD400AB63E662264D13AEC8ED7B72AE4' successfully

2018-09-07 10:03:37 - [TEST_STEP][PASSED] - callTestCase: Call Test Case 'Test Cases/Web/Delay' successfully

2018-09-07 10:03:37 - [TEST_CASE][PASSED] - Test Cases/Web/Delay: Test Cases/Web/Delay

2018-09-07 10:03:37 - [TEST_STEP][PASSED] - Statement - return null: null

2018-09-07 10:03:37 - [MESSAGE][PASSED] - Call Test Case 'Test Cases/Web/Delay' successfully

2018-09-07 10:03:37 - [MESSAGE][PASSED] - Call Test Case 'Test Cases/Web/BO FUSE/Lib/OpenBrowser' successfully

2018-09-07 10:03:37 - [TEST_STEP][PASSED] - callTestCase: Call Test Case 'Test Cases/Web/BO FUSE/Lib/Login' successfully

2018-09-07 10:03:37 - [TEST_CASE][PASSED] - Test Cases/Web/BO FUSE/Lib/Login: Test Cases/Web/BO FUSE/Lib/Login

2018-09-07 10:03:37 - [TEST_STEP][PASSED] - setText: Text 'admin' is set on object 'Object Repository/WEB/BO FUSE/Page_VetScan FUSE - Backoffice/input_j_username'

2018-09-07 10:03:37 - [MESSAGE][PASSED] - Text 'admin' is set on object 'Object Repository/WEB/BO FUSE/Page_VetScan FUSE - Backoffice/input_j_username'

2018-09-07 10:03:37 - [TEST_STEP][PASSED] - setEncryptedText: Text ****** has been set on object 'Object Repository/WEB/BO FUSE/Page_VetScan FUSE - Backoffice/input_j_password'

2018-09-07 10:03:37 - [MESSAGE][PASSED] - Text ****** has been set on object 'Object Repository/WEB/BO FUSE/Page_VetScan FUSE - Backoffice/input_j_password'

2018-09-07 10:03:37 - [TEST_STEP][PASSED] - click: Object: 'Object Repository/WEB/BO FUSE/Page_VetScan FUSE - Backoffice/div_LOG IN' is clicked on

2018-09-07 10:03:38 - [MESSAGE][PASSED] - Object: 'Object Repository/WEB/BO FUSE/Page_VetScan FUSE - Backoffice/div_LOG IN' is clicked on

2018-09-07 10:03:38 - [MESSAGE][PASSED] - Call Test Case 'Test Cases/Web/BO FUSE/Lib/Login' successfully

2018-09-07 10:03:38 - [TEST_STEP][PASSED] - callTestCase: Call Test Case 'Test Cases/Web/BO FUSE/Lib/CloseBrowser' successfully

2018-09-07 10:03:38 - [TEST_CASE][PASSED] - Test Cases/Web/BO FUSE/Lib/CloseBrowser: Test Cases/Web/BO FUSE/Lib/CloseBrowser

2018-09-07 10:03:39 - [TEST_STEP][PASSED] - closeBrowser: Browser is closed

2018-09-07 10:03:39 - [MESSAGE][PASSED] - Browser is closed

2018-09-07 10:03:39 - [MESSAGE][PASSED] - Call Test Case 'Test Cases/Web/BO FUSE/Lib/CloseBrowser' successfully]]></system-out>
         <system-err><![CDATA[]]></system-err>
      </testcase>
      <testcase name="Test Cases/Web/FUSE/TC/TC_LoginFUSE" classname="Test Cases/Web/FUSE/TC/TC_LoginFUSE" status="PASSED">
         <system-out><![CDATA[2018-09-07 10:03:39 - [TEST_CASE][PASSED] - Test Cases/Web/FUSE/TC/TC_LoginFUSE: Test Cases/Web/FUSE/TC/TC_LoginFUSE

2018-09-07 10:03:39 - [TEST_STEP][PASSED] - callTestCase: Call Test Case 'Test Cases/Web/FUSE/Lib/OpenBrowser' successfully

2018-09-07 10:03:39 - [TEST_CASE][PASSED] - Test Cases/Web/FUSE/Lib/OpenBrowser: Test Cases/Web/FUSE/Lib/OpenBrowser

2018-09-07 10:03:39 - [TEST_STEP][PASSED] - openBrowser: Browser is opened with url: ''

2018-09-07 10:03:41 - [MESSAGE][PASSED] - Browser is opened with url: ''

2018-09-07 10:03:41 - [TEST_STEP][PASSED] - navigateToUrl: Navigate to 'http://192.168.1.201:8080/#/' successfully

2018-09-07 10:03:47 - [MESSAGE][PASSED] - Navigate to 'http://192.168.1.201:8080/#/' successfully

2018-09-07 10:03:47 - [TEST_STEP][PASSED] - callTestCase: Call Test Case 'Test Cases/Web/Delay' successfully

2018-09-07 10:03:47 - [TEST_CASE][PASSED] - Test Cases/Web/Delay: Test Cases/Web/Delay

2018-09-07 10:03:47 - [TEST_STEP][PASSED] - Statement - return null: null

2018-09-07 10:03:47 - [MESSAGE][PASSED] - Call Test Case 'Test Cases/Web/Delay' successfully

2018-09-07 10:03:47 - [MESSAGE][PASSED] - Call Test Case 'Test Cases/Web/FUSE/Lib/OpenBrowser' successfully

2018-09-07 10:03:47 - [TEST_STEP][PASSED] - callTestCase: Call Test Case 'Test Cases/Web/FUSE/Lib/LoginFUSE' successfully

2018-09-07 10:03:47 - [TEST_CASE][PASSED] - Test Cases/Web/FUSE/Lib/LoginFUSE: Test Cases/Web/FUSE/Lib/LoginFUSE

2018-09-07 10:03:47 - [TEST_STEP][PASSED] - click: Object: 'Object Repository/WEB/FUSE/WF1/Page_Abaxis VetScan Fuse/form_Login' is clicked on

2018-09-07 10:03:47 - [MESSAGE][PASSED] - Object: 'Object Repository/WEB/FUSE/WF1/Page_Abaxis VetScan Fuse/form_Login' is clicked on

2018-09-07 10:03:47 - [TEST_STEP][PASSED] - setText: Text 'admin' is set on object 'Object Repository/WEB/FUSE/WF1/Page_Abaxis VetScan Fuse/input_username'

2018-09-07 10:03:47 - [MESSAGE][PASSED] - Text 'admin' is set on object 'Object Repository/WEB/FUSE/WF1/Page_Abaxis VetScan Fuse/input_username'

2018-09-07 10:03:47 - [TEST_STEP][PASSED] - setEncryptedText: Text ****** has been set on object 'Object Repository/WEB/FUSE/WF1/Page_Abaxis VetScan Fuse/input_password'

2018-09-07 10:03:47 - [MESSAGE][PASSED] - Text ****** has been set on object 'Object Repository/WEB/FUSE/WF1/Page_Abaxis VetScan Fuse/input_password'

2018-09-07 10:03:47 - [TEST_STEP][PASSED] - click: Object: 'Object Repository/WEB/FUSE/WF1/Page_Abaxis VetScan Fuse/button_Login' is clicked on

2018-09-07 10:03:47 - [MESSAGE][PASSED] - Object: 'Object Repository/WEB/FUSE/WF1/Page_Abaxis VetScan Fuse/button_Login' is clicked on

2018-09-07 10:03:47 - [MESSAGE][PASSED] - Call Test Case 'Test Cases/Web/FUSE/Lib/LoginFUSE' successfully

2018-09-07 10:03:47 - [TEST_STEP][PASSED] - callTestCase: Call Test Case 'Test Cases/Web/FUSE/Lib/CloseBrowser' successfully

2018-09-07 10:03:48 - [TEST_CASE][PASSED] - Test Cases/Web/FUSE/Lib/CloseBrowser: Test Cases/Web/FUSE/Lib/CloseBrowser

2018-09-07 10:03:48 - [TEST_STEP][PASSED] - closeBrowser: Browser is closed

2018-09-07 10:03:48 - [MESSAGE][PASSED] - Browser is closed

2018-09-07 10:03:48 - [MESSAGE][PASSED] - Call Test Case 'Test Cases/Web/FUSE/Lib/CloseBrowser' successfully]]></system-out>
         <system-err><![CDATA[]]></system-err>
      </testcase>
      <testcase name="Test Cases/Web/BO FUSE/TC/TC_Users" classname="Test Cases/Web/BO FUSE/TC/TC_Users" status="PASSED">
         <system-out><![CDATA[2018-09-07 10:03:48 - [TEST_CASE][PASSED] - Test Cases/Web/BO FUSE/TC/TC_Users: Test Cases/Web/BO FUSE/TC/TC_Users

2018-09-07 10:03:48 - [TEST_STEP][PASSED] - callTestCase: Call Test Case 'Test Cases/Web/BO FUSE/Lib/OpenBrowser' successfully

2018-09-07 10:03:48 - [TEST_CASE][PASSED] - Test Cases/Web/BO FUSE/Lib/OpenBrowser: Test Cases/Web/BO FUSE/Lib/OpenBrowser

2018-09-07 10:03:48 - [TEST_STEP][PASSED] - openBrowser: Browser is opened with url: ''

2018-09-07 10:03:51 - [MESSAGE][PASSED] - Browser is opened with url: ''

2018-09-07 10:03:51 - [TEST_STEP][PASSED] - navigateToUrl: Navigate to 'https://fuseint-public.opentrends.net/vetscan-fuse/login.do;jsessionid=CD400AB63E662264D13AEC8ED7B72AE4' successfully

2018-09-07 10:03:53 - [MESSAGE][PASSED] - Navigate to 'https://fuseint-public.opentrends.net/vetscan-fuse/login.do;jsessionid=CD400AB63E662264D13AEC8ED7B72AE4' successfully

2018-09-07 10:03:53 - [TEST_STEP][PASSED] - callTestCase: Call Test Case 'Test Cases/Web/Delay' successfully

2018-09-07 10:03:53 - [TEST_CASE][PASSED] - Test Cases/Web/Delay: Test Cases/Web/Delay

2018-09-07 10:03:53 - [TEST_STEP][PASSED] - Statement - return null: null

2018-09-07 10:03:53 - [MESSAGE][PASSED] - Call Test Case 'Test Cases/Web/Delay' successfully

2018-09-07 10:03:53 - [MESSAGE][PASSED] - Call Test Case 'Test Cases/Web/BO FUSE/Lib/OpenBrowser' successfully

2018-09-07 10:03:53 - [TEST_STEP][PASSED] - callTestCase: Call Test Case 'Test Cases/Web/BO FUSE/Lib/Login' successfully

2018-09-07 10:03:53 - [TEST_CASE][PASSED] - Test Cases/Web/BO FUSE/Lib/Login: Test Cases/Web/BO FUSE/Lib/Login

2018-09-07 10:03:53 - [TEST_STEP][PASSED] - setText: Text 'admin' is set on object 'Object Repository/WEB/BO FUSE/Page_VetScan FUSE - Backoffice/input_j_username'

2018-09-07 10:03:54 - [MESSAGE][PASSED] - Text 'admin' is set on object 'Object Repository/WEB/BO FUSE/Page_VetScan FUSE - Backoffice/input_j_username'

2018-09-07 10:03:54 - [TEST_STEP][PASSED] - setEncryptedText: Text ****** has been set on object 'Object Repository/WEB/BO FUSE/Page_VetScan FUSE - Backoffice/input_j_password'

2018-09-07 10:03:54 - [MESSAGE][PASSED] - Text ****** has been set on object 'Object Repository/WEB/BO FUSE/Page_VetScan FUSE - Backoffice/input_j_password'

2018-09-07 10:03:54 - [TEST_STEP][PASSED] - click: Object: 'Object Repository/WEB/BO FUSE/Page_VetScan FUSE - Backoffice/div_LOG IN' is clicked on

2018-09-07 10:03:54 - [MESSAGE][PASSED] - Object: 'Object Repository/WEB/BO FUSE/Page_VetScan FUSE - Backoffice/div_LOG IN' is clicked on

2018-09-07 10:03:54 - [MESSAGE][PASSED] - Call Test Case 'Test Cases/Web/BO FUSE/Lib/Login' successfully

2018-09-07 10:03:54 - [TEST_STEP][PASSED] - callTestCase: Call Test Case 'Test Cases/Web/BO FUSE/Lib/BO_Users' successfully

2018-09-07 10:03:55 - [TEST_CASE][PASSED] - Test Cases/Web/BO FUSE/Lib/BO_Users: Test Cases/Web/BO FUSE/Lib/BO_Users

2018-09-07 10:03:55 - [TEST_STEP][PASSED] - click: Object: 'Object Repository/WEB/BO FUSE/Page_VetScan FUSE - Backoffice/i_icon-assets_ng_ic_users_18' is clicked on

2018-09-07 10:03:55 - [MESSAGE][PASSED] - Object: 'Object Repository/WEB/BO FUSE/Page_VetScan FUSE - Backoffice/i_icon-assets_ng_ic_users_18' is clicked on

2018-09-07 10:03:55 - [MESSAGE][PASSED] - Call Test Case 'Test Cases/Web/BO FUSE/Lib/BO_Users' successfully

2018-09-07 10:03:55 - [TEST_STEP][PASSED] - callTestCase: Call Test Case 'Test Cases/Web/BO FUSE/Lib/CrearVeterinaria' successfully

2018-09-07 10:03:55 - [TEST_CASE][PASSED] - Test Cases/Web/BO FUSE/Lib/CrearVeterinaria: Test Cases/Web/BO FUSE/Lib/CrearVeterinaria

2018-09-07 10:03:55 - [TEST_STEP][PASSED] - click: Object: 'Object Repository/WEB/BO FUSE/Page_VetScan FUSE - Backoffice/a_NewUser' is clicked on

2018-09-07 10:03:55 - [MESSAGE][PASSED] - Object: 'Object Repository/WEB/BO FUSE/Page_VetScan FUSE - Backoffice/a_NewUser' is clicked on

2018-09-07 10:03:55 - [TEST_STEP][PASSED] - setText: Text 'agatox' is set on object 'Object Repository/WEB/BO FUSE/Page_VetScan FUSE - Backoffice/input_userName'

2018-09-07 10:03:55 - [MESSAGE][PASSED] - Text 'agatox' is set on object 'Object Repository/WEB/BO FUSE/Page_VetScan FUSE - Backoffice/input_userName'

2018-09-07 10:03:55 - [TEST_STEP][PASSED] - setEncryptedText: Text ****** has been set on object 'Object Repository/WEB/BO FUSE/Page_VetScan FUSE - Backoffice/input_password'

2018-09-07 10:03:55 - [MESSAGE][PASSED] - Text ****** has been set on object 'Object Repository/WEB/BO FUSE/Page_VetScan FUSE - Backoffice/input_password'

2018-09-07 10:03:55 - [TEST_STEP][PASSED] - setText: Text 'agato@opentrends.net' is set on object 'Object Repository/WEB/BO FUSE/Page_VetScan FUSE - Backoffice/input_email'

2018-09-07 10:03:55 - [MESSAGE][PASSED] - Text 'agato@opentrends.net' is set on object 'Object Repository/WEB/BO FUSE/Page_VetScan FUSE - Backoffice/input_email'

2018-09-07 10:03:55 - [TEST_STEP][PASSED] - selectOptionByValue: All options with value '1' are selected in object 'Object Repository/WEB/BO FUSE/Page_VetScan FUSE - Backoffice/select_Abaxis AdminAbaxis EngA'  using regular expression

2018-09-07 10:03:56 - [MESSAGE][PASSED] - All options with value '1' are selected in object 'Object Repository/WEB/BO FUSE/Page_VetScan FUSE - Backoffice/select_Abaxis AdminAbaxis EngA'  using regular expression

2018-09-07 10:03:56 - [TEST_STEP][PASSED] - click: Object: 'Object Repository/WEB/BO FUSE/Page_VetScan FUSE - Backoffice/button_Save' is clicked on

2018-09-07 10:03:56 - [MESSAGE][PASSED] - Object: 'Object Repository/WEB/BO FUSE/Page_VetScan FUSE - Backoffice/button_Save' is clicked on

2018-09-07 10:03:56 - [TEST_STEP][NOT_RUN] - click: NOT_RUN: click

2018-09-07 10:03:56 - [MESSAGE][NOT_RUN] - NOT_RUN: click

2018-09-07 10:03:56 - [MESSAGE][PASSED] - Call Test Case 'Test Cases/Web/BO FUSE/Lib/CrearVeterinaria' successfully

2018-09-07 10:03:56 - [TEST_STEP][PASSED] - callTestCase: Call Test Case 'Test Cases/Web/BO FUSE/Lib/RemoveUser' successfully

2018-09-07 10:03:56 - [TEST_CASE][PASSED] - Test Cases/Web/BO FUSE/Lib/RemoveUser: Test Cases/Web/BO FUSE/Lib/RemoveUser

2018-09-07 10:03:56 - [TEST_STEP][NOT_RUN] - verifyElementText: NOT_RUN: verifyElementText

2018-09-07 10:03:56 - [MESSAGE][NOT_RUN] - NOT_RUN: verifyElementText

2018-09-07 10:03:56 - [TEST_STEP][NOT_RUN] - click: NOT_RUN: click

2018-09-07 10:03:56 - [MESSAGE][NOT_RUN] - NOT_RUN: click

2018-09-07 10:03:56 - [TEST_STEP][NOT_RUN] - click: NOT_RUN: click

2018-09-07 10:03:56 - [MESSAGE][NOT_RUN] - NOT_RUN: click

2018-09-07 10:03:56 - [TEST_STEP][NOT_RUN] - click: NOT_RUN: click

2018-09-07 10:03:56 - [MESSAGE][NOT_RUN] - NOT_RUN: click

2018-09-07 10:03:56 - [TEST_STEP][PASSED] - comment: Hay que mirar de hacer el remove user automatizado a

2018-09-07 10:03:56 - [MESSAGE][PASSED] - Call Test Case 'Test Cases/Web/BO FUSE/Lib/RemoveUser' successfully

2018-09-07 10:03:56 - [TEST_STEP][PASSED] - callTestCase: Call Test Case 'Test Cases/Web/BO FUSE/Lib/CloseBrowser' successfully

2018-09-07 10:03:56 - [TEST_CASE][PASSED] - Test Cases/Web/BO FUSE/Lib/CloseBrowser: Test Cases/Web/BO FUSE/Lib/CloseBrowser

2018-09-07 10:03:56 - [TEST_STEP][PASSED] - closeBrowser: Browser is closed

2018-09-07 10:03:56 - [MESSAGE][PASSED] - Browser is closed

2018-09-07 10:03:56 - [MESSAGE][PASSED] - Call Test Case 'Test Cases/Web/BO FUSE/Lib/CloseBrowser' successfully]]></system-out>
         <system-err><![CDATA[]]></system-err>
      </testcase>
      <testcase name="Test Cases/Web/FUSE/TC/TC_Navigation" classname="Test Cases/Web/FUSE/TC/TC_Navigation" status="PASSED">
         <system-out><![CDATA[2018-09-07 10:03:56 - [TEST_CASE][PASSED] - Test Cases/Web/FUSE/TC/TC_Navigation: Test Cases/Web/FUSE/TC/TC_Navigation

2018-09-07 10:03:56 - [TEST_STEP][PASSED] - callTestCase: Call Test Case 'Test Cases/Web/FUSE/Lib/OpenBrowser' successfully

2018-09-07 10:03:56 - [TEST_CASE][PASSED] - Test Cases/Web/FUSE/Lib/OpenBrowser: Test Cases/Web/FUSE/Lib/OpenBrowser

2018-09-07 10:03:56 - [TEST_STEP][PASSED] - openBrowser: Browser is opened with url: ''

2018-09-07 10:03:59 - [MESSAGE][PASSED] - Browser is opened with url: ''

2018-09-07 10:03:59 - [TEST_STEP][PASSED] - navigateToUrl: Navigate to 'http://192.168.1.201:8080/#/' successfully

2018-09-07 10:04:04 - [MESSAGE][PASSED] - Navigate to 'http://192.168.1.201:8080/#/' successfully

2018-09-07 10:04:04 - [TEST_STEP][PASSED] - callTestCase: Call Test Case 'Test Cases/Web/Delay' successfully

2018-09-07 10:04:04 - [TEST_CASE][PASSED] - Test Cases/Web/Delay: Test Cases/Web/Delay

2018-09-07 10:04:04 - [TEST_STEP][PASSED] - Statement - return null: null

2018-09-07 10:04:04 - [MESSAGE][PASSED] - Call Test Case 'Test Cases/Web/Delay' successfully

2018-09-07 10:04:04 - [MESSAGE][PASSED] - Call Test Case 'Test Cases/Web/FUSE/Lib/OpenBrowser' successfully

2018-09-07 10:04:04 - [TEST_STEP][PASSED] - callTestCase: Call Test Case 'Test Cases/Web/FUSE/Lib/LoginFUSE' successfully

2018-09-07 10:04:04 - [TEST_CASE][PASSED] - Test Cases/Web/FUSE/Lib/LoginFUSE: Test Cases/Web/FUSE/Lib/LoginFUSE

2018-09-07 10:04:04 - [TEST_STEP][PASSED] - click: Object: 'Object Repository/WEB/FUSE/WF1/Page_Abaxis VetScan Fuse/form_Login' is clicked on

2018-09-07 10:04:04 - [MESSAGE][PASSED] - Object: 'Object Repository/WEB/FUSE/WF1/Page_Abaxis VetScan Fuse/form_Login' is clicked on

2018-09-07 10:04:04 - [TEST_STEP][PASSED] - setText: Text 'admin' is set on object 'Object Repository/WEB/FUSE/WF1/Page_Abaxis VetScan Fuse/input_username'

2018-09-07 10:04:04 - [MESSAGE][PASSED] - Text 'admin' is set on object 'Object Repository/WEB/FUSE/WF1/Page_Abaxis VetScan Fuse/input_username'

2018-09-07 10:04:04 - [TEST_STEP][PASSED] - setEncryptedText: Text ****** has been set on object 'Object Repository/WEB/FUSE/WF1/Page_Abaxis VetScan Fuse/input_password'

2018-09-07 10:04:04 - [MESSAGE][PASSED] - Text ****** has been set on object 'Object Repository/WEB/FUSE/WF1/Page_Abaxis VetScan Fuse/input_password'

2018-09-07 10:04:04 - [TEST_STEP][PASSED] - click: Object: 'Object Repository/WEB/FUSE/WF1/Page_Abaxis VetScan Fuse/button_Login' is clicked on

2018-09-07 10:04:04 - [MESSAGE][PASSED] - Object: 'Object Repository/WEB/FUSE/WF1/Page_Abaxis VetScan Fuse/button_Login' is clicked on

2018-09-07 10:04:04 - [MESSAGE][PASSED] - Call Test Case 'Test Cases/Web/FUSE/Lib/LoginFUSE' successfully

2018-09-07 10:04:04 - [TEST_STEP][PASSED] - callTestCase: Call Test Case 'Test Cases/Web/FUSE/Lib/Menus/Devices_WF/Devices' successfully

2018-09-07 10:04:04 - [TEST_CASE][PASSED] - Test Cases/Web/FUSE/Lib/Menus/Devices_WF/Devices: Test Cases/Web/FUSE/Lib/Menus/Devices_WF/Devices

2018-09-07 10:04:05 - [TEST_STEP][PASSED] - click: Object: 'Object Repository/WEB/FUSE/WF1/Page_Abaxis VetScan Fuse/Page_Abaxis VetScan Fuse/a_Devices' is clicked on

2018-09-07 10:04:05 - [MESSAGE][PASSED] - Object: 'Object Repository/WEB/FUSE/WF1/Page_Abaxis VetScan Fuse/Page_Abaxis VetScan Fuse/a_Devices' is clicked on

2018-09-07 10:04:05 - [MESSAGE][PASSED] - Call Test Case 'Test Cases/Web/FUSE/Lib/Menus/Devices_WF/Devices' successfully

2018-09-07 10:04:05 - [TEST_STEP][PASSED] - callTestCase: Call Test Case 'Test Cases/Web/FUSE/Lib/Menus/NewTest_WF/NewTest' successfully

2018-09-07 10:04:05 - [TEST_CASE][PASSED] - Test Cases/Web/FUSE/Lib/Menus/NewTest_WF/NewTest: Test Cases/Web/FUSE/Lib/Menus/NewTest_WF/NewTest

2018-09-07 10:04:05 - [TEST_STEP][PASSED] - click: Object: 'Object Repository/WEB/FUSE/WF1/Page_Abaxis VetScan Fuse/Page_Abaxis VetScan Fuse/button_New Test' is clicked on

2018-09-07 10:04:05 - [MESSAGE][PASSED] - Object: 'Object Repository/WEB/FUSE/WF1/Page_Abaxis VetScan Fuse/Page_Abaxis VetScan Fuse/button_New Test' is clicked on

2018-09-07 10:04:05 - [MESSAGE][PASSED] - Call Test Case 'Test Cases/Web/FUSE/Lib/Menus/NewTest_WF/NewTest' successfully

2018-09-07 10:04:05 - [TEST_STEP][PASSED] - back: Navigate back successfully

2018-09-07 10:04:05 - [MESSAGE][PASSED] - Navigate back successfully

2018-09-07 10:04:05 - [TEST_STEP][PASSED] - callTestCase: Call Test Case 'Test Cases/Web/FUSE/Lib/Menus/Patients_WF/Patients' successfully

2018-09-07 10:04:05 - [TEST_CASE][PASSED] - Test Cases/Web/FUSE/Lib/Menus/Patients_WF/Patients: Test Cases/Web/FUSE/Lib/Menus/Patients_WF/Patients

2018-09-07 10:04:05 - [TEST_STEP][PASSED] - click: Object: 'Object Repository/WEB/FUSE/WF1/Page_Abaxis VetScan Fuse/Page_Abaxis VetScan Fuse/a_Patients' is clicked on

2018-09-07 10:04:05 - [MESSAGE][PASSED] - Object: 'Object Repository/WEB/FUSE/WF1/Page_Abaxis VetScan Fuse/Page_Abaxis VetScan Fuse/a_Patients' is clicked on

2018-09-07 10:04:05 - [MESSAGE][PASSED] - Call Test Case 'Test Cases/Web/FUSE/Lib/Menus/Patients_WF/Patients' successfully

2018-09-07 10:04:05 - [TEST_STEP][PASSED] - callTestCase: Call Test Case 'Test Cases/Web/FUSE/Lib/Menus/Settings_WF/Settings' successfully

2018-09-07 10:04:05 - [TEST_CASE][PASSED] - Test Cases/Web/FUSE/Lib/Menus/Settings_WF/Settings: Test Cases/Web/FUSE/Lib/Menus/Settings_WF/Settings

2018-09-07 10:04:06 - [TEST_STEP][PASSED] - click: Object: 'Object Repository/WEB/FUSE/WF1/Page_Abaxis VetScan Fuse/Page_Abaxis VetScan Fuse/a_Settings' is clicked on

2018-09-07 10:04:06 - [MESSAGE][PASSED] - Object: 'Object Repository/WEB/FUSE/WF1/Page_Abaxis VetScan Fuse/Page_Abaxis VetScan Fuse/a_Settings' is clicked on

2018-09-07 10:04:06 - [MESSAGE][PASSED] - Call Test Case 'Test Cases/Web/FUSE/Lib/Menus/Settings_WF/Settings' successfully

2018-09-07 10:04:06 - [TEST_STEP][PASSED] - callTestCase: Call Test Case 'Test Cases/Web/FUSE/Lib/Menus/Test_WF/Tests' successfully

2018-09-07 10:04:06 - [TEST_CASE][PASSED] - Test Cases/Web/FUSE/Lib/Menus/Test_WF/Tests: Test Cases/Web/FUSE/Lib/Menus/Test_WF/Tests

2018-09-07 10:04:06 - [TEST_STEP][PASSED] - click: Object: 'Object Repository/WEB/FUSE/WF1/Page_Abaxis VetScan Fuse/Page_Abaxis VetScan Fuse/a_Tests' is clicked on

2018-09-07 10:04:06 - [MESSAGE][PASSED] - Object: 'Object Repository/WEB/FUSE/WF1/Page_Abaxis VetScan Fuse/Page_Abaxis VetScan Fuse/a_Tests' is clicked on

2018-09-07 10:04:06 - [MESSAGE][PASSED] - Call Test Case 'Test Cases/Web/FUSE/Lib/Menus/Test_WF/Tests' successfully

2018-09-07 10:04:06 - [TEST_STEP][PASSED] - callTestCase: Call Test Case 'Test Cases/Web/FUSE/Lib/CloseBrowser' successfully

2018-09-07 10:04:06 - [TEST_CASE][PASSED] - Test Cases/Web/FUSE/Lib/CloseBrowser: Test Cases/Web/FUSE/Lib/CloseBrowser

2018-09-07 10:04:06 - [TEST_STEP][PASSED] - closeBrowser: Browser is closed

2018-09-07 10:04:07 - [MESSAGE][PASSED] - Browser is closed

2018-09-07 10:04:07 - [MESSAGE][PASSED] - Call Test Case 'Test Cases/Web/FUSE/Lib/CloseBrowser' successfully]]></system-out>
         <system-err><![CDATA[]]></system-err>
      </testcase>
      <testcase name="Test Cases/Web/FUSE/TC/TC_NewOwner" classname="Test Cases/Web/FUSE/TC/TC_NewOwner" status="FAILED">
         <failure type="FAILED" message="Unable to click on object 'Object Repository/WEB/FUSE/WF1/PatientsWF/Page_Abaxis VetScan Fuse/span_New Owner' (Root cause: com.kms.katalon.core.webui.exception.WebElementNotFoundException: Web element with id: 'Object Repository/WEB/FUSE/WF1/PatientsWF/Page_Abaxis VetScan Fuse/span_New Owner' located by 'By.xpath: //span[(text() = 'New Owner' or . = 'New Owner')]' not found)"/>
         <system-out><![CDATA[2018-09-07 10:04:07 - [TEST_CASE][FAILED] - Test Cases/Web/FUSE/TC/TC_NewOwner: Test Cases/Web/FUSE/TC/TC_NewOwner FAILED because (of) Unable to click on object 'Object Repository/WEB/FUSE/WF1/PatientsWF/Page_Abaxis VetScan Fuse/span_New Owner' (Root cause: com.kms.katalon.core.webui.exception.WebElementNotFoundException: Web element with id: 'Object Repository/WEB/FUSE/WF1/PatientsWF/Page_Abaxis VetScan Fuse/span_New Owner' located by 'By.xpath: //span[(text() = 'New Owner' or . = 'New Owner')]' not found)

2018-09-07 10:04:07 - [TEST_STEP][PASSED] - callTestCase: Call Test Case 'Test Cases/Web/FUSE/Lib/OpenBrowser' successfully

2018-09-07 10:04:07 - [TEST_CASE][PASSED] - Test Cases/Web/FUSE/Lib/OpenBrowser: Test Cases/Web/FUSE/Lib/OpenBrowser

2018-09-07 10:04:07 - [TEST_STEP][PASSED] - openBrowser: Browser is opened with url: ''

2018-09-07 10:04:09 - [MESSAGE][PASSED] - Browser is opened with url: ''

2018-09-07 10:04:09 - [TEST_STEP][PASSED] - navigateToUrl: Navigate to 'http://192.168.1.201:8080/#/' successfully

2018-09-07 10:04:13 - [MESSAGE][PASSED] - Navigate to 'http://192.168.1.201:8080/#/' successfully

2018-09-07 10:04:13 - [TEST_STEP][PASSED] - callTestCase: Call Test Case 'Test Cases/Web/Delay' successfully

2018-09-07 10:04:13 - [TEST_CASE][PASSED] - Test Cases/Web/Delay: Test Cases/Web/Delay

2018-09-07 10:04:13 - [TEST_STEP][PASSED] - Statement - return null: null

2018-09-07 10:04:13 - [MESSAGE][PASSED] - Call Test Case 'Test Cases/Web/Delay' successfully

2018-09-07 10:04:13 - [MESSAGE][PASSED] - Call Test Case 'Test Cases/Web/FUSE/Lib/OpenBrowser' successfully

2018-09-07 10:04:13 - [TEST_STEP][PASSED] - callTestCase: Call Test Case 'Test Cases/Web/FUSE/Lib/LoginFUSE' successfully

2018-09-07 10:04:13 - [TEST_CASE][PASSED] - Test Cases/Web/FUSE/Lib/LoginFUSE: Test Cases/Web/FUSE/Lib/LoginFUSE

2018-09-07 10:04:13 - [TEST_STEP][PASSED] - click: Object: 'Object Repository/WEB/FUSE/WF1/Page_Abaxis VetScan Fuse/form_Login' is clicked on

2018-09-07 10:04:13 - [MESSAGE][PASSED] - Object: 'Object Repository/WEB/FUSE/WF1/Page_Abaxis VetScan Fuse/form_Login' is clicked on

2018-09-07 10:04:13 - [TEST_STEP][PASSED] - setText: Text 'admin' is set on object 'Object Repository/WEB/FUSE/WF1/Page_Abaxis VetScan Fuse/input_username'

2018-09-07 10:04:13 - [MESSAGE][PASSED] - Text 'admin' is set on object 'Object Repository/WEB/FUSE/WF1/Page_Abaxis VetScan Fuse/input_username'

2018-09-07 10:04:13 - [TEST_STEP][PASSED] - setEncryptedText: Text ****** has been set on object 'Object Repository/WEB/FUSE/WF1/Page_Abaxis VetScan Fuse/input_password'

2018-09-07 10:04:13 - [MESSAGE][PASSED] - Text ****** has been set on object 'Object Repository/WEB/FUSE/WF1/Page_Abaxis VetScan Fuse/input_password'

2018-09-07 10:04:13 - [TEST_STEP][PASSED] - click: Object: 'Object Repository/WEB/FUSE/WF1/Page_Abaxis VetScan Fuse/button_Login' is clicked on

2018-09-07 10:04:14 - [MESSAGE][PASSED] - Object: 'Object Repository/WEB/FUSE/WF1/Page_Abaxis VetScan Fuse/button_Login' is clicked on

2018-09-07 10:04:14 - [MESSAGE][PASSED] - Call Test Case 'Test Cases/Web/FUSE/Lib/LoginFUSE' successfully

2018-09-07 10:04:14 - [TEST_STEP][FAILED] - callTestCase: Unable to call Test Case with id 'Test Cases/Web/FUSE/Lib/Menus/Patients_WF/NewOwner' (Root cause: Call Test Case 'Test Cases/Web/FUSE/Lib/Menus/Patients_WF/NewOwner' failed)

2018-09-07 10:04:14 - [TEST_CASE][FAILED] - Test Cases/Web/FUSE/Lib/Menus/Patients_WF/NewOwner: Test Cases/Web/FUSE/Lib/Menus/Patients_WF/NewOwner FAILED because (of) Unable to click on object 'Object Repository/WEB/FUSE/WF1/PatientsWF/Page_Abaxis VetScan Fuse/span_New Owner' (Root cause: com.kms.katalon.core.webui.exception.WebElementNotFoundException: Web element with id: 'Object Repository/WEB/FUSE/WF1/PatientsWF/Page_Abaxis VetScan Fuse/span_New Owner' located by 'By.xpath: //span[(text() = 'New Owner' or . = 'New Owner')]' not found)

2018-09-07 10:04:14 - [TEST_STEP][PASSED] - callTestCase: Call Test Case 'Test Cases/Web/FUSE/Lib/Menus/Patients_WF/Patients' successfully

2018-09-07 10:04:14 - [TEST_CASE][PASSED] - Test Cases/Web/FUSE/Lib/Menus/Patients_WF/Patients: Test Cases/Web/FUSE/Lib/Menus/Patients_WF/Patients

2018-09-07 10:04:14 - [TEST_STEP][PASSED] - click: Object: 'Object Repository/WEB/FUSE/WF1/Page_Abaxis VetScan Fuse/Page_Abaxis VetScan Fuse/a_Patients' is clicked on

2018-09-07 10:04:14 - [MESSAGE][PASSED] - Object: 'Object Repository/WEB/FUSE/WF1/Page_Abaxis VetScan Fuse/Page_Abaxis VetScan Fuse/a_Patients' is clicked on

2018-09-07 10:04:14 - [MESSAGE][PASSED] - Call Test Case 'Test Cases/Web/FUSE/Lib/Menus/Patients_WF/Patients' successfully

2018-09-07 10:04:14 - [TEST_STEP][PASSED] - click: Object: 'Object Repository/WEB/FUSE/WF1/PatientsWF/Page_Abaxis VetScan Fuse/a_sidebar__slider__arrowlink' is clicked on

2018-09-07 10:04:14 - [MESSAGE][PASSED] - Object: 'Object Repository/WEB/FUSE/WF1/PatientsWF/Page_Abaxis VetScan Fuse/a_sidebar__slider__arrowlink' is clicked on

2018-09-07 10:04:14 - [TEST_STEP][PASSED] - callTestCase: Call Test Case 'Test Cases/Web/Delay' successfully

2018-09-07 10:04:14 - [TEST_CASE][PASSED] - Test Cases/Web/Delay: Test Cases/Web/Delay

2018-09-07 10:04:14 - [TEST_STEP][PASSED] - Statement - return null: null

2018-09-07 10:04:14 - [MESSAGE][PASSED] - Call Test Case 'Test Cases/Web/Delay' successfully

2018-09-07 10:04:14 - [TEST_STEP][FAILED] - click: Unable to click on object 'Object Repository/WEB/FUSE/WF1/PatientsWF/Page_Abaxis VetScan Fuse/span_New Owner' (Root cause: com.kms.katalon.core.webui.exception.WebElementNotFoundException: Web element with id: 'Object Repository/WEB/FUSE/WF1/PatientsWF/Page_Abaxis VetScan Fuse/span_New Owner' located by 'By.xpath: //span[(text() = 'New Owner' or . = 'New Owner')]' not found)

2018-09-07 10:04:46 - [MESSAGE][FAILED] - Unable to click on object 'Object Repository/WEB/FUSE/WF1/PatientsWF/Page_Abaxis VetScan Fuse/span_New Owner' (Root cause: com.kms.katalon.core.webui.exception.WebElementNotFoundException: Web element with id: 'Object Repository/WEB/FUSE/WF1/PatientsWF/Page_Abaxis VetScan Fuse/span_New Owner' located by 'By.xpath: //span[(text() = 'New Owner' or . = 'New Owner')]' not found)
[[ATTACHMENT|C:\\Users\\Agato\\git\\Abaxis\\Reports\\TS_Web\\20180907_095648\\1536307486124.png]]

2018-09-07 10:04:46 - [MESSAGE][FAILED] - Unable to call Test Case with id 'Test Cases/Web/FUSE/Lib/Menus/Patients_WF/NewOwner' (Root cause: Call Test Case 'Test Cases/Web/FUSE/Lib/Menus/Patients_WF/NewOwner' failed)]]></system-out>
         <system-err><![CDATA[2018-09-07 10:04:07 - [TEST_CASE][FAILED] - Test Cases/Web/FUSE/TC/TC_NewOwner: Test Cases/Web/FUSE/TC/TC_NewOwner FAILED because (of) Unable to click on object 'Object Repository/WEB/FUSE/WF1/PatientsWF/Page_Abaxis VetScan Fuse/span_New Owner' (Root cause: com.kms.katalon.core.webui.exception.WebElementNotFoundException: Web element with id: 'Object Repository/WEB/FUSE/WF1/PatientsWF/Page_Abaxis VetScan Fuse/span_New Owner' located by 'By.xpath: //span[(text() = 'New Owner' or . = 'New Owner')]' not found)]]></system-err>
      </testcase>
      <system-out><![CDATA[2018-09-07 10:03:29 - [TEST_SUITE][FAILED] - TS_Web: Test Cases/Web/FUSE/TC/TC_NewOwner FAILED because (of) Unable to click on object 'Object Repository/WEB/FUSE/WF1/PatientsWF/Page_Abaxis VetScan Fuse/span_New Owner' (Root cause: com.kms.katalon.core.webui.exception.WebElementNotFoundException: Web element with id: 'Object Repository/WEB/FUSE/WF1/PatientsWF/Page_Abaxis VetScan Fuse/span_New Owner' located by 'By.xpath: //span[(text() = 'New Owner' or . = 'New Owner')]' not found)]]></system-out>
      <system-err><![CDATA[2018-09-07 10:03:29 - [TEST_SUITE][FAILED] - TS_Web: Test Cases/Web/FUSE/TC/TC_NewOwner FAILED because (of) Unable to click on object 'Object Repository/WEB/FUSE/WF1/PatientsWF/Page_Abaxis VetScan Fuse/span_New Owner' (Root cause: com.kms.katalon.core.webui.exception.WebElementNotFoundException: Web element with id: 'Object Repository/WEB/FUSE/WF1/PatientsWF/Page_Abaxis VetScan Fuse/span_New Owner' located by 'By.xpath: //span[(text() = 'New Owner' or . = 'New Owner')]' not found)]]></system-err>
   </testsuite>
</testsuites>
