<?xml version="1.0" encoding="UTF-8"?>
<testsuites name="TS_Web" time="47" tests="1" failures="4" errors="0">
   <testsuite name="TS_Web" tests="1" failures="4" errors="0" time="47" timestamp="2018-09-12 09:08:33" hostname="Agato - 192.168.1.3" id="Test Suites/TS_Web">
      <properties>
         <property name="deviceName" value=""/>
         <property name="devicePlatform" value=""/>
         <property name="logFolder" value="C:\\Users\\Agato\\git\\Abaxis\\Reports\\TS_Web\\20180912_090831"/>
         <property name="logFiles" value="C:\\Users\\Agato\\git\\Abaxis\\Reports\\TS_Web\\20180912_090831\\execution0.log"/>
         <property name="attachments" value=""/>
         <property name="hostName" value="Agato - 192.168.1.3"/>
         <property name="os" value="Windows 10 64bit"/>
         <property name="katalonVersion" value="5.6.3.1"/>
         <property name="browser" value="Firefox 61.0"/>
         <property name="hostAddress" value="192.168.1.3"/>
         <property name="sessionId" value="86978735-6e49-42a5-9cf2-fcb4d6348435"/>
         <property name="seleniumVersion" value="3.7.1"/>
         <property name="proxyInformation" value="ProxyInformation{proxyOption=NO_PROXY, proxyServerType=HTTP, password=, proxyServerAddress=, proxyServerPort=0}"/>
         <property name="platform" value="Windows 10"/>
      </properties>
      <testcase name="Test Cases/Web/BO FUSE/TC/TC_Login" classname="Test Cases/Web/BO FUSE/TC/TC_Login" status="PASSED">
         <system-out><![CDATA[2018-09-12 09:08:33 - [TEST_CASE][PASSED] - Test Cases/Web/BO FUSE/TC/TC_Login: Test Cases/Web/BO FUSE/TC/TC_Login

2018-09-12 09:08:34 - [TEST_STEP][PASSED] - callTestCase: Call Test Case 'Test Cases/Web/BO FUSE/Lib/OpenBrowser' successfully

2018-09-12 09:08:34 - [TEST_CASE][PASSED] - Test Cases/Web/BO FUSE/Lib/OpenBrowser: Test Cases/Web/BO FUSE/Lib/OpenBrowser

2018-09-12 09:08:34 - [TEST_STEP][PASSED] - openBrowser: Browser is opened with url: ''

2018-09-12 09:08:37 - [MESSAGE][PASSED] - Browser is opened with url: ''

2018-09-12 09:08:37 - [TEST_STEP][PASSED] - navigateToUrl: Navigate to 'https://fuseint-public.opentrends.net/vetscan-fuse/login.do;jsessionid=CD400AB63E662264D13AEC8ED7B72AE4' successfully

2018-09-12 09:08:42 - [MESSAGE][PASSED] - Navigate to 'https://fuseint-public.opentrends.net/vetscan-fuse/login.do;jsessionid=CD400AB63E662264D13AEC8ED7B72AE4' successfully

2018-09-12 09:08:42 - [TEST_STEP][PASSED] - callTestCase: Call Test Case 'Test Cases/Web/Delay' successfully

2018-09-12 09:08:42 - [TEST_CASE][PASSED] - Test Cases/Web/Delay: Test Cases/Web/Delay

2018-09-12 09:08:43 - [TEST_STEP][PASSED] - Statement - return null: null

2018-09-12 09:08:43 - [MESSAGE][PASSED] - Call Test Case 'Test Cases/Web/Delay' successfully

2018-09-12 09:08:43 - [MESSAGE][PASSED] - Call Test Case 'Test Cases/Web/BO FUSE/Lib/OpenBrowser' successfully

2018-09-12 09:08:43 - [TEST_STEP][PASSED] - callTestCase: Call Test Case 'Test Cases/Web/BO FUSE/Lib/Login' successfully

2018-09-12 09:08:43 - [TEST_CASE][PASSED] - Test Cases/Web/BO FUSE/Lib/Login: Test Cases/Web/BO FUSE/Lib/Login

2018-09-12 09:08:43 - [TEST_STEP][PASSED] - setText: Text 'admin' is set on object 'Object Repository/WEB/BO FUSE/Page_VetScan FUSE - Backoffice/input_j_username'

2018-09-12 09:08:43 - [MESSAGE][PASSED] - Text 'admin' is set on object 'Object Repository/WEB/BO FUSE/Page_VetScan FUSE - Backoffice/input_j_username'

2018-09-12 09:08:43 - [TEST_STEP][PASSED] - setEncryptedText: Text ****** has been set on object 'Object Repository/WEB/BO FUSE/Page_VetScan FUSE - Backoffice/input_j_password'

2018-09-12 09:08:43 - [MESSAGE][PASSED] - Text ****** has been set on object 'Object Repository/WEB/BO FUSE/Page_VetScan FUSE - Backoffice/input_j_password'

2018-09-12 09:08:43 - [TEST_STEP][PASSED] - click: Object: 'Object Repository/WEB/BO FUSE/Page_VetScan FUSE - Backoffice/div_LOG IN' is clicked on

2018-09-12 09:08:45 - [MESSAGE][PASSED] - Object: 'Object Repository/WEB/BO FUSE/Page_VetScan FUSE - Backoffice/div_LOG IN' is clicked on

2018-09-12 09:08:45 - [MESSAGE][PASSED] - Call Test Case 'Test Cases/Web/BO FUSE/Lib/Login' successfully

2018-09-12 09:08:45 - [TEST_STEP][PASSED] - callTestCase: Call Test Case 'Test Cases/Web/BO FUSE/Lib/CloseBrowser' successfully

2018-09-12 09:08:45 - [TEST_CASE][PASSED] - Test Cases/Web/BO FUSE/Lib/CloseBrowser: Test Cases/Web/BO FUSE/Lib/CloseBrowser

2018-09-12 09:08:45 - [TEST_STEP][PASSED] - closeBrowser: Browser is closed

2018-09-12 09:08:45 - [MESSAGE][PASSED] - Browser is closed

2018-09-12 09:08:45 - [MESSAGE][PASSED] - Call Test Case 'Test Cases/Web/BO FUSE/Lib/CloseBrowser' successfully]]></system-out>
         <system-err><![CDATA[]]></system-err>
      </testcase>
      <testcase name="Test Cases/Web/FUSE/TC/TC_LoginFUSE" classname="Test Cases/Web/FUSE/TC/TC_LoginFUSE" status="FAILED">
         <failure type="FAILED" message="Unable to click on object 'Object Repository/WEB/FUSE/WF1/Page_Abaxis VetScan Fuse/form_Login' (Root cause: org.openqa.selenium.WebDriverException: Failed to decode response from marionette
Build info: version: '3.7.1', revision: '8a0099a', time: '2017-11-06T21:07:36.161Z'
System info: host: 'PC251', ip: '192.168.1.3', os.name: 'Windows 10', os.arch: 'amd64', os.version: '10.0', java.version: '1.8.0_102'
Driver info: com.kms.katalon.core.webui.driver.firefox.CGeckoDriver
Capabilities {acceptInsecureCerts: true, browserName: firefox, browserVersion: 61.0.2, javascriptEnabled: true, moz:accessibilityChecks: false, moz:headless: false, moz:processID: 7016, moz:profile: C:\Users\Agato\AppData\Loca..., moz:useNonSpecCompliantPointerOrigin: false, moz:webdriverClick: true, pageLoadStrategy: normal, platform: XP, platformName: XP, platformVersion: 10.0, proxy: Proxy(direct), rotatable: false, timeouts: {implicit: 0, pageLoad: 300000, script: 30000}}
Session ID: ebc3dba8-6254-43c7-b283-233df7b8602d
*** Element info: {Using=xpath, value=//form[@name = 'login.form' and (text() = 'Login ' or . = 'Login ')]})"/>
         <system-out><![CDATA[2018-09-12 09:08:45 - [TEST_CASE][FAILED] - Test Cases/Web/FUSE/TC/TC_LoginFUSE: Test Cases/Web/FUSE/TC/TC_LoginFUSE FAILED because (of) Unable to click on object 'Object Repository/WEB/FUSE/WF1/Page_Abaxis VetScan Fuse/form_Login' (Root cause: org.openqa.selenium.WebDriverException: Failed to decode response from marionette
Build info: version: '3.7.1', revision: '8a0099a', time: '2017-11-06T21:07:36.161Z'
System info: host: 'PC251', ip: '192.168.1.3', os.name: 'Windows 10', os.arch: 'amd64', os.version: '10.0', java.version: '1.8.0_102'
Driver info: com.kms.katalon.core.webui.driver.firefox.CGeckoDriver
Capabilities {acceptInsecureCerts: true, browserName: firefox, browserVersion: 61.0.2, javascriptEnabled: true, moz:accessibilityChecks: false, moz:headless: false, moz:processID: 7016, moz:profile: C:\Users\Agato\AppData\Loca..., moz:useNonSpecCompliantPointerOrigin: false, moz:webdriverClick: true, pageLoadStrategy: normal, platform: XP, platformName: XP, platformVersion: 10.0, proxy: Proxy(direct), rotatable: false, timeouts: {implicit: 0, pageLoad: 300000, script: 30000}}
Session ID: ebc3dba8-6254-43c7-b283-233df7b8602d
*** Element info: {Using=xpath, value=//form[@name = 'login.form' and (text() = 'Login ' or . = 'Login ')]})

2018-09-12 09:08:45 - [TEST_STEP][PASSED] - callTestCase: Call Test Case 'Test Cases/Web/FUSE/Lib/OpenBrowser' successfully

2018-09-12 09:08:45 - [TEST_CASE][PASSED] - Test Cases/Web/FUSE/Lib/OpenBrowser: Test Cases/Web/FUSE/Lib/OpenBrowser

2018-09-12 09:08:45 - [TEST_STEP][PASSED] - openBrowser: Browser is opened with url: ''

2018-09-12 09:08:48 - [MESSAGE][PASSED] - Browser is opened with url: ''

2018-09-12 09:08:48 - [TEST_STEP][PASSED] - navigateToUrl: Navigate to 'http://192.168.1.201:8080/#/' successfully

2018-09-12 09:09:01 - [MESSAGE][PASSED] - Navigate to 'http://192.168.1.201:8080/#/' successfully

2018-09-12 09:09:01 - [TEST_STEP][PASSED] - callTestCase: Call Test Case 'Test Cases/Web/Delay' successfully

2018-09-12 09:09:01 - [TEST_CASE][PASSED] - Test Cases/Web/Delay: Test Cases/Web/Delay

2018-09-12 09:09:01 - [TEST_STEP][PASSED] - Statement - return null: null

2018-09-12 09:09:01 - [MESSAGE][PASSED] - Call Test Case 'Test Cases/Web/Delay' successfully

2018-09-12 09:09:01 - [MESSAGE][PASSED] - Call Test Case 'Test Cases/Web/FUSE/Lib/OpenBrowser' successfully

2018-09-12 09:09:01 - [TEST_STEP][FAILED] - callTestCase: Unable to call Test Case with id 'Test Cases/Web/FUSE/Lib/LoginFUSE' (Root cause: Call Test Case 'Test Cases/Web/FUSE/Lib/LoginFUSE' failed)

2018-09-12 09:09:01 - [TEST_CASE][FAILED] - Test Cases/Web/FUSE/Lib/LoginFUSE: Test Cases/Web/FUSE/Lib/LoginFUSE FAILED because (of) Unable to click on object 'Object Repository/WEB/FUSE/WF1/Page_Abaxis VetScan Fuse/form_Login' (Root cause: org.openqa.selenium.WebDriverException: Failed to decode response from marionette
Build info: version: '3.7.1', revision: '8a0099a', time: '2017-11-06T21:07:36.161Z'
System info: host: 'PC251', ip: '192.168.1.3', os.name: 'Windows 10', os.arch: 'amd64', os.version: '10.0', java.version: '1.8.0_102'
Driver info: com.kms.katalon.core.webui.driver.firefox.CGeckoDriver
Capabilities {acceptInsecureCerts: true, browserName: firefox, browserVersion: 61.0.2, javascriptEnabled: true, moz:accessibilityChecks: false, moz:headless: false, moz:processID: 7016, moz:profile: C:\Users\Agato\AppData\Loca..., moz:useNonSpecCompliantPointerOrigin: false, moz:webdriverClick: true, pageLoadStrategy: normal, platform: XP, platformName: XP, platformVersion: 10.0, proxy: Proxy(direct), rotatable: false, timeouts: {implicit: 0, pageLoad: 300000, script: 30000}}
Session ID: ebc3dba8-6254-43c7-b283-233df7b8602d
*** Element info: {Using=xpath, value=//form[@name = 'login.form' and (text() = 'Login ' or . = 'Login ')]})

2018-09-12 09:09:02 - [TEST_STEP][FAILED] - click: Unable to click on object 'Object Repository/WEB/FUSE/WF1/Page_Abaxis VetScan Fuse/form_Login' (Root cause: org.openqa.selenium.WebDriverException: Failed to decode response from marionette
Build info: version: '3.7.1', revision: '8a0099a', time: '2017-11-06T21:07:36.161Z'
System info: host: 'PC251', ip: '192.168.1.3', os.name: 'Windows 10', os.arch: 'amd64', os.version: '10.0', java.version: '1.8.0_102'
Driver info: com.kms.katalon.core.webui.driver.firefox.CGeckoDriver
Capabilities {acceptInsecureCerts: true, browserName: firefox, browserVersion: 61.0.2, javascriptEnabled: true, moz:accessibilityChecks: false, moz:headless: false, moz:processID: 7016, moz:profile: C:\Users\Agato\AppData\Loca..., moz:useNonSpecCompliantPointerOrigin: false, moz:webdriverClick: true, pageLoadStrategy: normal, platform: XP, platformName: XP, platformVersion: 10.0, proxy: Proxy(direct), rotatable: false, timeouts: {implicit: 0, pageLoad: 300000, script: 30000}}
Session ID: ebc3dba8-6254-43c7-b283-233df7b8602d
*** Element info: {Using=xpath, value=//form[@name = 'login.form' and (text() = 'Login ' or . = 'Login ')]})

2018-09-12 09:09:02 - [MESSAGE][WARNING] - Cannot take screenshot

2018-09-12 09:09:02 - [MESSAGE][FAILED] - Unable to click on object 'Object Repository/WEB/FUSE/WF1/Page_Abaxis VetScan Fuse/form_Login' (Root cause: org.openqa.selenium.WebDriverException: Failed to decode response from marionette
Build info: version: '3.7.1', revision: '8a0099a', time: '2017-11-06T21:07:36.161Z'
System info: host: 'PC251', ip: '192.168.1.3', os.name: 'Windows 10', os.arch: 'amd64', os.version: '10.0', java.version: '1.8.0_102'
Driver info: com.kms.katalon.core.webui.driver.firefox.CGeckoDriver
Capabilities {acceptInsecureCerts: true, browserName: firefox, browserVersion: 61.0.2, javascriptEnabled: true, moz:accessibilityChecks: false, moz:headless: false, moz:processID: 7016, moz:profile: C:\Users\Agato\AppData\Loca..., moz:useNonSpecCompliantPointerOrigin: false, moz:webdriverClick: true, pageLoadStrategy: normal, platform: XP, platformName: XP, platformVersion: 10.0, proxy: Proxy(direct), rotatable: false, timeouts: {implicit: 0, pageLoad: 300000, script: 30000}}
Session ID: ebc3dba8-6254-43c7-b283-233df7b8602d
*** Element info: {Using=xpath, value=//form[@name = 'login.form' and (text() = 'Login ' or . = 'Login ')]})

2018-09-12 09:09:02 - [MESSAGE][FAILED] - Unable to call Test Case with id 'Test Cases/Web/FUSE/Lib/LoginFUSE' (Root cause: Call Test Case 'Test Cases/Web/FUSE/Lib/LoginFUSE' failed)]]></system-out>
         <system-err><![CDATA[2018-09-12 09:08:45 - [TEST_CASE][FAILED] - Test Cases/Web/FUSE/TC/TC_LoginFUSE: Test Cases/Web/FUSE/TC/TC_LoginFUSE FAILED because (of) Unable to click on object 'Object Repository/WEB/FUSE/WF1/Page_Abaxis VetScan Fuse/form_Login' (Root cause: org.openqa.selenium.WebDriverException: Failed to decode response from marionette
Build info: version: '3.7.1', revision: '8a0099a', time: '2017-11-06T21:07:36.161Z'
System info: host: 'PC251', ip: '192.168.1.3', os.name: 'Windows 10', os.arch: 'amd64', os.version: '10.0', java.version: '1.8.0_102'
Driver info: com.kms.katalon.core.webui.driver.firefox.CGeckoDriver
Capabilities {acceptInsecureCerts: true, browserName: firefox, browserVersion: 61.0.2, javascriptEnabled: true, moz:accessibilityChecks: false, moz:headless: false, moz:processID: 7016, moz:profile: C:\Users\Agato\AppData\Loca..., moz:useNonSpecCompliantPointerOrigin: false, moz:webdriverClick: true, pageLoadStrategy: normal, platform: XP, platformName: XP, platformVersion: 10.0, proxy: Proxy(direct), rotatable: false, timeouts: {implicit: 0, pageLoad: 300000, script: 30000}}
Session ID: ebc3dba8-6254-43c7-b283-233df7b8602d
*** Element info: {Using=xpath, value=//form[@name = 'login.form' and (text() = 'Login ' or . = 'Login ')]})]]></system-err>
      </testcase>
      <testcase name="Test Cases/Web/BO FUSE/TC/TC_Users" classname="Test Cases/Web/BO FUSE/TC/TC_Users" status="FAILED">
         <failure type="FAILED" message="Unable to open browser with url: '' (Root cause: org.openqa.selenium.SessionNotCreatedException: Tried to run command without establishing a connection
Build info: version: '3.7.1', revision: '8a0099a', time: '2017-11-06T21:07:36.161Z'
System info: host: 'PC251', ip: '192.168.1.3', os.name: 'Windows 10', os.arch: 'amd64', os.version: '10.0', java.version: '1.8.0_102'
Driver info: com.kms.katalon.core.webui.driver.firefox.CGeckoDriver
Capabilities {acceptInsecureCerts: true, browserName: firefox, browserVersion: 61.0.2, javascriptEnabled: true, moz:accessibilityChecks: false, moz:headless: false, moz:processID: 7016, moz:profile: C:\Users\Agato\AppData\Loca..., moz:useNonSpecCompliantPointerOrigin: false, moz:webdriverClick: true, pageLoadStrategy: normal, platform: XP, platformName: XP, platformVersion: 10.0, proxy: Proxy(direct), rotatable: false, timeouts: {implicit: 0, pageLoad: 300000, script: 30000}}
Session ID: ebc3dba8-6254-43c7-b283-233df7b8602d)"/>
         <system-out><![CDATA[2018-09-12 09:09:02 - [TEST_CASE][FAILED] - Test Cases/Web/BO FUSE/TC/TC_Users: Test Cases/Web/BO FUSE/TC/TC_Users FAILED because (of) Unable to open browser with url: '' (Root cause: org.openqa.selenium.SessionNotCreatedException: Tried to run command without establishing a connection
Build info: version: '3.7.1', revision: '8a0099a', time: '2017-11-06T21:07:36.161Z'
System info: host: 'PC251', ip: '192.168.1.3', os.name: 'Windows 10', os.arch: 'amd64', os.version: '10.0', java.version: '1.8.0_102'
Driver info: com.kms.katalon.core.webui.driver.firefox.CGeckoDriver
Capabilities {acceptInsecureCerts: true, browserName: firefox, browserVersion: 61.0.2, javascriptEnabled: true, moz:accessibilityChecks: false, moz:headless: false, moz:processID: 7016, moz:profile: C:\Users\Agato\AppData\Loca..., moz:useNonSpecCompliantPointerOrigin: false, moz:webdriverClick: true, pageLoadStrategy: normal, platform: XP, platformName: XP, platformVersion: 10.0, proxy: Proxy(direct), rotatable: false, timeouts: {implicit: 0, pageLoad: 300000, script: 30000}}
Session ID: ebc3dba8-6254-43c7-b283-233df7b8602d)

2018-09-12 09:09:02 - [TEST_STEP][FAILED] - callTestCase: Unable to call Test Case with id 'Test Cases/Web/BO FUSE/Lib/OpenBrowser' (Root cause: Call Test Case 'Test Cases/Web/BO FUSE/Lib/OpenBrowser' failed)

2018-09-12 09:09:02 - [TEST_CASE][FAILED] - Test Cases/Web/BO FUSE/Lib/OpenBrowser: Test Cases/Web/BO FUSE/Lib/OpenBrowser FAILED because (of) Unable to open browser with url: '' (Root cause: org.openqa.selenium.SessionNotCreatedException: Tried to run command without establishing a connection
Build info: version: '3.7.1', revision: '8a0099a', time: '2017-11-06T21:07:36.161Z'
System info: host: 'PC251', ip: '192.168.1.3', os.name: 'Windows 10', os.arch: 'amd64', os.version: '10.0', java.version: '1.8.0_102'
Driver info: com.kms.katalon.core.webui.driver.firefox.CGeckoDriver
Capabilities {acceptInsecureCerts: true, browserName: firefox, browserVersion: 61.0.2, javascriptEnabled: true, moz:accessibilityChecks: false, moz:headless: false, moz:processID: 7016, moz:profile: C:\Users\Agato\AppData\Loca..., moz:useNonSpecCompliantPointerOrigin: false, moz:webdriverClick: true, pageLoadStrategy: normal, platform: XP, platformName: XP, platformVersion: 10.0, proxy: Proxy(direct), rotatable: false, timeouts: {implicit: 0, pageLoad: 300000, script: 30000}}
Session ID: ebc3dba8-6254-43c7-b283-233df7b8602d)

2018-09-12 09:09:02 - [TEST_STEP][FAILED] - openBrowser: Unable to open browser with url: '' (Root cause: org.openqa.selenium.SessionNotCreatedException: Tried to run command without establishing a connection
Build info: version: '3.7.1', revision: '8a0099a', time: '2017-11-06T21:07:36.161Z'
System info: host: 'PC251', ip: '192.168.1.3', os.name: 'Windows 10', os.arch: 'amd64', os.version: '10.0', java.version: '1.8.0_102'
Driver info: com.kms.katalon.core.webui.driver.firefox.CGeckoDriver
Capabilities {acceptInsecureCerts: true, browserName: firefox, browserVersion: 61.0.2, javascriptEnabled: true, moz:accessibilityChecks: false, moz:headless: false, moz:processID: 7016, moz:profile: C:\Users\Agato\AppData\Loca..., moz:useNonSpecCompliantPointerOrigin: false, moz:webdriverClick: true, pageLoadStrategy: normal, platform: XP, platformName: XP, platformVersion: 10.0, proxy: Proxy(direct), rotatable: false, timeouts: {implicit: 0, pageLoad: 300000, script: 30000}}
Session ID: ebc3dba8-6254-43c7-b283-233df7b8602d)

2018-09-12 09:09:02 - [MESSAGE][WARNING] - A browser is already opened. Closing browser and opening a new one

2018-09-12 09:09:02 - [MESSAGE][FAILED] - Unable to open browser with url: '' (Root cause: org.openqa.selenium.SessionNotCreatedException: Tried to run command without establishing a connection
Build info: version: '3.7.1', revision: '8a0099a', time: '2017-11-06T21:07:36.161Z'
System info: host: 'PC251', ip: '192.168.1.3', os.name: 'Windows 10', os.arch: 'amd64', os.version: '10.0', java.version: '1.8.0_102'
Driver info: com.kms.katalon.core.webui.driver.firefox.CGeckoDriver
Capabilities {acceptInsecureCerts: true, browserName: firefox, browserVersion: 61.0.2, javascriptEnabled: true, moz:accessibilityChecks: false, moz:headless: false, moz:processID: 7016, moz:profile: C:\Users\Agato\AppData\Loca..., moz:useNonSpecCompliantPointerOrigin: false, moz:webdriverClick: true, pageLoadStrategy: normal, platform: XP, platformName: XP, platformVersion: 10.0, proxy: Proxy(direct), rotatable: false, timeouts: {implicit: 0, pageLoad: 300000, script: 30000}}
Session ID: ebc3dba8-6254-43c7-b283-233df7b8602d)

2018-09-12 09:09:02 - [MESSAGE][FAILED] - Unable to call Test Case with id 'Test Cases/Web/BO FUSE/Lib/OpenBrowser' (Root cause: Call Test Case 'Test Cases/Web/BO FUSE/Lib/OpenBrowser' failed)]]></system-out>
         <system-err><![CDATA[2018-09-12 09:09:02 - [TEST_CASE][FAILED] - Test Cases/Web/BO FUSE/TC/TC_Users: Test Cases/Web/BO FUSE/TC/TC_Users FAILED because (of) Unable to open browser with url: '' (Root cause: org.openqa.selenium.SessionNotCreatedException: Tried to run command without establishing a connection
Build info: version: '3.7.1', revision: '8a0099a', time: '2017-11-06T21:07:36.161Z'
System info: host: 'PC251', ip: '192.168.1.3', os.name: 'Windows 10', os.arch: 'amd64', os.version: '10.0', java.version: '1.8.0_102'
Driver info: com.kms.katalon.core.webui.driver.firefox.CGeckoDriver
Capabilities {acceptInsecureCerts: true, browserName: firefox, browserVersion: 61.0.2, javascriptEnabled: true, moz:accessibilityChecks: false, moz:headless: false, moz:processID: 7016, moz:profile: C:\Users\Agato\AppData\Loca..., moz:useNonSpecCompliantPointerOrigin: false, moz:webdriverClick: true, pageLoadStrategy: normal, platform: XP, platformName: XP, platformVersion: 10.0, proxy: Proxy(direct), rotatable: false, timeouts: {implicit: 0, pageLoad: 300000, script: 30000}}
Session ID: ebc3dba8-6254-43c7-b283-233df7b8602d)]]></system-err>
      </testcase>
      <testcase name="Test Cases/Web/FUSE/TC/TC_Navigation" classname="Test Cases/Web/FUSE/TC/TC_Navigation" status="FAILED">
         <failure type="FAILED" message="Unable to click on object 'Object Repository/WEB/FUSE/WF1/Page_Abaxis VetScan Fuse/form_Login' (Root cause: org.openqa.selenium.WebDriverException: Failed to decode response from marionette
Build info: version: '3.7.1', revision: '8a0099a', time: '2017-11-06T21:07:36.161Z'
System info: host: 'PC251', ip: '192.168.1.3', os.name: 'Windows 10', os.arch: 'amd64', os.version: '10.0', java.version: '1.8.0_102'
Driver info: com.kms.katalon.core.webui.driver.firefox.CGeckoDriver
Capabilities {acceptInsecureCerts: true, browserName: firefox, browserVersion: 61.0.2, javascriptEnabled: true, moz:accessibilityChecks: false, moz:headless: false, moz:processID: 2444, moz:profile: C:\Users\Agato\AppData\Loca..., moz:useNonSpecCompliantPointerOrigin: false, moz:webdriverClick: true, pageLoadStrategy: normal, platform: XP, platformName: XP, platformVersion: 10.0, proxy: Proxy(direct), rotatable: false, timeouts: {implicit: 0, pageLoad: 300000, script: 30000}}
Session ID: 86978735-6e49-42a5-9cf2-fcb4d6348435
*** Element info: {Using=xpath, value=//form[@name = 'login.form' and (text() = 'Login ' or . = 'Login ')]})"/>
         <system-out><![CDATA[2018-09-12 09:09:02 - [TEST_CASE][FAILED] - Test Cases/Web/FUSE/TC/TC_Navigation: Test Cases/Web/FUSE/TC/TC_Navigation FAILED because (of) Unable to click on object 'Object Repository/WEB/FUSE/WF1/Page_Abaxis VetScan Fuse/form_Login' (Root cause: org.openqa.selenium.WebDriverException: Failed to decode response from marionette
Build info: version: '3.7.1', revision: '8a0099a', time: '2017-11-06T21:07:36.161Z'
System info: host: 'PC251', ip: '192.168.1.3', os.name: 'Windows 10', os.arch: 'amd64', os.version: '10.0', java.version: '1.8.0_102'
Driver info: com.kms.katalon.core.webui.driver.firefox.CGeckoDriver
Capabilities {acceptInsecureCerts: true, browserName: firefox, browserVersion: 61.0.2, javascriptEnabled: true, moz:accessibilityChecks: false, moz:headless: false, moz:processID: 2444, moz:profile: C:\Users\Agato\AppData\Loca..., moz:useNonSpecCompliantPointerOrigin: false, moz:webdriverClick: true, pageLoadStrategy: normal, platform: XP, platformName: XP, platformVersion: 10.0, proxy: Proxy(direct), rotatable: false, timeouts: {implicit: 0, pageLoad: 300000, script: 30000}}
Session ID: 86978735-6e49-42a5-9cf2-fcb4d6348435
*** Element info: {Using=xpath, value=//form[@name = 'login.form' and (text() = 'Login ' or . = 'Login ')]})

2018-09-12 09:09:02 - [TEST_STEP][PASSED] - callTestCase: Call Test Case 'Test Cases/Web/FUSE/Lib/OpenBrowser' successfully

2018-09-12 09:09:02 - [TEST_CASE][PASSED] - Test Cases/Web/FUSE/Lib/OpenBrowser: Test Cases/Web/FUSE/Lib/OpenBrowser

2018-09-12 09:09:02 - [TEST_STEP][PASSED] - openBrowser: Browser is opened with url: ''

2018-09-12 09:09:05 - [MESSAGE][PASSED] - Browser is opened with url: ''

2018-09-12 09:09:05 - [TEST_STEP][PASSED] - navigateToUrl: Navigate to 'http://192.168.1.201:8080/#/' successfully

2018-09-12 09:09:20 - [MESSAGE][PASSED] - Navigate to 'http://192.168.1.201:8080/#/' successfully

2018-09-12 09:09:20 - [TEST_STEP][PASSED] - callTestCase: Call Test Case 'Test Cases/Web/Delay' successfully

2018-09-12 09:09:20 - [TEST_CASE][PASSED] - Test Cases/Web/Delay: Test Cases/Web/Delay

2018-09-12 09:09:20 - [TEST_STEP][PASSED] - Statement - return null: null

2018-09-12 09:09:20 - [MESSAGE][PASSED] - Call Test Case 'Test Cases/Web/Delay' successfully

2018-09-12 09:09:20 - [MESSAGE][PASSED] - Call Test Case 'Test Cases/Web/FUSE/Lib/OpenBrowser' successfully

2018-09-12 09:09:20 - [TEST_STEP][FAILED] - callTestCase: Unable to call Test Case with id 'Test Cases/Web/FUSE/Lib/LoginFUSE' (Root cause: Call Test Case 'Test Cases/Web/FUSE/Lib/LoginFUSE' failed)

2018-09-12 09:09:21 - [TEST_CASE][FAILED] - Test Cases/Web/FUSE/Lib/LoginFUSE: Test Cases/Web/FUSE/Lib/LoginFUSE FAILED because (of) Unable to click on object 'Object Repository/WEB/FUSE/WF1/Page_Abaxis VetScan Fuse/form_Login' (Root cause: org.openqa.selenium.WebDriverException: Failed to decode response from marionette
Build info: version: '3.7.1', revision: '8a0099a', time: '2017-11-06T21:07:36.161Z'
System info: host: 'PC251', ip: '192.168.1.3', os.name: 'Windows 10', os.arch: 'amd64', os.version: '10.0', java.version: '1.8.0_102'
Driver info: com.kms.katalon.core.webui.driver.firefox.CGeckoDriver
Capabilities {acceptInsecureCerts: true, browserName: firefox, browserVersion: 61.0.2, javascriptEnabled: true, moz:accessibilityChecks: false, moz:headless: false, moz:processID: 2444, moz:profile: C:\Users\Agato\AppData\Loca..., moz:useNonSpecCompliantPointerOrigin: false, moz:webdriverClick: true, pageLoadStrategy: normal, platform: XP, platformName: XP, platformVersion: 10.0, proxy: Proxy(direct), rotatable: false, timeouts: {implicit: 0, pageLoad: 300000, script: 30000}}
Session ID: 86978735-6e49-42a5-9cf2-fcb4d6348435
*** Element info: {Using=xpath, value=//form[@name = 'login.form' and (text() = 'Login ' or . = 'Login ')]})

2018-09-12 09:09:21 - [TEST_STEP][FAILED] - click: Unable to click on object 'Object Repository/WEB/FUSE/WF1/Page_Abaxis VetScan Fuse/form_Login' (Root cause: org.openqa.selenium.WebDriverException: Failed to decode response from marionette
Build info: version: '3.7.1', revision: '8a0099a', time: '2017-11-06T21:07:36.161Z'
System info: host: 'PC251', ip: '192.168.1.3', os.name: 'Windows 10', os.arch: 'amd64', os.version: '10.0', java.version: '1.8.0_102'
Driver info: com.kms.katalon.core.webui.driver.firefox.CGeckoDriver
Capabilities {acceptInsecureCerts: true, browserName: firefox, browserVersion: 61.0.2, javascriptEnabled: true, moz:accessibilityChecks: false, moz:headless: false, moz:processID: 2444, moz:profile: C:\Users\Agato\AppData\Loca..., moz:useNonSpecCompliantPointerOrigin: false, moz:webdriverClick: true, pageLoadStrategy: normal, platform: XP, platformName: XP, platformVersion: 10.0, proxy: Proxy(direct), rotatable: false, timeouts: {implicit: 0, pageLoad: 300000, script: 30000}}
Session ID: 86978735-6e49-42a5-9cf2-fcb4d6348435
*** Element info: {Using=xpath, value=//form[@name = 'login.form' and (text() = 'Login ' or . = 'Login ')]})

2018-09-12 09:09:21 - [MESSAGE][WARNING] - Cannot take screenshot

2018-09-12 09:09:21 - [MESSAGE][FAILED] - Unable to click on object 'Object Repository/WEB/FUSE/WF1/Page_Abaxis VetScan Fuse/form_Login' (Root cause: org.openqa.selenium.WebDriverException: Failed to decode response from marionette
Build info: version: '3.7.1', revision: '8a0099a', time: '2017-11-06T21:07:36.161Z'
System info: host: 'PC251', ip: '192.168.1.3', os.name: 'Windows 10', os.arch: 'amd64', os.version: '10.0', java.version: '1.8.0_102'
Driver info: com.kms.katalon.core.webui.driver.firefox.CGeckoDriver
Capabilities {acceptInsecureCerts: true, browserName: firefox, browserVersion: 61.0.2, javascriptEnabled: true, moz:accessibilityChecks: false, moz:headless: false, moz:processID: 2444, moz:profile: C:\Users\Agato\AppData\Loca..., moz:useNonSpecCompliantPointerOrigin: false, moz:webdriverClick: true, pageLoadStrategy: normal, platform: XP, platformName: XP, platformVersion: 10.0, proxy: Proxy(direct), rotatable: false, timeouts: {implicit: 0, pageLoad: 300000, script: 30000}}
Session ID: 86978735-6e49-42a5-9cf2-fcb4d6348435
*** Element info: {Using=xpath, value=//form[@name = 'login.form' and (text() = 'Login ' or . = 'Login ')]})

2018-09-12 09:09:21 - [MESSAGE][FAILED] - Unable to call Test Case with id 'Test Cases/Web/FUSE/Lib/LoginFUSE' (Root cause: Call Test Case 'Test Cases/Web/FUSE/Lib/LoginFUSE' failed)]]></system-out>
         <system-err><![CDATA[2018-09-12 09:09:02 - [TEST_CASE][FAILED] - Test Cases/Web/FUSE/TC/TC_Navigation: Test Cases/Web/FUSE/TC/TC_Navigation FAILED because (of) Unable to click on object 'Object Repository/WEB/FUSE/WF1/Page_Abaxis VetScan Fuse/form_Login' (Root cause: org.openqa.selenium.WebDriverException: Failed to decode response from marionette
Build info: version: '3.7.1', revision: '8a0099a', time: '2017-11-06T21:07:36.161Z'
System info: host: 'PC251', ip: '192.168.1.3', os.name: 'Windows 10', os.arch: 'amd64', os.version: '10.0', java.version: '1.8.0_102'
Driver info: com.kms.katalon.core.webui.driver.firefox.CGeckoDriver
Capabilities {acceptInsecureCerts: true, browserName: firefox, browserVersion: 61.0.2, javascriptEnabled: true, moz:accessibilityChecks: false, moz:headless: false, moz:processID: 2444, moz:profile: C:\Users\Agato\AppData\Loca..., moz:useNonSpecCompliantPointerOrigin: false, moz:webdriverClick: true, pageLoadStrategy: normal, platform: XP, platformName: XP, platformVersion: 10.0, proxy: Proxy(direct), rotatable: false, timeouts: {implicit: 0, pageLoad: 300000, script: 30000}}
Session ID: 86978735-6e49-42a5-9cf2-fcb4d6348435
*** Element info: {Using=xpath, value=//form[@name = 'login.form' and (text() = 'Login ' or . = 'Login ')]})]]></system-err>
      </testcase>
      <testcase name="Test Cases/Web/FUSE/TC/TC_NewOwner" classname="Test Cases/Web/FUSE/TC/TC_NewOwner" status="FAILED">
         <failure type="FAILED" message="Unable to open browser with url: '' (Root cause: org.openqa.selenium.SessionNotCreatedException: Tried to run command without establishing a connection
Build info: version: '3.7.1', revision: '8a0099a', time: '2017-11-06T21:07:36.161Z'
System info: host: 'PC251', ip: '192.168.1.3', os.name: 'Windows 10', os.arch: 'amd64', os.version: '10.0', java.version: '1.8.0_102'
Driver info: com.kms.katalon.core.webui.driver.firefox.CGeckoDriver
Capabilities {acceptInsecureCerts: true, browserName: firefox, browserVersion: 61.0.2, javascriptEnabled: true, moz:accessibilityChecks: false, moz:headless: false, moz:processID: 2444, moz:profile: C:\Users\Agato\AppData\Loca..., moz:useNonSpecCompliantPointerOrigin: false, moz:webdriverClick: true, pageLoadStrategy: normal, platform: XP, platformName: XP, platformVersion: 10.0, proxy: Proxy(direct), rotatable: false, timeouts: {implicit: 0, pageLoad: 300000, script: 30000}}
Session ID: 86978735-6e49-42a5-9cf2-fcb4d6348435)"/>
         <system-out><![CDATA[2018-09-12 09:09:21 - [TEST_CASE][FAILED] - Test Cases/Web/FUSE/TC/TC_NewOwner: Test Cases/Web/FUSE/TC/TC_NewOwner FAILED because (of) Unable to open browser with url: '' (Root cause: org.openqa.selenium.SessionNotCreatedException: Tried to run command without establishing a connection
Build info: version: '3.7.1', revision: '8a0099a', time: '2017-11-06T21:07:36.161Z'
System info: host: 'PC251', ip: '192.168.1.3', os.name: 'Windows 10', os.arch: 'amd64', os.version: '10.0', java.version: '1.8.0_102'
Driver info: com.kms.katalon.core.webui.driver.firefox.CGeckoDriver
Capabilities {acceptInsecureCerts: true, browserName: firefox, browserVersion: 61.0.2, javascriptEnabled: true, moz:accessibilityChecks: false, moz:headless: false, moz:processID: 2444, moz:profile: C:\Users\Agato\AppData\Loca..., moz:useNonSpecCompliantPointerOrigin: false, moz:webdriverClick: true, pageLoadStrategy: normal, platform: XP, platformName: XP, platformVersion: 10.0, proxy: Proxy(direct), rotatable: false, timeouts: {implicit: 0, pageLoad: 300000, script: 30000}}
Session ID: 86978735-6e49-42a5-9cf2-fcb4d6348435)

2018-09-12 09:09:21 - [TEST_STEP][FAILED] - callTestCase: Unable to call Test Case with id 'Test Cases/Web/FUSE/Lib/OpenBrowser' (Root cause: Call Test Case 'Test Cases/Web/FUSE/Lib/OpenBrowser' failed)

2018-09-12 09:09:21 - [TEST_CASE][FAILED] - Test Cases/Web/FUSE/Lib/OpenBrowser: Test Cases/Web/FUSE/Lib/OpenBrowser FAILED because (of) Unable to open browser with url: '' (Root cause: org.openqa.selenium.SessionNotCreatedException: Tried to run command without establishing a connection
Build info: version: '3.7.1', revision: '8a0099a', time: '2017-11-06T21:07:36.161Z'
System info: host: 'PC251', ip: '192.168.1.3', os.name: 'Windows 10', os.arch: 'amd64', os.version: '10.0', java.version: '1.8.0_102'
Driver info: com.kms.katalon.core.webui.driver.firefox.CGeckoDriver
Capabilities {acceptInsecureCerts: true, browserName: firefox, browserVersion: 61.0.2, javascriptEnabled: true, moz:accessibilityChecks: false, moz:headless: false, moz:processID: 2444, moz:profile: C:\Users\Agato\AppData\Loca..., moz:useNonSpecCompliantPointerOrigin: false, moz:webdriverClick: true, pageLoadStrategy: normal, platform: XP, platformName: XP, platformVersion: 10.0, proxy: Proxy(direct), rotatable: false, timeouts: {implicit: 0, pageLoad: 300000, script: 30000}}
Session ID: 86978735-6e49-42a5-9cf2-fcb4d6348435)

2018-09-12 09:09:21 - [TEST_STEP][FAILED] - openBrowser: Unable to open browser with url: '' (Root cause: org.openqa.selenium.SessionNotCreatedException: Tried to run command without establishing a connection
Build info: version: '3.7.1', revision: '8a0099a', time: '2017-11-06T21:07:36.161Z'
System info: host: 'PC251', ip: '192.168.1.3', os.name: 'Windows 10', os.arch: 'amd64', os.version: '10.0', java.version: '1.8.0_102'
Driver info: com.kms.katalon.core.webui.driver.firefox.CGeckoDriver
Capabilities {acceptInsecureCerts: true, browserName: firefox, browserVersion: 61.0.2, javascriptEnabled: true, moz:accessibilityChecks: false, moz:headless: false, moz:processID: 2444, moz:profile: C:\Users\Agato\AppData\Loca..., moz:useNonSpecCompliantPointerOrigin: false, moz:webdriverClick: true, pageLoadStrategy: normal, platform: XP, platformName: XP, platformVersion: 10.0, proxy: Proxy(direct), rotatable: false, timeouts: {implicit: 0, pageLoad: 300000, script: 30000}}
Session ID: 86978735-6e49-42a5-9cf2-fcb4d6348435)

2018-09-12 09:09:21 - [MESSAGE][WARNING] - A browser is already opened. Closing browser and opening a new one

2018-09-12 09:09:21 - [MESSAGE][FAILED] - Unable to open browser with url: '' (Root cause: org.openqa.selenium.SessionNotCreatedException: Tried to run command without establishing a connection
Build info: version: '3.7.1', revision: '8a0099a', time: '2017-11-06T21:07:36.161Z'
System info: host: 'PC251', ip: '192.168.1.3', os.name: 'Windows 10', os.arch: 'amd64', os.version: '10.0', java.version: '1.8.0_102'
Driver info: com.kms.katalon.core.webui.driver.firefox.CGeckoDriver
Capabilities {acceptInsecureCerts: true, browserName: firefox, browserVersion: 61.0.2, javascriptEnabled: true, moz:accessibilityChecks: false, moz:headless: false, moz:processID: 2444, moz:profile: C:\Users\Agato\AppData\Loca..., moz:useNonSpecCompliantPointerOrigin: false, moz:webdriverClick: true, pageLoadStrategy: normal, platform: XP, platformName: XP, platformVersion: 10.0, proxy: Proxy(direct), rotatable: false, timeouts: {implicit: 0, pageLoad: 300000, script: 30000}}
Session ID: 86978735-6e49-42a5-9cf2-fcb4d6348435)

2018-09-12 09:09:21 - [MESSAGE][FAILED] - Unable to call Test Case with id 'Test Cases/Web/FUSE/Lib/OpenBrowser' (Root cause: Call Test Case 'Test Cases/Web/FUSE/Lib/OpenBrowser' failed)]]></system-out>
         <system-err><![CDATA[2018-09-12 09:09:21 - [TEST_CASE][FAILED] - Test Cases/Web/FUSE/TC/TC_NewOwner: Test Cases/Web/FUSE/TC/TC_NewOwner FAILED because (of) Unable to open browser with url: '' (Root cause: org.openqa.selenium.SessionNotCreatedException: Tried to run command without establishing a connection
Build info: version: '3.7.1', revision: '8a0099a', time: '2017-11-06T21:07:36.161Z'
System info: host: 'PC251', ip: '192.168.1.3', os.name: 'Windows 10', os.arch: 'amd64', os.version: '10.0', java.version: '1.8.0_102'
Driver info: com.kms.katalon.core.webui.driver.firefox.CGeckoDriver
Capabilities {acceptInsecureCerts: true, browserName: firefox, browserVersion: 61.0.2, javascriptEnabled: true, moz:accessibilityChecks: false, moz:headless: false, moz:processID: 2444, moz:profile: C:\Users\Agato\AppData\Loca..., moz:useNonSpecCompliantPointerOrigin: false, moz:webdriverClick: true, pageLoadStrategy: normal, platform: XP, platformName: XP, platformVersion: 10.0, proxy: Proxy(direct), rotatable: false, timeouts: {implicit: 0, pageLoad: 300000, script: 30000}}
Session ID: 86978735-6e49-42a5-9cf2-fcb4d6348435)]]></system-err>
      </testcase>
      <system-out><![CDATA[2018-09-12 09:08:33 - [TEST_SUITE][FAILED] - TS_Web: Test Cases/Web/FUSE/TC/TC_LoginFUSE FAILED because (of) Unable to click on object 'Object Repository/WEB/FUSE/WF1/Page_Abaxis VetScan Fuse/form_Login' (Root cause: org.openqa.selenium.WebDriverException: Failed to decode response from marionette
Build info: version: '3.7.1', revision: '8a0099a', time: '2017-11-06T21:07:36.161Z'
System info: host: 'PC251', ip: '192.168.1.3', os.name: 'Windows 10', os.arch: 'amd64', os.version: '10.0', java.version: '1.8.0_102'
Driver info: com.kms.katalon.core.webui.driver.firefox.CGeckoDriver
Capabilities {acceptInsecureCerts: true, browserName: firefox, browserVersion: 61.0.2, javascriptEnabled: true, moz:accessibilityChecks: false, moz:headless: false, moz:processID: 7016, moz:profile: C:\Users\Agato\AppData\Loca..., moz:useNonSpecCompliantPointerOrigin: false, moz:webdriverClick: true, pageLoadStrategy: normal, platform: XP, platformName: XP, platformVersion: 10.0, proxy: Proxy(direct), rotatable: false, timeouts: {implicit: 0, pageLoad: 300000, script: 30000}}
Session ID: ebc3dba8-6254-43c7-b283-233df7b8602d
*** Element info: {Using=xpath, value=//form[@name = 'login.form' and (text() = 'Login ' or . = 'Login ')]})]]></system-out>
      <system-err><![CDATA[2018-09-12 09:08:33 - [TEST_SUITE][FAILED] - TS_Web: Test Cases/Web/FUSE/TC/TC_LoginFUSE FAILED because (of) Unable to click on object 'Object Repository/WEB/FUSE/WF1/Page_Abaxis VetScan Fuse/form_Login' (Root cause: org.openqa.selenium.WebDriverException: Failed to decode response from marionette
Build info: version: '3.7.1', revision: '8a0099a', time: '2017-11-06T21:07:36.161Z'
System info: host: 'PC251', ip: '192.168.1.3', os.name: 'Windows 10', os.arch: 'amd64', os.version: '10.0', java.version: '1.8.0_102'
Driver info: com.kms.katalon.core.webui.driver.firefox.CGeckoDriver
Capabilities {acceptInsecureCerts: true, browserName: firefox, browserVersion: 61.0.2, javascriptEnabled: true, moz:accessibilityChecks: false, moz:headless: false, moz:processID: 7016, moz:profile: C:\Users\Agato\AppData\Loca..., moz:useNonSpecCompliantPointerOrigin: false, moz:webdriverClick: true, pageLoadStrategy: normal, platform: XP, platformName: XP, platformVersion: 10.0, proxy: Proxy(direct), rotatable: false, timeouts: {implicit: 0, pageLoad: 300000, script: 30000}}
Session ID: ebc3dba8-6254-43c7-b283-233df7b8602d
*** Element info: {Using=xpath, value=//form[@name = 'login.form' and (text() = 'Login ' or . = 'Login ')]})]]></system-err>
   </testsuite>
</testsuites>
